2023-10-11 07:50:16,919 [INFO] Activator:176 - 


2023-10-11 07:50:16,935 [INFO] Activator:177 - !SESSION log4j initialized
2023-10-11 07:50:28,090 [INFO] LogOutputStream:77 - [STDOUT_REDIRECT] 
2023-10-11 07:50:31,658 [INFO] ApplicationProperties:184 - Using Application install path: C:\ST\STM32CubeIDE_1.12.0\STM32CubeIDE\plugins\com.st.stm32cube.common.mx_6.9.1.202307191849
2023-10-11 07:50:31,706 [INFO] DbMcusXml:78 - Set database path to: C:\ST\STM32CubeIDE_1.12.0\STM32CubeIDE\plugins\com.st.stm32cube.common.mx_6.9.1.202307191849\\db\/mcu/
2023-10-11 07:50:31,708 [INFO] ApiDb:274 - Set plugin database path to: C:\ST\STM32CubeIDE_1.12.0\STM32CubeIDE\plugins\com.st.stm32cube.common.mx_6.9.1.202307191849\\db\/plugins/boardmanager/
2023-10-11 07:50:31,709 [WARN] ApiDb:259 - Overriding images path with different value:  => C:\ST\STM32CubeIDE_1.12.0\STM32CubeIDE\plugins\com.st.stm32cube.common.mx_6.9.1.202307191849\\db\/plugins/mcufinder/images/
2023-10-11 07:50:31,749 [INFO] ApiDb:250 - Set database path to: C:\Users\win 10\.stmcufinder\plugins\mcufinder//mcu/
2023-10-11 07:50:31,751 [INFO] DbMcusAds:125 - Set database path to: C:\Users\win 10\.stmcufinder\plugins\mcufinder//mcu/
2023-10-11 07:50:31,757 [INFO] CrossReferenceDbSqlite:203 - Set database path to: C:\Users\win 10\.stmcufinder\plugins\mcufinder//mcu/cs/
2023-10-11 07:50:32,063 [INFO] RulesReader:64 - Compatibility file has been processed (293 Rules)
2023-10-11 07:50:32,269 [INFO] DbMcusXml:78 - Set database path to: C:\ST\STM32CubeIDE_1.12.0\STM32CubeIDE\plugins\com.st.stm32cube.common.mx_6.9.1.202307191849\\db\/mcu/
2023-10-11 07:50:32,270 [INFO] ApiDb:274 - Set plugin database path to: C:\ST\STM32CubeIDE_1.12.0\STM32CubeIDE\plugins\com.st.stm32cube.common.mx_6.9.1.202307191849\\db\/plugins/boardmanager/
2023-10-11 07:50:32,270 [INFO] ApiDb:261 - Set plugin images path to: C:\ST\STM32CubeIDE_1.12.0\STM32CubeIDE\plugins\com.st.stm32cube.common.mx_6.9.1.202307191849\\db\/plugins/mcufinder/images/
2023-10-11 07:50:32,271 [WARN] DbFile:41 - Overriding database path with different value: C:\Users\win 10\.stmcufinder\plugins\mcufinder/ => C:\Users\win 10\.stmcufinder\plugins\mcufinder
2023-10-11 07:50:32,271 [INFO] ApiDb:250 - Set database path to: C:\Users\win 10\.stmcufinder\plugins\mcufinder//mcu/
2023-10-11 07:50:32,271 [WARN] DbFile:41 - Overriding database path with different value: C:\Users\win 10\.stmcufinder\plugins\mcufinder/ => C:\Users\win 10\.stmcufinder\plugins\mcufinder
2023-10-11 07:50:32,272 [INFO] DbMcusAds:125 - Set database path to: C:\Users\win 10\.stmcufinder\plugins\mcufinder//mcu/
2023-10-11 07:50:32,272 [WARN] DbFile:41 - Overriding database path with different value: C:\Users\win 10\.stmcufinder\plugins\mcufinder/ => C:\Users\win 10\.stmcufinder\plugins\mcufinder
2023-10-11 07:50:32,272 [WARN] DbFile:41 - Overriding database path with different value: C:\Users\win 10\.stmcufinder\plugins\mcufinder/ => C:\Users\win 10\.stmcufinder\plugins\mcufinder
2023-10-11 07:50:32,273 [INFO] CrossReferenceDbSqlite:203 - Set database path to: C:\Users\win 10\.stmcufinder\plugins\mcufinder//mcu/cs/
2023-10-11 07:50:32,497 [INFO] MainPanel:262 - HeapMemory: 268435456
2023-10-11 07:50:32,747 [INFO] DbMcusXml:78 - Set database path to: C:\ST\STM32CubeIDE_1.12.0\STM32CubeIDE\plugins\com.st.stm32cube.common.mx_6.9.1.202307191849\\db\/mcu/
2023-10-11 07:50:32,747 [INFO] ApiDb:274 - Set plugin database path to: C:\ST\STM32CubeIDE_1.12.0\STM32CubeIDE\plugins\com.st.stm32cube.common.mx_6.9.1.202307191849\\db\/plugins/boardmanager/
2023-10-11 07:50:32,748 [INFO] ApiDb:261 - Set plugin images path to: C:\ST\STM32CubeIDE_1.12.0\STM32CubeIDE\plugins\com.st.stm32cube.common.mx_6.9.1.202307191849\\db\/plugins/mcufinder/images/
2023-10-11 07:50:32,749 [WARN] DbFile:41 - Overriding database path with different value: C:\Users\win 10\.stmcufinder\plugins\mcufinder/ => C:\Users\win 10\.stmcufinder\plugins\mcufinder
2023-10-11 07:50:32,749 [INFO] ApiDb:250 - Set database path to: C:\Users\win 10\.stmcufinder\plugins\mcufinder//mcu/
2023-10-11 07:50:32,749 [WARN] DbFile:41 - Overriding database path with different value: C:\Users\win 10\.stmcufinder\plugins\mcufinder/ => C:\Users\win 10\.stmcufinder\plugins\mcufinder
2023-10-11 07:50:32,749 [INFO] DbMcusAds:125 - Set database path to: C:\Users\win 10\.stmcufinder\plugins\mcufinder//mcu/
2023-10-11 07:50:32,749 [WARN] DbFile:41 - Overriding database path with different value: C:\Users\win 10\.stmcufinder\plugins\mcufinder/ => C:\Users\win 10\.stmcufinder\plugins\mcufinder
2023-10-11 07:50:32,750 [WARN] DbFile:41 - Overriding database path with different value: C:\Users\win 10\.stmcufinder\plugins\mcufinder/ => C:\Users\win 10\.stmcufinder\plugins\mcufinder
2023-10-11 07:50:32,750 [INFO] CrossReferenceDbSqlite:203 - Set database path to: C:\Users\win 10\.stmcufinder\plugins\mcufinder//mcu/cs/
2023-10-11 07:50:32,792 [INFO] ApplicationProperties:184 - Using Application install path: C:\ST\STM32CubeIDE_1.12.0\STM32CubeIDE\plugins\com.st.stm32cube.common.mx_6.9.1.202307191849
2023-10-11 07:50:32,796 [INFO] PluginManage:196 - Search for loadable plugins [exclusion list=, ]
2023-10-11 07:50:32,798 [INFO] PluginManage:310 - Check plugin analytics
2023-10-11 07:50:33,371 [INFO] AnalyticsPlugin:253 - Accepted Software Licenses: STM32CubeMX.6.5.0,STM32CubeMX.6.9.1
2023-10-11 07:50:33,371 [INFO] AnalyticsPlugin:255 - Accepted CMSIS Pack Licenses: 
2023-10-11 07:50:33,372 [INFO] AnalyticsPlugin:257 - Accepted Firmware Licenses: 
2023-10-11 07:50:33,381 [INFO] PluginManage:359 - Loaded plugin analytics (category:tool,tabindex:-1)
2023-10-11 07:50:33,381 [INFO] PluginManage:310 - Check plugin cadmodel
2023-10-11 07:50:33,411 [INFO] CADModel:105 - Init CAD model plugin
2023-10-11 07:50:33,411 [INFO] PluginManage:359 - Loaded plugin cadmodel (category:power,tabindex:5)
2023-10-11 07:50:33,412 [INFO] PluginManage:310 - Check plugin clock
2023-10-11 07:50:33,459 [INFO] PluginManage:359 - Loaded plugin clock (category:base,tabindex:2)
2023-10-11 07:50:33,460 [INFO] PluginManage:310 - Check plugin ddr
2023-10-11 07:50:33,465 [INFO] PluginManage:359 - Loaded plugin ddr (category:tool,tabindex:6)
2023-10-11 07:50:33,466 [INFO] PluginManage:310 - Check plugin filemanager
2023-10-11 07:50:33,737 [INFO] PluginManage:359 - Loaded plugin filemanager (category:base,tabindex:10)
2023-10-11 07:50:33,737 [INFO] PluginManage:310 - Check plugin ipmanager
2023-10-11 07:50:33,749 [INFO] PluginManage:359 - Loaded plugin ipmanager (category:base,tabindex:5)
2023-10-11 07:50:33,749 [INFO] PluginManage:310 - Check plugin lpbam
2023-10-11 07:50:33,776 [INFO] PluginManage:359 - Loaded plugin lpbam (category:base,tabindex:0)
2023-10-11 07:50:33,777 [INFO] PluginManage:310 - Check plugin memorymap
2023-10-11 07:50:33,814 [INFO] PluginManage:359 - Loaded plugin memorymap (category:base,tabindex:4)
2023-10-11 07:50:33,814 [INFO] PluginManage:310 - Check plugin pinoutandconfiguration
2023-10-11 07:50:33,838 [INFO] PluginManage:359 - Loaded plugin pinoutandconfiguration (category:base,tabindex:1)
2023-10-11 07:50:33,838 [INFO] PluginManage:310 - Check plugin pinoutconfig
2023-10-11 07:50:34,057 [WARN] SupportedApi:132 - Cannot load RTOS API schema: s4s-elt-must-match.1: The content of 'definitions' must match (annotation?, (simpleType | complexType)?, (unique | key | keyref)*)). A problem was found starting at: attribute.
2023-10-11 07:50:34,489 [INFO] PluginManage:359 - Loaded plugin pinoutconfig (category:base,tabindex:0)
2023-10-11 07:50:34,489 [INFO] PluginManage:310 - Check plugin power
2023-10-11 07:50:34,534 [INFO] PluginManage:359 - Loaded plugin power (category:power,tabindex:4)
2023-10-11 07:50:34,534 [INFO] PluginManage:310 - Check plugin projectmanager
2023-10-11 07:50:34,567 [INFO] PluginManage:359 - Loaded plugin projectmanager (category:projectmanager,tabindex:3)
2023-10-11 07:50:34,568 [INFO] PluginManage:310 - Check plugin thirdparty
2023-10-11 07:50:35,199 [INFO] PluginManage:359 - Loaded plugin thirdparty (category:base,tabindex:-1)
2023-10-11 07:50:35,199 [WARN] IntegrityCheckThread:84 - waiting for thirdparty lock release [integrity check]
2023-10-11 07:50:35,200 [INFO] PluginManage:310 - Check plugin tools
2023-10-11 07:50:35,200 [INFO] IntegrityCheckThread:86 - entering critical section [integrity check]
2023-10-11 07:50:35,201 [INFO] ThirdPartyUpdaterWithRetryManager:70 - Updater plugin not ready yet. [1/15]
2023-10-11 07:50:35,294 [INFO] PluginManage:359 - Loaded plugin tools (category:base,tabindex:7)
2023-10-11 07:50:35,295 [INFO] PluginManage:310 - Check plugin tutovideos
2023-10-11 07:50:35,818 [INFO] PluginManage:359 - Loaded plugin tutovideos (category:base,tabindex:-1)
2023-10-11 07:50:35,818 [INFO] PluginManage:310 - Check plugin updater
2023-10-11 07:50:35,855 [INFO] PluginManage:359 - Loaded plugin updater (category:base,tabindex:12)
2023-10-11 07:50:35,855 [INFO] PluginManage:310 - Check plugin userauth
2023-10-11 07:50:35,867 [INFO] UserAuth:113 - Init User Auth plugin
2023-10-11 07:50:35,868 [INFO] PluginManage:359 - Loaded plugin userauth (category:base,tabindex:14)
2023-10-11 07:50:35,869 [INFO] PluginManage:283 - PluginManage : Loaded plugins [17]
2023-10-11 07:50:36,481 [INFO] PinOutPanel:1499 - setPackage(No Configuration,No Configuration)
2023-10-11 07:50:36,752 [INFO] CADModel:165 - CPN selected for project level
2023-10-11 07:50:36,753 [INFO] CADModel:114 - Register for checkConnection events
2023-10-11 07:50:36,811 [INFO] IPUIPlugin:80 - create IPUIPlugin
2023-10-11 07:50:36,812 [INFO] PluginManager:220 - loadIPPluginJar : add adc
2023-10-11 07:50:36,893 [INFO] IPUIPlugin:80 - create IPUIPlugin
2023-10-11 07:50:36,894 [INFO] PluginManager:220 - loadIPPluginJar : add aes
2023-10-11 07:50:36,983 [INFO] IPUIPlugin:80 - create IPUIPlugin
2023-10-11 07:50:36,984 [INFO] PluginManager:220 - loadIPPluginJar : add can
2023-10-11 07:50:37,033 [INFO] IPUIPlugin:80 - create IPUIPlugin
2023-10-11 07:50:37,033 [INFO] PluginManager:220 - loadIPPluginJar : add comp
2023-10-11 07:50:37,111 [INFO] IPUIPlugin:80 - create IPUIPlugin
2023-10-11 07:50:37,112 [INFO] PluginManager:220 - loadIPPluginJar : add cryp
2023-10-11 07:50:37,185 [INFO] IPUIPlugin:80 - create IPUIPlugin
2023-10-11 07:50:37,186 [INFO] PluginManager:220 - loadIPPluginJar : add dfsdm
2023-10-11 07:50:37,219 [INFO] IPUIPlugin:80 - create IPUIPlugin
2023-10-11 07:50:37,221 [INFO] PluginManager:220 - loadIPPluginJar : add dma
2023-10-11 07:50:37,327 [INFO] IPUIPlugin:80 - create IPUIPlugin
2023-10-11 07:50:37,327 [INFO] PluginManager:220 - loadIPPluginJar : add dma3
2023-10-11 07:50:37,368 [INFO] IPUIPlugin:80 - create IPUIPlugin
2023-10-11 07:50:37,368 [INFO] PluginManager:220 - loadIPPluginJar : add fatfs
2023-10-11 07:50:37,462 [INFO] IPUIPlugin:80 - create IPUIPlugin
2023-10-11 07:50:37,462 [INFO] PluginManager:220 - loadIPPluginJar : add fmc
2023-10-11 07:50:37,487 [INFO] IPUIPlugin:80 - create IPUIPlugin
2023-10-11 07:50:37,488 [INFO] PluginManager:220 - loadIPPluginJar : add freertos
2023-10-11 07:50:37,537 [INFO] IPUIPlugin:80 - create IPUIPlugin
2023-10-11 07:50:37,537 [INFO] PluginManager:220 - loadIPPluginJar : add genericplugin
2023-10-11 07:50:37,748 [INFO] IPUIPlugin:80 - create IPUIPlugin
2023-10-11 07:50:37,749 [INFO] PluginManager:220 - loadIPPluginJar : add gfxmmu
2023-10-11 07:50:38,010 [INFO] IPUIPlugin:80 - create IPUIPlugin
2023-10-11 07:50:38,010 [INFO] PluginManager:220 - loadIPPluginJar : add gic
2023-10-11 07:50:38,039 [INFO] IPUIPlugin:80 - create IPUIPlugin
2023-10-11 07:50:38,040 [INFO] PluginManager:220 - loadIPPluginJar : add gpio
2023-10-11 07:50:38,200 [INFO] IPUIPlugin:80 - create IPUIPlugin
2023-10-11 07:50:38,200 [INFO] PluginManager:220 - loadIPPluginJar : add gtzc
2023-10-11 07:50:38,201 [INFO] ThirdPartyUpdaterWithRetryManager:70 - Updater plugin not ready yet. [2/15]
2023-10-11 07:50:38,256 [INFO] IPUIPlugin:80 - create IPUIPlugin
2023-10-11 07:50:38,256 [INFO] PluginManager:220 - loadIPPluginJar : add hash
2023-10-11 07:50:38,383 [INFO] IPUIPlugin:80 - create IPUIPlugin
2023-10-11 07:50:38,383 [INFO] PluginManager:220 - loadIPPluginJar : add i2c
2023-10-11 07:50:38,456 [INFO] IPUIPlugin:80 - create IPUIPlugin
2023-10-11 07:50:38,456 [INFO] PluginManager:220 - loadIPPluginJar : add i2s
2023-10-11 07:50:38,540 [INFO] IPUIPlugin:80 - create IPUIPlugin
2023-10-11 07:50:38,540 [INFO] PluginManager:220 - loadIPPluginJar : add i3c
2023-10-11 07:50:38,723 [INFO] IPUIPlugin:80 - create IPUIPlugin
2023-10-11 07:50:38,723 [INFO] PluginManager:220 - loadIPPluginJar : add ipddr
2023-10-11 07:50:38,866 [INFO] IPUIPlugin:80 - create IPUIPlugin
2023-10-11 07:50:38,867 [INFO] PluginManager:220 - loadIPPluginJar : add linkedlist
2023-10-11 07:50:38,913 [INFO] IPUIPlugin:80 - create IPUIPlugin
2023-10-11 07:50:38,913 [INFO] PluginManager:220 - loadIPPluginJar : add lorawan
2023-10-11 07:50:38,962 [INFO] IPUIPlugin:80 - create IPUIPlugin
2023-10-11 07:50:38,962 [INFO] PluginManager:220 - loadIPPluginJar : add ltdc
2023-10-11 07:50:38,981 [INFO] IPUIPlugin:80 - create IPUIPlugin
2023-10-11 07:50:38,982 [INFO] PluginManager:220 - loadIPPluginJar : add mdma
2023-10-11 07:50:38,999 [INFO] IPUIPlugin:80 - create IPUIPlugin
2023-10-11 07:50:38,999 [INFO] PluginManager:220 - loadIPPluginJar : add nvic
2023-10-11 07:50:39,065 [INFO] IPUIPlugin:80 - create IPUIPlugin
2023-10-11 07:50:39,065 [INFO] PluginManager:220 - loadIPPluginJar : add opamp
2023-10-11 07:50:39,177 [INFO] IPUIPlugin:80 - create IPUIPlugin
2023-10-11 07:50:39,178 [INFO] PluginManager:220 - loadIPPluginJar : add openamp
2023-10-11 07:50:39,244 [INFO] IPUIPlugin:80 - create IPUIPlugin
2023-10-11 07:50:39,245 [INFO] PluginManager:220 - loadIPPluginJar : add pdm2pcm
2023-10-11 07:50:39,266 [INFO] IPUIPlugin:80 - create IPUIPlugin
2023-10-11 07:50:39,269 [INFO] PluginManager:220 - loadIPPluginJar : add plateformsettings
2023-10-11 07:50:39,296 [INFO] IPUIPlugin:80 - create IPUIPlugin
2023-10-11 07:50:39,296 [INFO] PluginManager:220 - loadIPPluginJar : add quadspi
2023-10-11 07:50:39,316 [INFO] IPUIPlugin:80 - create IPUIPlugin
2023-10-11 07:50:39,317 [INFO] PluginManager:220 - loadIPPluginJar : add resmgrutility
2023-10-11 07:50:39,395 [INFO] IPUIPlugin:80 - create IPUIPlugin
2023-10-11 07:50:39,395 [INFO] PluginManager:220 - loadIPPluginJar : add sai
2023-10-11 07:50:39,462 [INFO] IPUIPlugin:80 - create IPUIPlugin
2023-10-11 07:50:39,463 [INFO] PluginManager:220 - loadIPPluginJar : add spi
2023-10-11 07:50:39,534 [INFO] IPUIPlugin:80 - create IPUIPlugin
2023-10-11 07:50:39,534 [INFO] PluginManager:220 - loadIPPluginJar : add stm32_wpan
2023-10-11 07:50:39,565 [INFO] IPUIPlugin:80 - create IPUIPlugin
2023-10-11 07:50:39,565 [INFO] PluginManager:220 - loadIPPluginJar : add tim
2023-10-11 07:50:39,638 [INFO] IPUIPlugin:80 - create IPUIPlugin
2023-10-11 07:50:39,638 [INFO] PluginManager:220 - loadIPPluginJar : add touchsensing
2023-10-11 07:50:39,670 [INFO] IPUIPlugin:80 - create IPUIPlugin
2023-10-11 07:50:39,670 [INFO] PluginManager:220 - loadIPPluginJar : add tracer_emb
2023-10-11 07:50:39,701 [INFO] IPUIPlugin:80 - create IPUIPlugin
2023-10-11 07:50:39,701 [INFO] PluginManager:220 - loadIPPluginJar : add ts
2023-10-11 07:50:39,736 [INFO] IPUIPlugin:80 - create IPUIPlugin
2023-10-11 07:50:39,736 [INFO] PluginManager:220 - loadIPPluginJar : add tsc
2023-10-11 07:50:39,780 [INFO] IPUIPlugin:80 - create IPUIPlugin
2023-10-11 07:50:39,781 [INFO] PluginManager:220 - loadIPPluginJar : add ucpd
2023-10-11 07:50:39,855 [INFO] IPUIPlugin:80 - create IPUIPlugin
2023-10-11 07:50:39,855 [INFO] PluginManager:220 - loadIPPluginJar : add usart
2023-10-11 07:50:39,916 [INFO] IPUIPlugin:80 - create IPUIPlugin
2023-10-11 07:50:39,916 [INFO] PluginManager:220 - loadIPPluginJar : add usbx
2023-10-11 07:50:40,110 [INFO] CADModel:165 - CPN selected for project level
2023-10-11 07:50:40,111 [INFO] CADModel:114 - Register for checkConnection events
2023-10-11 07:50:40,111 [FATAL] Updater:308 - Updater called before beeing initialized
2023-10-11 07:50:40,111 [ERROR] CADModel:125 - Updater not yet initialized, retry later 
2023-10-11 07:50:40,378 [INFO] CADModel:165 - CPN selected for project level
2023-10-11 07:50:40,378 [INFO] CADModel:114 - Register for checkConnection events
2023-10-11 07:50:40,379 [FATAL] Updater:308 - Updater called before beeing initialized
2023-10-11 07:50:40,379 [ERROR] CADModel:125 - Updater not yet initialized, retry later 
2023-10-11 07:50:40,384 [FATAL] Updater:308 - Updater called before beeing initialized
2023-10-11 07:50:40,559 [FATAL] Updater:308 - Updater called before beeing initialized
2023-10-11 07:50:40,571 [INFO] DbMcusAds:53 - JSON generation date=Tue Mar 07 15:50:55 ICT 2023 (1678179055114)
2023-10-11 07:50:40,572 [FATAL] Updater:308 - Updater called before beeing initialized
2023-10-11 07:50:40,705 [WARN] DetailPanel:346 - Failed to get advertising image, set to default
2023-10-11 07:50:40,866 [FATAL] Updater:308 - Updater called before beeing initialized
2023-10-11 07:50:40,868 [FATAL] Updater:308 - Updater called before beeing initialized
2023-10-11 07:50:40,869 [FATAL] Updater:308 - Updater called before beeing initialized
2023-10-11 07:50:40,869 [WARN] DetailPanel:346 - Failed to get advertising image, set to default
2023-10-11 07:50:40,870 [FATAL] Updater:308 - Updater called before beeing initialized
2023-10-11 07:50:40,987 [ERROR] Updater:1120 - MainUpdater not yet initialized. External WinMGr cannot be set.
2023-10-11 07:50:40,999 [INFO] Updater:1056 - Updater Version found : 6.9.1
2023-10-11 07:50:41,027 [INFO] ApplicationProperties:184 - Using Application install path: C:\ST\STM32CubeIDE_1.12.0\STM32CubeIDE\plugins\com.st.stm32cube.common.mx_6.9.1.202307191849
2023-10-11 07:50:41,202 [INFO] ThirdPartyUpdaterWithRetryManager:70 - Updater plugin not ready yet. [3/15]
2023-10-11 07:50:41,632 [INFO] MainUpdater:2868 - connection check result : 10
2023-10-11 07:50:41,633 [INFO] MainUpdater:285 - Updater Check For Update Now.
2023-10-11 07:50:41,634 [INFO] MicroXplorer:498 - Change Database Version : DB.6.0.91
2023-10-11 07:50:41,663 [INFO] McuFinderGlobals:63 - Set McuFinder mode to 2 (CubeIDE integrated)
2023-10-11 07:50:41,664 [INFO] UserAuth:179 - activating auth plugin
2023-10-11 07:50:41,669 [INFO] UserAuth:393 - Internet connection configuration mode: 1
2023-10-11 07:50:41,716 [INFO] JxBrowserEngine:151 - Initiate JxBrowser Engine with user profile folder
2023-10-11 07:50:41,913 [INFO] CheckServerUpdateThread:120 - End of CheckServer Thread
2023-10-11 07:50:44,782 [WARN] PackLoader:240 - Cannot read IP mode file for STMicroelectronics.X-CUBE-SMBUS.2.1.0
2023-10-11 07:50:44,919 [WARN] PackLoader:240 - Cannot read IP mode file for STMicroelectronics.X-CUBE-AZRTOS-F7.1.1.0
2023-10-11 07:50:45,019 [WARN] PackLoader:240 - Cannot read IP mode file for STMicroelectronics.FP-SNS-MOTENV1.4.3.2
2023-10-11 07:50:45,087 [WARN] PackLoader:240 - Cannot read IP mode file for STMicroelectronics.FP-SNS-FLIGHT1.5.0.2
2023-10-11 07:50:45,128 [WARN] PackLoader:240 - Cannot read IP mode file for STMicroelectronics.X-CUBE-DISPLAY.3.0.0
2023-10-11 07:50:45,176 [WARN] PackLoader:240 - Cannot read IP mode file for STMicroelectronics.X-CUBE-BLE1.7.0.0
2023-10-11 07:50:45,223 [WARN] PackLoader:240 - Cannot read IP mode file for emotas.I-CUBE-CANOPEN.1.3.0
2023-10-11 07:50:45,263 [WARN] PackLoader:240 - Cannot read IP mode file for STMicroelectronics.X-CUBE-TOUCHGFX.4.22.0
2023-10-11 07:50:45,284 [WARN] PackLoader:240 - Cannot read IP mode file for STMicroelectronics.X-CUBE-TOUCHGFX.4.22.1
2023-10-11 07:50:45,311 [WARN] PackLoader:240 - Cannot read IP mode file for STMicroelectronics.FP-SNS-SMARTAG2.1.2.0
2023-10-11 07:50:45,356 [INFO] LogOutputStream:77 - [STDOUT_REDIRECT] 1 : Invalid condition id : UX_CORESTACK_Condition cause : null
2023-10-11 07:50:45,358 [INFO] LogOutputStream:77 - [STDOUT_REDIRECT] 1 : Invalid condition id : UX_CORESTACK_Condition cause : null
2023-10-11 07:50:45,361 [INFO] LogOutputStream:77 - [STDOUT_REDIRECT] 1 : Invalid condition id : UX_CORESTACK_Condition cause : null
2023-10-11 07:50:45,364 [INFO] LogOutputStream:77 - [STDOUT_REDIRECT] 1 : Invalid condition id : UX_CORESTACK_Condition cause : null
2023-10-11 07:50:45,366 [INFO] LogOutputStream:77 - [STDOUT_REDIRECT] 1 : Invalid condition id : UX_CORESTACK_Condition cause : null
2023-10-11 07:50:45,384 [WARN] PackLoader:240 - Cannot read IP mode file for STMicroelectronics.X-CUBE-AZRTOS-WL.2.0.0
2023-10-11 07:50:45,418 [WARN] PackLoader:240 - Cannot read IP mode file for WES.I-CUBE-Cesium.1.3.0
2023-10-11 07:50:45,442 [WARN] PackLoader:240 - Cannot read IP mode file for STMicroelectronics.X-CUBE-BLE2.3.3.0
2023-10-11 07:50:45,452 [INFO] WebApp:157 - Instantiating new browser for Auth
2023-10-11 07:50:45,473 [WARN] PackLoader:240 - Cannot read IP mode file for STMicroelectronics.X-CUBE-ALGOBUILD.1.3.0
2023-10-11 07:50:45,575 [WARN] PackLoader:240 - Cannot read IP mode file for STMicroelectronics.X-CUBE-AZRTOS-G0.1.1.0
2023-10-11 07:50:45,608 [WARN] PackLoader:240 - Cannot read IP mode file for STMicroelectronics.X-CUBE-NFC4.3.0.0
2023-10-11 07:50:45,646 [WARN] PackLoader:240 - Cannot read IP mode file for STMicroelectronics.FP-ATR-SIGFOX1.3.2.0
2023-10-11 07:50:45,741 [WARN] PackLoader:240 - Cannot read IP mode file for SEGGER.I-CUBE-embOS.1.3.1
2023-10-11 07:50:45,848 [WARN] PackLoader:240 - Cannot read IP mode file for STMicroelectronics.X-CUBE-GNSS1.6.0.0
2023-10-11 07:50:45,902 [WARN] PackLoader:240 - Cannot read IP mode file for STMicroelectronics.X-CUBE-AZRTOS-F4.1.1.0
2023-10-11 07:50:45,931 [WARN] PackLoader:240 - Cannot read IP mode file for wolfSSL.I-CUBE-wolfSSL.5.6.3
2023-10-11 07:50:45,978 [WARN] PackLoader:240 - Cannot read IP mode file for STMicroelectronics.X-CUBE-AZRTOS-L5.2.0.0
2023-10-11 07:50:46,080 [WARN] PackLoader:240 - Cannot read IP mode file for STMicroelectronics.X-CUBE-MEMS1.9.6.0
2023-10-11 07:50:46,485 [WARN] PackLoader:240 - Cannot read IP mode file for ITTIA_DB.I-CUBE-ITTIADB.8.8.0
2023-10-11 07:50:46,513 [WARN] PackLoader:240 - Cannot read IP mode file for STMicroelectronics.X-CUBE-BLEMGR.2.0.0
2023-10-11 07:50:46,565 [WARN] ConditionMgr:438 - getConditionDescription Invalid condition id : UX DEVICE CLASS RTOS Condition cause : null
2023-10-11 07:50:46,565 [WARN] ConditionMgr:438 - getConditionDescription Invalid condition id : UX DEVICE CLASS RTOS Condition cause : null
2023-10-11 07:50:46,577 [WARN] PackLoader:240 - Cannot read IP mode file for STMicroelectronics.X-CUBE-AZRTOS-H7.3.1.0
2023-10-11 07:50:46,579 [WARN] ConditionMgr:1039 - genDependencies : Invalid condition id : UX DEVICE CLASS RTOS Condition cause : null
2023-10-11 07:50:46,579 [WARN] ConditionMgr:1039 - genDependencies : Invalid condition id : UX DEVICE CLASS RTOS Condition cause : null
2023-10-11 07:50:46,580 [WARN] ConditionMgr:1039 - genDependencies : Invalid condition id : UX DEVICE CLASS RTOS Condition cause : null
2023-10-11 07:50:46,581 [WARN] ConditionMgr:1039 - genDependencies : Invalid condition id : UX DEVICE CLASS RTOS Condition cause : null
2023-10-11 07:50:46,581 [WARN] ConditionMgr:1039 - genDependencies : Invalid condition id : UX DEVICE CLASS RTOS Condition cause : null
2023-10-11 07:50:46,606 [WARN] PackLoader:240 - Cannot read IP mode file for STMicroelectronics.X-CUBE-NFC7.1.0.1
2023-10-11 07:50:46,641 [WARN] PackLoader:240 - Cannot read IP mode file for STMicroelectronics.X-CUBE-NFC6.3.0.0
2023-10-11 07:50:46,670 [WARN] PackLoader:240 - Cannot read IP mode file for STMicroelectronics.X-CUBE-EEPRMA1.4.1.0
2023-10-11 07:50:46,696 [WARN] PackLoader:240 - Cannot read IP mode file for STMicroelectronics.X-CUBE-AI.8.1.0
2023-10-11 07:50:46,749 [WARN] ConditionMgr:438 - getConditionDescription Invalid condition id : LAN8742 Phy interface Condition cause : null
2023-10-11 07:50:46,751 [WARN] PackLoader:240 - Cannot read IP mode file for STMicroelectronics.X-CUBE-AZRTOS-L4.2.0.0
2023-10-11 07:50:46,753 [WARN] ConditionMgr:1039 - genDependencies : Invalid condition id : LAN8742 Phy interface Condition cause : null
2023-10-11 07:50:46,754 [WARN] ConditionMgr:1039 - genDependencies : Invalid condition id : LAN8742 Phy interface Condition cause : null
2023-10-11 07:50:46,756 [WARN] ConditionMgr:1039 - genDependencies : Invalid condition id : LAN8742 Phy interface Condition cause : null
2023-10-11 07:50:46,791 [WARN] PackLoader:240 - Cannot read IP mode file for STMicroelectronics.X-CUBE-SFXS2LP1.4.0.0
2023-10-11 07:50:46,818 [WARN] PackLoader:240 - Cannot read IP mode file for STMicroelectronics.X-CUBE-ISPU.1.1.0
2023-10-11 07:50:46,849 [INFO] WebApp:753 - Register for checkConnection events
2023-10-11 07:50:46,849 [INFO] WebApp:390 - Apply proxy settings
2023-10-11 07:50:46,849 [INFO] WebApp:475 - Chromium requires no authentication
2023-10-11 07:50:46,862 [WARN] ConditionMgr:438 - getConditionDescription Invalid condition id : UX DEVICE CLASS RTOS Condition cause : null
2023-10-11 07:50:46,863 [WARN] ConditionMgr:438 - getConditionDescription Invalid condition id : UX DEVICE CLASS RTOS Condition cause : null
2023-10-11 07:50:46,866 [WARN] PackLoader:240 - Cannot read IP mode file for STMicroelectronics.X-CUBE-AZRTOS-WB.2.0.0
2023-10-11 07:50:46,867 [WARN] ConditionMgr:1039 - genDependencies : Invalid condition id : UX DEVICE CLASS RTOS Condition cause : null
2023-10-11 07:50:46,867 [WARN] ConditionMgr:1039 - genDependencies : Invalid condition id : UX DEVICE CLASS RTOS Condition cause : null
2023-10-11 07:50:46,867 [INFO] WebApp:418 - Direct internet connection detected
2023-10-11 07:50:46,868 [WARN] ConditionMgr:1039 - genDependencies : Invalid condition id : UX DEVICE CLASS RTOS Condition cause : null
2023-10-11 07:50:46,869 [WARN] ConditionMgr:1039 - genDependencies : Invalid condition id : UX DEVICE CLASS RTOS Condition cause : null
2023-10-11 07:50:46,869 [WARN] ConditionMgr:1039 - genDependencies : Invalid condition id : UX DEVICE CLASS RTOS Condition cause : null
2023-10-11 07:50:46,900 [WARN] PackLoader:240 - Cannot read IP mode file for STMicroelectronics.X-CUBE-SUBG2.5.0.0
2023-10-11 07:50:46,944 [WARN] PackLoader:240 - Cannot read IP mode file for STMicroelectronics.X-CUBE-TOF1.3.3.1
2023-10-11 07:50:47,002 [WARN] PackLoader:240 - Cannot read IP mode file for STMicroelectronics.X-CUBE-AZRTOS-G4.2.0.0
2023-10-11 07:50:47,041 [WARN] PackLoader:240 - Cannot read IP mode file for Infineon.AIROC-Wi-Fi-Bluetooth-STM32.1.5.1
2023-10-11 07:50:47,068 [WARN] PackLoader:240 - Cannot read IP mode file for STMicroelectronics.X-CUBE-FREERTOS.1.1.0
2023-10-11 07:50:47,087 [WARN] PackLoader:240 - Cannot read IP mode file for portGmbH.I-Cube-SoM-uGOAL.1.1.0
2023-10-11 07:50:47,106 [WARN] PackLoader:240 - Cannot read IP mode file for STMicroelectronics.X-CUBE-ALS.1.0.1
2023-10-11 07:50:47,126 [WARN] PackLoader:240 - Cannot read IP mode file for STMicroelectronics.FP-ATR-ASTRA1.2.0.0
2023-10-11 07:50:47,127 [INFO] ThirdParty:978 - Integrity check success = true
2023-10-11 07:50:47,127 [INFO] IntegrityCheckThread:100 - exiting critical section [integrity check]
2023-10-11 07:50:47,128 [INFO] IntegrityCheckThread:103 - End integrity checks thread
2023-10-11 07:50:47,263 [INFO] WebApp:188 - Starting web application
2023-10-11 07:50:47,263 [INFO] WebApp:520 - Web application path used C:\ST\STM32CubeIDE_1.12.0\STM32CubeIDE\plugins\com.st.stm32cube.common.mx_6.9.1.202307191849\db\plugins\mcufinder\reactClient1\index.html
2023-10-11 07:51:09,148 [ERROR] LogOutputStream:75 - [STDERR_REDIRECT] SLF4J: Failed to load class "org.slf4j.impl.StaticLoggerBinder".
2023-10-11 07:51:09,148 [ERROR] LogOutputStream:75 - [STDERR_REDIRECT] SLF4J: Defaulting to no-operation (NOP) logger implementation
2023-10-11 07:51:09,150 [ERROR] LogOutputStream:75 - [STDERR_REDIRECT] SLF4J: See http://www.slf4j.org/codes.html#StaticLoggerBinder for further details.
2023-10-11 08:35:49,673 [ERROR] LogOutputStream:75 - [STDERR_REDIRECT] 
