2023-10-10 21:33:39,973 [INFO] Activator:176 - 


2023-10-10 21:33:39,982 [INFO] Activator:177 - !SESSION log4j initialized
2023-10-10 21:33:45,527 [INFO] LogOutputStream:77 - [STDOUT_REDIRECT] 
2023-10-10 21:37:12,944 [INFO] ApplicationProperties:184 - Using Application install path: C:\ST\STM32CubeIDE_1.12.0\STM32CubeIDE\plugins\com.st.stm32cube.common.mx_6.9.1.202307191849
2023-10-10 21:37:12,981 [INFO] DbMcusXml:78 - Set database path to: C:\ST\STM32CubeIDE_1.12.0\STM32CubeIDE\plugins\com.st.stm32cube.common.mx_6.9.1.202307191849\\db\/mcu/
2023-10-10 21:37:12,982 [INFO] ApiDb:274 - Set plugin database path to: C:\ST\STM32CubeIDE_1.12.0\STM32CubeIDE\plugins\com.st.stm32cube.common.mx_6.9.1.202307191849\\db\/plugins/boardmanager/
2023-10-10 21:37:12,985 [WARN] ApiDb:259 - Overriding images path with different value:  => C:\ST\STM32CubeIDE_1.12.0\STM32CubeIDE\plugins\com.st.stm32cube.common.mx_6.9.1.202307191849\\db\/plugins/mcufinder/images/
2023-10-10 21:37:13,025 [INFO] ApiDb:250 - Set database path to: C:\Users\win 10\.stmcufinder\plugins\mcufinder//mcu/
2023-10-10 21:37:13,029 [INFO] DbMcusAds:125 - Set database path to: C:\Users\win 10\.stmcufinder\plugins\mcufinder//mcu/
2023-10-10 21:37:13,745 [INFO] CrossReferenceDbSqlite:203 - Set database path to: C:\Users\win 10\.stmcufinder\plugins\mcufinder//mcu/cs/
2023-10-10 21:37:13,976 [INFO] RulesReader:64 - Compatibility file has been processed (293 Rules)
2023-10-10 21:37:14,182 [INFO] DbMcusXml:78 - Set database path to: C:\ST\STM32CubeIDE_1.12.0\STM32CubeIDE\plugins\com.st.stm32cube.common.mx_6.9.1.202307191849\\db\/mcu/
2023-10-10 21:37:14,182 [INFO] ApiDb:274 - Set plugin database path to: C:\ST\STM32CubeIDE_1.12.0\STM32CubeIDE\plugins\com.st.stm32cube.common.mx_6.9.1.202307191849\\db\/plugins/boardmanager/
2023-10-10 21:37:14,182 [INFO] ApiDb:261 - Set plugin images path to: C:\ST\STM32CubeIDE_1.12.0\STM32CubeIDE\plugins\com.st.stm32cube.common.mx_6.9.1.202307191849\\db\/plugins/mcufinder/images/
2023-10-10 21:37:14,183 [WARN] DbFile:41 - Overriding database path with different value: C:\Users\win 10\.stmcufinder\plugins\mcufinder/ => C:\Users\win 10\.stmcufinder\plugins\mcufinder
2023-10-10 21:37:14,183 [INFO] ApiDb:250 - Set database path to: C:\Users\win 10\.stmcufinder\plugins\mcufinder//mcu/
2023-10-10 21:37:14,183 [WARN] DbFile:41 - Overriding database path with different value: C:\Users\win 10\.stmcufinder\plugins\mcufinder/ => C:\Users\win 10\.stmcufinder\plugins\mcufinder
2023-10-10 21:37:14,184 [INFO] DbMcusAds:125 - Set database path to: C:\Users\win 10\.stmcufinder\plugins\mcufinder//mcu/
2023-10-10 21:37:14,184 [WARN] DbFile:41 - Overriding database path with different value: C:\Users\win 10\.stmcufinder\plugins\mcufinder/ => C:\Users\win 10\.stmcufinder\plugins\mcufinder
2023-10-10 21:37:14,184 [WARN] DbFile:41 - Overriding database path with different value: C:\Users\win 10\.stmcufinder\plugins\mcufinder/ => C:\Users\win 10\.stmcufinder\plugins\mcufinder
2023-10-10 21:37:14,737 [INFO] CrossReferenceDbSqlite:203 - Set database path to: C:\Users\win 10\.stmcufinder\plugins\mcufinder//mcu/cs/
2023-10-10 21:37:14,928 [INFO] MainPanel:262 - HeapMemory: 268435456
2023-10-10 21:37:15,132 [INFO] DbMcusXml:78 - Set database path to: C:\ST\STM32CubeIDE_1.12.0\STM32CubeIDE\plugins\com.st.stm32cube.common.mx_6.9.1.202307191849\\db\/mcu/
2023-10-10 21:37:15,133 [INFO] ApiDb:274 - Set plugin database path to: C:\ST\STM32CubeIDE_1.12.0\STM32CubeIDE\plugins\com.st.stm32cube.common.mx_6.9.1.202307191849\\db\/plugins/boardmanager/
2023-10-10 21:37:15,133 [INFO] ApiDb:261 - Set plugin images path to: C:\ST\STM32CubeIDE_1.12.0\STM32CubeIDE\plugins\com.st.stm32cube.common.mx_6.9.1.202307191849\\db\/plugins/mcufinder/images/
2023-10-10 21:37:15,134 [WARN] DbFile:41 - Overriding database path with different value: C:\Users\win 10\.stmcufinder\plugins\mcufinder/ => C:\Users\win 10\.stmcufinder\plugins\mcufinder
2023-10-10 21:37:15,134 [INFO] ApiDb:250 - Set database path to: C:\Users\win 10\.stmcufinder\plugins\mcufinder//mcu/
2023-10-10 21:37:15,134 [WARN] DbFile:41 - Overriding database path with different value: C:\Users\win 10\.stmcufinder\plugins\mcufinder/ => C:\Users\win 10\.stmcufinder\plugins\mcufinder
2023-10-10 21:37:15,135 [INFO] DbMcusAds:125 - Set database path to: C:\Users\win 10\.stmcufinder\plugins\mcufinder//mcu/
2023-10-10 21:37:15,135 [WARN] DbFile:41 - Overriding database path with different value: C:\Users\win 10\.stmcufinder\plugins\mcufinder/ => C:\Users\win 10\.stmcufinder\plugins\mcufinder
2023-10-10 21:37:15,135 [WARN] DbFile:41 - Overriding database path with different value: C:\Users\win 10\.stmcufinder\plugins\mcufinder/ => C:\Users\win 10\.stmcufinder\plugins\mcufinder
2023-10-10 21:37:15,738 [INFO] CrossReferenceDbSqlite:203 - Set database path to: C:\Users\win 10\.stmcufinder\plugins\mcufinder//mcu/cs/
2023-10-10 21:37:15,785 [INFO] ApplicationProperties:184 - Using Application install path: C:\ST\STM32CubeIDE_1.12.0\STM32CubeIDE\plugins\com.st.stm32cube.common.mx_6.9.1.202307191849
2023-10-10 21:37:15,787 [INFO] PluginManage:196 - Search for loadable plugins [exclusion list=, ]
2023-10-10 21:37:15,792 [INFO] PluginManage:310 - Check plugin analytics
2023-10-10 21:37:16,882 [INFO] AnalyticsPlugin:253 - Accepted Software Licenses: STM32CubeMX.6.5.0,STM32CubeMX.6.9.1
2023-10-10 21:37:16,883 [INFO] AnalyticsPlugin:255 - Accepted CMSIS Pack Licenses: 
2023-10-10 21:37:16,884 [INFO] AnalyticsPlugin:257 - Accepted Firmware Licenses: 
2023-10-10 21:37:16,890 [INFO] PluginManage:359 - Loaded plugin analytics (category:tool,tabindex:-1)
2023-10-10 21:37:16,890 [INFO] PluginManage:310 - Check plugin cadmodel
2023-10-10 21:37:16,919 [INFO] CADModel:105 - Init CAD model plugin
2023-10-10 21:37:16,919 [INFO] PluginManage:359 - Loaded plugin cadmodel (category:power,tabindex:5)
2023-10-10 21:37:16,919 [INFO] PluginManage:310 - Check plugin clock
2023-10-10 21:37:16,946 [INFO] PluginManage:359 - Loaded plugin clock (category:base,tabindex:2)
2023-10-10 21:37:16,946 [INFO] PluginManage:310 - Check plugin ddr
2023-10-10 21:37:16,949 [INFO] PluginManage:359 - Loaded plugin ddr (category:tool,tabindex:6)
2023-10-10 21:37:16,949 [INFO] PluginManage:310 - Check plugin filemanager
2023-10-10 21:37:17,187 [INFO] PluginManage:359 - Loaded plugin filemanager (category:base,tabindex:10)
2023-10-10 21:37:17,188 [INFO] PluginManage:310 - Check plugin ipmanager
2023-10-10 21:37:17,200 [INFO] PluginManage:359 - Loaded plugin ipmanager (category:base,tabindex:5)
2023-10-10 21:37:17,200 [INFO] PluginManage:310 - Check plugin lpbam
2023-10-10 21:37:17,227 [INFO] PluginManage:359 - Loaded plugin lpbam (category:base,tabindex:0)
2023-10-10 21:37:17,227 [INFO] PluginManage:310 - Check plugin memorymap
2023-10-10 21:37:17,275 [INFO] PluginManage:359 - Loaded plugin memorymap (category:base,tabindex:4)
2023-10-10 21:37:17,275 [INFO] PluginManage:310 - Check plugin pinoutandconfiguration
2023-10-10 21:37:17,304 [INFO] PluginManage:359 - Loaded plugin pinoutandconfiguration (category:base,tabindex:1)
2023-10-10 21:37:17,304 [INFO] PluginManage:310 - Check plugin pinoutconfig
2023-10-10 21:37:17,538 [WARN] SupportedApi:132 - Cannot load RTOS API schema: s4s-elt-must-match.1: The content of 'definitions' must match (annotation?, (simpleType | complexType)?, (unique | key | keyref)*)). A problem was found starting at: attribute.
2023-10-10 21:37:17,925 [INFO] PluginManage:359 - Loaded plugin pinoutconfig (category:base,tabindex:0)
2023-10-10 21:37:17,926 [INFO] PluginManage:310 - Check plugin power
2023-10-10 21:37:17,973 [INFO] PluginManage:359 - Loaded plugin power (category:power,tabindex:4)
2023-10-10 21:37:17,973 [INFO] PluginManage:310 - Check plugin projectmanager
2023-10-10 21:37:18,014 [INFO] PluginManage:359 - Loaded plugin projectmanager (category:projectmanager,tabindex:3)
2023-10-10 21:37:18,014 [INFO] PluginManage:310 - Check plugin thirdparty
2023-10-10 21:37:18,628 [INFO] PluginManage:359 - Loaded plugin thirdparty (category:base,tabindex:-1)
2023-10-10 21:37:18,628 [WARN] IntegrityCheckThread:84 - waiting for thirdparty lock release [integrity check]
2023-10-10 21:37:18,628 [INFO] IntegrityCheckThread:86 - entering critical section [integrity check]
2023-10-10 21:37:18,628 [INFO] PluginManage:310 - Check plugin tools
2023-10-10 21:37:18,631 [INFO] ThirdPartyUpdaterWithRetryManager:70 - Updater plugin not ready yet. [1/15]
2023-10-10 21:37:18,703 [INFO] PluginManage:359 - Loaded plugin tools (category:base,tabindex:7)
2023-10-10 21:37:18,703 [INFO] PluginManage:310 - Check plugin tutovideos
2023-10-10 21:37:19,100 [INFO] PluginManage:359 - Loaded plugin tutovideos (category:base,tabindex:-1)
2023-10-10 21:37:19,101 [INFO] PluginManage:310 - Check plugin updater
2023-10-10 21:37:19,128 [INFO] PluginManage:359 - Loaded plugin updater (category:base,tabindex:12)
2023-10-10 21:37:19,128 [INFO] PluginManage:310 - Check plugin userauth
2023-10-10 21:37:19,141 [INFO] UserAuth:113 - Init User Auth plugin
2023-10-10 21:37:19,142 [INFO] PluginManage:359 - Loaded plugin userauth (category:base,tabindex:14)
2023-10-10 21:37:19,143 [INFO] PluginManage:283 - PluginManage : Loaded plugins [17]
2023-10-10 21:37:19,714 [INFO] PinOutPanel:1499 - setPackage(No Configuration,No Configuration)
2023-10-10 21:37:20,044 [INFO] CADModel:165 - CPN selected for project level
2023-10-10 21:37:20,044 [INFO] CADModel:114 - Register for checkConnection events
2023-10-10 21:37:20,110 [INFO] IPUIPlugin:80 - create IPUIPlugin
2023-10-10 21:37:20,111 [INFO] PluginManager:220 - loadIPPluginJar : add adc
2023-10-10 21:37:20,228 [INFO] IPUIPlugin:80 - create IPUIPlugin
2023-10-10 21:37:20,229 [INFO] PluginManager:220 - loadIPPluginJar : add aes
2023-10-10 21:37:20,333 [INFO] IPUIPlugin:80 - create IPUIPlugin
2023-10-10 21:37:20,334 [INFO] PluginManager:220 - loadIPPluginJar : add can
2023-10-10 21:37:20,399 [INFO] IPUIPlugin:80 - create IPUIPlugin
2023-10-10 21:37:20,399 [INFO] PluginManager:220 - loadIPPluginJar : add comp
2023-10-10 21:37:20,484 [INFO] IPUIPlugin:80 - create IPUIPlugin
2023-10-10 21:37:20,485 [INFO] PluginManager:220 - loadIPPluginJar : add cryp
2023-10-10 21:37:20,552 [INFO] IPUIPlugin:80 - create IPUIPlugin
2023-10-10 21:37:20,552 [INFO] PluginManager:220 - loadIPPluginJar : add dfsdm
2023-10-10 21:37:20,579 [INFO] IPUIPlugin:80 - create IPUIPlugin
2023-10-10 21:37:20,580 [INFO] PluginManager:220 - loadIPPluginJar : add dma
2023-10-10 21:37:20,736 [INFO] IPUIPlugin:80 - create IPUIPlugin
2023-10-10 21:37:20,736 [INFO] PluginManager:220 - loadIPPluginJar : add dma3
2023-10-10 21:37:20,801 [INFO] IPUIPlugin:80 - create IPUIPlugin
2023-10-10 21:37:20,801 [INFO] PluginManager:220 - loadIPPluginJar : add fatfs
2023-10-10 21:37:20,934 [INFO] IPUIPlugin:80 - create IPUIPlugin
2023-10-10 21:37:20,935 [INFO] PluginManager:220 - loadIPPluginJar : add fmc
2023-10-10 21:37:20,968 [INFO] IPUIPlugin:80 - create IPUIPlugin
2023-10-10 21:37:20,969 [INFO] PluginManager:220 - loadIPPluginJar : add freertos
2023-10-10 21:37:21,159 [INFO] IPUIPlugin:80 - create IPUIPlugin
2023-10-10 21:37:21,160 [INFO] PluginManager:220 - loadIPPluginJar : add genericplugin
2023-10-10 21:37:21,469 [INFO] IPUIPlugin:80 - create IPUIPlugin
2023-10-10 21:37:21,469 [INFO] PluginManager:220 - loadIPPluginJar : add gfxmmu
2023-10-10 21:37:21,632 [INFO] ThirdPartyUpdaterWithRetryManager:70 - Updater plugin not ready yet. [2/15]
2023-10-10 21:37:21,803 [INFO] IPUIPlugin:80 - create IPUIPlugin
2023-10-10 21:37:21,804 [INFO] PluginManager:220 - loadIPPluginJar : add gic
2023-10-10 21:37:21,835 [INFO] IPUIPlugin:80 - create IPUIPlugin
2023-10-10 21:37:21,835 [INFO] PluginManager:220 - loadIPPluginJar : add gpio
2023-10-10 21:37:22,047 [INFO] IPUIPlugin:80 - create IPUIPlugin
2023-10-10 21:37:22,048 [INFO] PluginManager:220 - loadIPPluginJar : add gtzc
2023-10-10 21:37:22,124 [INFO] IPUIPlugin:80 - create IPUIPlugin
2023-10-10 21:37:22,125 [INFO] PluginManager:220 - loadIPPluginJar : add hash
2023-10-10 21:37:22,311 [INFO] IPUIPlugin:80 - create IPUIPlugin
2023-10-10 21:37:22,312 [INFO] PluginManager:220 - loadIPPluginJar : add i2c
2023-10-10 21:37:22,381 [INFO] IPUIPlugin:80 - create IPUIPlugin
2023-10-10 21:37:22,381 [INFO] PluginManager:220 - loadIPPluginJar : add i2s
2023-10-10 21:37:22,463 [INFO] IPUIPlugin:80 - create IPUIPlugin
2023-10-10 21:37:22,464 [INFO] PluginManager:220 - loadIPPluginJar : add i3c
2023-10-10 21:37:22,697 [INFO] IPUIPlugin:80 - create IPUIPlugin
2023-10-10 21:37:22,698 [INFO] PluginManager:220 - loadIPPluginJar : add ipddr
2023-10-10 21:37:22,866 [INFO] IPUIPlugin:80 - create IPUIPlugin
2023-10-10 21:37:22,866 [INFO] PluginManager:220 - loadIPPluginJar : add linkedlist
2023-10-10 21:37:22,929 [INFO] IPUIPlugin:80 - create IPUIPlugin
2023-10-10 21:37:22,929 [INFO] PluginManager:220 - loadIPPluginJar : add lorawan
2023-10-10 21:37:23,006 [INFO] IPUIPlugin:80 - create IPUIPlugin
2023-10-10 21:37:23,006 [INFO] PluginManager:220 - loadIPPluginJar : add ltdc
2023-10-10 21:37:23,038 [INFO] IPUIPlugin:80 - create IPUIPlugin
2023-10-10 21:37:23,039 [INFO] PluginManager:220 - loadIPPluginJar : add mdma
2023-10-10 21:37:23,065 [INFO] IPUIPlugin:80 - create IPUIPlugin
2023-10-10 21:37:23,065 [INFO] PluginManager:220 - loadIPPluginJar : add nvic
2023-10-10 21:37:23,131 [INFO] IPUIPlugin:80 - create IPUIPlugin
2023-10-10 21:37:23,131 [INFO] PluginManager:220 - loadIPPluginJar : add opamp
2023-10-10 21:37:23,229 [INFO] IPUIPlugin:80 - create IPUIPlugin
2023-10-10 21:37:23,230 [INFO] PluginManager:220 - loadIPPluginJar : add openamp
2023-10-10 21:37:23,302 [INFO] IPUIPlugin:80 - create IPUIPlugin
2023-10-10 21:37:23,302 [INFO] PluginManager:220 - loadIPPluginJar : add pdm2pcm
2023-10-10 21:37:23,325 [INFO] IPUIPlugin:80 - create IPUIPlugin
2023-10-10 21:37:23,331 [INFO] PluginManager:220 - loadIPPluginJar : add plateformsettings
2023-10-10 21:37:23,366 [INFO] IPUIPlugin:80 - create IPUIPlugin
2023-10-10 21:37:23,367 [INFO] PluginManager:220 - loadIPPluginJar : add quadspi
2023-10-10 21:37:23,390 [INFO] IPUIPlugin:80 - create IPUIPlugin
2023-10-10 21:37:23,391 [INFO] PluginManager:220 - loadIPPluginJar : add resmgrutility
2023-10-10 21:37:23,467 [INFO] IPUIPlugin:80 - create IPUIPlugin
2023-10-10 21:37:23,467 [INFO] PluginManager:220 - loadIPPluginJar : add sai
2023-10-10 21:37:23,515 [INFO] IPUIPlugin:80 - create IPUIPlugin
2023-10-10 21:37:23,515 [INFO] PluginManager:220 - loadIPPluginJar : add spi
2023-10-10 21:37:23,617 [INFO] IPUIPlugin:80 - create IPUIPlugin
2023-10-10 21:37:23,618 [INFO] PluginManager:220 - loadIPPluginJar : add stm32_wpan
2023-10-10 21:37:23,666 [INFO] IPUIPlugin:80 - create IPUIPlugin
2023-10-10 21:37:23,666 [INFO] PluginManager:220 - loadIPPluginJar : add tim
2023-10-10 21:37:23,784 [INFO] IPUIPlugin:80 - create IPUIPlugin
2023-10-10 21:37:23,785 [INFO] PluginManager:220 - loadIPPluginJar : add touchsensing
2023-10-10 21:37:23,818 [INFO] IPUIPlugin:80 - create IPUIPlugin
2023-10-10 21:37:23,818 [INFO] PluginManager:220 - loadIPPluginJar : add tracer_emb
2023-10-10 21:37:23,850 [INFO] IPUIPlugin:80 - create IPUIPlugin
2023-10-10 21:37:23,850 [INFO] PluginManager:220 - loadIPPluginJar : add ts
2023-10-10 21:37:23,879 [INFO] IPUIPlugin:80 - create IPUIPlugin
2023-10-10 21:37:23,880 [INFO] PluginManager:220 - loadIPPluginJar : add tsc
2023-10-10 21:37:23,907 [INFO] IPUIPlugin:80 - create IPUIPlugin
2023-10-10 21:37:23,907 [INFO] PluginManager:220 - loadIPPluginJar : add ucpd
2023-10-10 21:37:23,964 [INFO] IPUIPlugin:80 - create IPUIPlugin
2023-10-10 21:37:23,965 [INFO] PluginManager:220 - loadIPPluginJar : add usart
2023-10-10 21:37:24,019 [INFO] IPUIPlugin:80 - create IPUIPlugin
2023-10-10 21:37:24,019 [INFO] PluginManager:220 - loadIPPluginJar : add usbx
2023-10-10 21:37:24,187 [INFO] CADModel:165 - CPN selected for project level
2023-10-10 21:37:24,187 [INFO] CADModel:114 - Register for checkConnection events
2023-10-10 21:37:24,188 [FATAL] Updater:308 - Updater called before beeing initialized
2023-10-10 21:37:24,188 [ERROR] CADModel:125 - Updater not yet initialized, retry later 
2023-10-10 21:37:24,574 [INFO] CADModel:165 - CPN selected for project level
2023-10-10 21:37:24,575 [INFO] CADModel:114 - Register for checkConnection events
2023-10-10 21:37:24,575 [FATAL] Updater:308 - Updater called before beeing initialized
2023-10-10 21:37:24,575 [ERROR] CADModel:125 - Updater not yet initialized, retry later 
2023-10-10 21:37:24,582 [FATAL] Updater:308 - Updater called before beeing initialized
2023-10-10 21:37:24,655 [INFO] ThirdPartyUpdaterWithRetryManager:70 - Updater plugin not ready yet. [3/15]
2023-10-10 21:37:24,819 [FATAL] Updater:308 - Updater called before beeing initialized
2023-10-10 21:37:24,829 [INFO] DbMcusAds:53 - JSON generation date=Tue Mar 07 15:50:55 ICT 2023 (1678179055114)
2023-10-10 21:37:24,829 [FATAL] Updater:308 - Updater called before beeing initialized
2023-10-10 21:37:24,933 [WARN] DetailPanel:346 - Failed to get advertising image, set to default
2023-10-10 21:37:25,055 [FATAL] Updater:308 - Updater called before beeing initialized
2023-10-10 21:37:25,058 [FATAL] Updater:308 - Updater called before beeing initialized
2023-10-10 21:37:25,059 [FATAL] Updater:308 - Updater called before beeing initialized
2023-10-10 21:37:25,059 [WARN] DetailPanel:346 - Failed to get advertising image, set to default
2023-10-10 21:37:25,061 [FATAL] Updater:308 - Updater called before beeing initialized
2023-10-10 21:37:25,170 [ERROR] Updater:1120 - MainUpdater not yet initialized. External WinMGr cannot be set.
2023-10-10 21:37:25,190 [INFO] Updater:1056 - Updater Version found : 6.9.1
2023-10-10 21:37:25,229 [INFO] ApplicationProperties:184 - Using Application install path: C:\ST\STM32CubeIDE_1.12.0\STM32CubeIDE\plugins\com.st.stm32cube.common.mx_6.9.1.202307191849
2023-10-10 21:37:27,081 [INFO] MainUpdater:2868 - connection check result : 10
2023-10-10 21:37:27,084 [INFO] MainUpdater:285 - Updater Check For Update Now.
2023-10-10 21:37:27,085 [INFO] MicroXplorer:498 - Change Database Version : DB.6.0.91
2023-10-10 21:37:27,110 [INFO] McuFinderGlobals:63 - Set McuFinder mode to 2 (CubeIDE integrated)
2023-10-10 21:37:27,111 [INFO] UserAuth:179 - activating auth plugin
2023-10-10 21:37:27,117 [INFO] UserAuth:393 - Internet connection configuration mode: 1
2023-10-10 21:37:27,167 [INFO] JxBrowserEngine:151 - Initiate JxBrowser Engine with user profile folder
2023-10-10 21:37:27,369 [INFO] CheckServerUpdateThread:120 - End of CheckServer Thread
2023-10-10 21:37:27,992 [WARN] PackLoader:240 - Cannot read IP mode file for STMicroelectronics.X-CUBE-SMBUS.2.1.0
2023-10-10 21:37:28,080 [WARN] PackLoader:240 - Cannot read IP mode file for STMicroelectronics.X-CUBE-AZRTOS-F7.1.1.0
2023-10-10 21:37:28,112 [WARN] PackLoader:240 - Cannot read IP mode file for STMicroelectronics.FP-SNS-MOTENV1.4.3.2
2023-10-10 21:37:28,142 [WARN] PackLoader:240 - Cannot read IP mode file for STMicroelectronics.FP-SNS-FLIGHT1.5.0.2
2023-10-10 21:37:28,174 [WARN] PackLoader:240 - Cannot read IP mode file for STMicroelectronics.X-CUBE-DISPLAY.3.0.0
2023-10-10 21:37:28,211 [WARN] PackLoader:240 - Cannot read IP mode file for STMicroelectronics.X-CUBE-BLE1.7.0.0
2023-10-10 21:37:28,240 [WARN] PackLoader:240 - Cannot read IP mode file for emotas.I-CUBE-CANOPEN.1.3.0
2023-10-10 21:37:28,267 [WARN] PackLoader:240 - Cannot read IP mode file for STMicroelectronics.X-CUBE-TOUCHGFX.4.22.0
2023-10-10 21:37:28,291 [WARN] PackLoader:240 - Cannot read IP mode file for STMicroelectronics.X-CUBE-TOUCHGFX.4.22.1
2023-10-10 21:37:28,312 [WARN] PackLoader:240 - Cannot read IP mode file for STMicroelectronics.FP-SNS-SMARTAG2.1.2.0
2023-10-10 21:37:28,366 [INFO] LogOutputStream:77 - [STDOUT_REDIRECT] 1 : Invalid condition id : UX_CORESTACK_Condition cause : null
2023-10-10 21:37:28,368 [INFO] LogOutputStream:77 - [STDOUT_REDIRECT] 1 : Invalid condition id : UX_CORESTACK_Condition cause : null
2023-10-10 21:37:28,371 [INFO] LogOutputStream:77 - [STDOUT_REDIRECT] 1 : Invalid condition id : UX_CORESTACK_Condition cause : null
2023-10-10 21:37:28,374 [INFO] LogOutputStream:77 - [STDOUT_REDIRECT] 1 : Invalid condition id : UX_CORESTACK_Condition cause : null
2023-10-10 21:37:28,378 [INFO] LogOutputStream:77 - [STDOUT_REDIRECT] 1 : Invalid condition id : UX_CORESTACK_Condition cause : null
2023-10-10 21:37:28,389 [WARN] PackLoader:240 - Cannot read IP mode file for STMicroelectronics.X-CUBE-AZRTOS-WL.2.0.0
2023-10-10 21:37:28,427 [WARN] PackLoader:240 - Cannot read IP mode file for WES.I-CUBE-Cesium.1.3.0
2023-10-10 21:37:28,456 [WARN] PackLoader:240 - Cannot read IP mode file for STMicroelectronics.X-CUBE-BLE2.3.3.0
2023-10-10 21:37:28,492 [WARN] PackLoader:240 - Cannot read IP mode file for STMicroelectronics.X-CUBE-ALGOBUILD.1.3.0
2023-10-10 21:37:28,555 [WARN] PackLoader:240 - Cannot read IP mode file for STMicroelectronics.X-CUBE-AZRTOS-G0.1.1.0
2023-10-10 21:37:28,586 [WARN] PackLoader:240 - Cannot read IP mode file for STMicroelectronics.X-CUBE-NFC4.3.0.0
2023-10-10 21:37:28,610 [WARN] PackLoader:240 - Cannot read IP mode file for STMicroelectronics.FP-ATR-SIGFOX1.3.2.0
2023-10-10 21:37:28,676 [WARN] PackLoader:240 - Cannot read IP mode file for SEGGER.I-CUBE-embOS.1.3.1
2023-10-10 21:37:28,804 [WARN] PackLoader:240 - Cannot read IP mode file for STMicroelectronics.X-CUBE-GNSS1.6.0.0
2023-10-10 21:37:28,854 [WARN] PackLoader:240 - Cannot read IP mode file for STMicroelectronics.X-CUBE-AZRTOS-F4.1.1.0
2023-10-10 21:37:28,877 [WARN] PackLoader:240 - Cannot read IP mode file for wolfSSL.I-CUBE-wolfSSL.5.6.3
2023-10-10 21:37:28,926 [WARN] PackLoader:240 - Cannot read IP mode file for STMicroelectronics.X-CUBE-AZRTOS-L5.2.0.0
2023-10-10 21:37:29,021 [WARN] PackLoader:240 - Cannot read IP mode file for STMicroelectronics.X-CUBE-MEMS1.9.6.0
2023-10-10 21:37:29,363 [WARN] PackLoader:240 - Cannot read IP mode file for ITTIA_DB.I-CUBE-ITTIADB.8.8.0
2023-10-10 21:37:29,396 [WARN] PackLoader:240 - Cannot read IP mode file for STMicroelectronics.X-CUBE-BLEMGR.2.0.0
2023-10-10 21:37:29,510 [WARN] ConditionMgr:438 - getConditionDescription Invalid condition id : UX DEVICE CLASS RTOS Condition cause : null
2023-10-10 21:37:29,512 [WARN] ConditionMgr:438 - getConditionDescription Invalid condition id : UX DEVICE CLASS RTOS Condition cause : null
2023-10-10 21:37:29,529 [WARN] PackLoader:240 - Cannot read IP mode file for STMicroelectronics.X-CUBE-AZRTOS-H7.3.1.0
2023-10-10 21:37:29,532 [WARN] ConditionMgr:1039 - genDependencies : Invalid condition id : UX DEVICE CLASS RTOS Condition cause : null
2023-10-10 21:37:29,533 [WARN] ConditionMgr:1039 - genDependencies : Invalid condition id : UX DEVICE CLASS RTOS Condition cause : null
2023-10-10 21:37:29,535 [WARN] ConditionMgr:1039 - genDependencies : Invalid condition id : UX DEVICE CLASS RTOS Condition cause : null
2023-10-10 21:37:29,536 [WARN] ConditionMgr:1039 - genDependencies : Invalid condition id : UX DEVICE CLASS RTOS Condition cause : null
2023-10-10 21:37:29,538 [WARN] ConditionMgr:1039 - genDependencies : Invalid condition id : UX DEVICE CLASS RTOS Condition cause : null
2023-10-10 21:37:29,574 [WARN] PackLoader:240 - Cannot read IP mode file for STMicroelectronics.X-CUBE-NFC7.1.0.1
2023-10-10 21:37:29,606 [WARN] PackLoader:240 - Cannot read IP mode file for STMicroelectronics.X-CUBE-NFC6.3.0.0
2023-10-10 21:37:29,643 [WARN] PackLoader:240 - Cannot read IP mode file for STMicroelectronics.X-CUBE-EEPRMA1.4.1.0
2023-10-10 21:37:29,673 [WARN] PackLoader:240 - Cannot read IP mode file for STMicroelectronics.X-CUBE-AI.8.1.0
2023-10-10 21:37:29,744 [WARN] ConditionMgr:438 - getConditionDescription Invalid condition id : LAN8742 Phy interface Condition cause : null
2023-10-10 21:37:29,745 [WARN] PackLoader:240 - Cannot read IP mode file for STMicroelectronics.X-CUBE-AZRTOS-L4.2.0.0
2023-10-10 21:37:29,749 [WARN] ConditionMgr:1039 - genDependencies : Invalid condition id : LAN8742 Phy interface Condition cause : null
2023-10-10 21:37:29,750 [WARN] ConditionMgr:1039 - genDependencies : Invalid condition id : LAN8742 Phy interface Condition cause : null
2023-10-10 21:37:29,752 [WARN] ConditionMgr:1039 - genDependencies : Invalid condition id : LAN8742 Phy interface Condition cause : null
2023-10-10 21:37:29,781 [WARN] PackLoader:240 - Cannot read IP mode file for STMicroelectronics.X-CUBE-SFXS2LP1.4.0.0
2023-10-10 21:37:29,805 [WARN] PackLoader:240 - Cannot read IP mode file for STMicroelectronics.X-CUBE-ISPU.1.1.0
2023-10-10 21:37:29,848 [WARN] ConditionMgr:438 - getConditionDescription Invalid condition id : UX DEVICE CLASS RTOS Condition cause : null
2023-10-10 21:37:29,848 [WARN] ConditionMgr:438 - getConditionDescription Invalid condition id : UX DEVICE CLASS RTOS Condition cause : null
2023-10-10 21:37:29,852 [WARN] PackLoader:240 - Cannot read IP mode file for STMicroelectronics.X-CUBE-AZRTOS-WB.2.0.0
2023-10-10 21:37:29,853 [WARN] ConditionMgr:1039 - genDependencies : Invalid condition id : UX DEVICE CLASS RTOS Condition cause : null
2023-10-10 21:37:29,853 [WARN] ConditionMgr:1039 - genDependencies : Invalid condition id : UX DEVICE CLASS RTOS Condition cause : null
2023-10-10 21:37:29,855 [WARN] ConditionMgr:1039 - genDependencies : Invalid condition id : UX DEVICE CLASS RTOS Condition cause : null
2023-10-10 21:37:29,856 [WARN] ConditionMgr:1039 - genDependencies : Invalid condition id : UX DEVICE CLASS RTOS Condition cause : null
2023-10-10 21:37:29,857 [WARN] ConditionMgr:1039 - genDependencies : Invalid condition id : UX DEVICE CLASS RTOS Condition cause : null
2023-10-10 21:37:29,901 [WARN] PackLoader:240 - Cannot read IP mode file for STMicroelectronics.X-CUBE-SUBG2.5.0.0
2023-10-10 21:37:29,949 [WARN] PackLoader:240 - Cannot read IP mode file for STMicroelectronics.X-CUBE-TOF1.3.3.1
2023-10-10 21:37:30,029 [WARN] PackLoader:240 - Cannot read IP mode file for STMicroelectronics.X-CUBE-AZRTOS-G4.2.0.0
2023-10-10 21:37:30,073 [WARN] PackLoader:240 - Cannot read IP mode file for Infineon.AIROC-Wi-Fi-Bluetooth-STM32.1.5.1
2023-10-10 21:37:30,104 [WARN] PackLoader:240 - Cannot read IP mode file for STMicroelectronics.X-CUBE-FREERTOS.1.1.0
2023-10-10 21:37:30,129 [WARN] PackLoader:240 - Cannot read IP mode file for portGmbH.I-Cube-SoM-uGOAL.1.1.0
2023-10-10 21:37:30,157 [WARN] PackLoader:240 - Cannot read IP mode file for STMicroelectronics.X-CUBE-ALS.1.0.1
2023-10-10 21:37:30,183 [WARN] PackLoader:240 - Cannot read IP mode file for STMicroelectronics.FP-ATR-ASTRA1.2.0.0
2023-10-10 21:37:30,184 [INFO] ThirdParty:978 - Integrity check success = true
2023-10-10 21:37:30,185 [INFO] IntegrityCheckThread:100 - exiting critical section [integrity check]
2023-10-10 21:37:30,185 [INFO] IntegrityCheckThread:103 - End integrity checks thread
2023-10-10 21:37:32,592 [INFO] WebApp:157 - Instantiating new browser for Auth
2023-10-10 21:37:33,652 [INFO] WebApp:753 - Register for checkConnection events
2023-10-10 21:37:33,652 [INFO] WebApp:390 - Apply proxy settings
2023-10-10 21:37:33,652 [INFO] WebApp:475 - Chromium requires no authentication
2023-10-10 21:37:33,669 [INFO] WebApp:418 - Direct internet connection detected
2023-10-10 21:37:33,956 [INFO] WebApp:188 - Starting web application
2023-10-10 21:37:33,956 [INFO] WebApp:520 - Web application path used C:\ST\STM32CubeIDE_1.12.0\STM32CubeIDE\plugins\com.st.stm32cube.common.mx_6.9.1.202307191849\db\plugins\mcufinder\reactClient1\index.html
2023-10-10 21:37:55,785 [ERROR] LogOutputStream:75 - [STDERR_REDIRECT] SLF4J: Failed to load class "org.slf4j.impl.StaticLoggerBinder".
2023-10-10 21:37:55,785 [ERROR] LogOutputStream:75 - [STDERR_REDIRECT] SLF4J: Defaulting to no-operation (NOP) logger implementation
2023-10-10 21:37:55,787 [ERROR] LogOutputStream:75 - [STDERR_REDIRECT] SLF4J: See http://www.slf4j.org/codes.html#StaticLoggerBinder for further details.
2023-10-10 22:22:19,671 [ERROR] LogOutputStream:75 - [STDERR_REDIRECT] 
