2023-10-11 17:45:03,421 [INFO] Activator:176 - 


2023-10-11 17:45:03,431 [INFO] Activator:177 - !SESSION log4j initialized
2023-10-11 17:45:17,277 [INFO] LogOutputStream:77 - [STDOUT_REDIRECT] 
2023-10-11 17:45:22,911 [INFO] ApplicationProperties:184 - Using Application install path: C:\ST\STM32CubeIDE_1.12.0\STM32CubeIDE\plugins\com.st.stm32cube.common.mx_6.9.1.202307191849
2023-10-11 17:45:22,961 [INFO] DbMcusXml:78 - Set database path to: C:\ST\STM32CubeIDE_1.12.0\STM32CubeIDE\plugins\com.st.stm32cube.common.mx_6.9.1.202307191849\\db\/mcu/
2023-10-11 17:45:22,962 [INFO] ApiDb:274 - Set plugin database path to: C:\ST\STM32CubeIDE_1.12.0\STM32CubeIDE\plugins\com.st.stm32cube.common.mx_6.9.1.202307191849\\db\/plugins/boardmanager/
2023-10-11 17:45:22,964 [WARN] ApiDb:259 - Overriding images path with different value:  => C:\ST\STM32CubeIDE_1.12.0\STM32CubeIDE\plugins\com.st.stm32cube.common.mx_6.9.1.202307191849\\db\/plugins/mcufinder/images/
2023-10-11 17:45:23,019 [INFO] ApiDb:250 - Set database path to: C:\Users\win 10\.stmcufinder\plugins\mcufinder//mcu/
2023-10-11 17:45:23,022 [INFO] DbMcusAds:125 - Set database path to: C:\Users\win 10\.stmcufinder\plugins\mcufinder//mcu/
2023-10-11 17:45:23,027 [INFO] CrossReferenceDbSqlite:203 - Set database path to: C:\Users\win 10\.stmcufinder\plugins\mcufinder//mcu/cs/
2023-10-11 17:45:23,374 [INFO] RulesReader:64 - Compatibility file has been processed (293 Rules)
2023-10-11 17:45:23,597 [INFO] DbMcusXml:78 - Set database path to: C:\ST\STM32CubeIDE_1.12.0\STM32CubeIDE\plugins\com.st.stm32cube.common.mx_6.9.1.202307191849\\db\/mcu/
2023-10-11 17:45:23,599 [INFO] ApiDb:274 - Set plugin database path to: C:\ST\STM32CubeIDE_1.12.0\STM32CubeIDE\plugins\com.st.stm32cube.common.mx_6.9.1.202307191849\\db\/plugins/boardmanager/
2023-10-11 17:45:23,600 [INFO] ApiDb:261 - Set plugin images path to: C:\ST\STM32CubeIDE_1.12.0\STM32CubeIDE\plugins\com.st.stm32cube.common.mx_6.9.1.202307191849\\db\/plugins/mcufinder/images/
2023-10-11 17:45:23,601 [WARN] DbFile:41 - Overriding database path with different value: C:\Users\win 10\.stmcufinder\plugins\mcufinder/ => C:\Users\win 10\.stmcufinder\plugins\mcufinder
2023-10-11 17:45:23,602 [INFO] ApiDb:250 - Set database path to: C:\Users\win 10\.stmcufinder\plugins\mcufinder//mcu/
2023-10-11 17:45:23,602 [WARN] DbFile:41 - Overriding database path with different value: C:\Users\win 10\.stmcufinder\plugins\mcufinder/ => C:\Users\win 10\.stmcufinder\plugins\mcufinder
2023-10-11 17:45:23,603 [INFO] DbMcusAds:125 - Set database path to: C:\Users\win 10\.stmcufinder\plugins\mcufinder//mcu/
2023-10-11 17:45:23,603 [WARN] DbFile:41 - Overriding database path with different value: C:\Users\win 10\.stmcufinder\plugins\mcufinder/ => C:\Users\win 10\.stmcufinder\plugins\mcufinder
2023-10-11 17:45:23,603 [WARN] DbFile:41 - Overriding database path with different value: C:\Users\win 10\.stmcufinder\plugins\mcufinder/ => C:\Users\win 10\.stmcufinder\plugins\mcufinder
2023-10-11 17:45:23,603 [INFO] CrossReferenceDbSqlite:203 - Set database path to: C:\Users\win 10\.stmcufinder\plugins\mcufinder//mcu/cs/
2023-10-11 17:45:23,803 [INFO] MainPanel:262 - HeapMemory: 268435456
2023-10-11 17:45:24,103 [INFO] DbMcusXml:78 - Set database path to: C:\ST\STM32CubeIDE_1.12.0\STM32CubeIDE\plugins\com.st.stm32cube.common.mx_6.9.1.202307191849\\db\/mcu/
2023-10-11 17:45:24,103 [INFO] ApiDb:274 - Set plugin database path to: C:\ST\STM32CubeIDE_1.12.0\STM32CubeIDE\plugins\com.st.stm32cube.common.mx_6.9.1.202307191849\\db\/plugins/boardmanager/
2023-10-11 17:45:24,103 [INFO] ApiDb:261 - Set plugin images path to: C:\ST\STM32CubeIDE_1.12.0\STM32CubeIDE\plugins\com.st.stm32cube.common.mx_6.9.1.202307191849\\db\/plugins/mcufinder/images/
2023-10-11 17:45:24,104 [WARN] DbFile:41 - Overriding database path with different value: C:\Users\win 10\.stmcufinder\plugins\mcufinder/ => C:\Users\win 10\.stmcufinder\plugins\mcufinder
2023-10-11 17:45:24,104 [INFO] ApiDb:250 - Set database path to: C:\Users\win 10\.stmcufinder\plugins\mcufinder//mcu/
2023-10-11 17:45:24,104 [WARN] DbFile:41 - Overriding database path with different value: C:\Users\win 10\.stmcufinder\plugins\mcufinder/ => C:\Users\win 10\.stmcufinder\plugins\mcufinder
2023-10-11 17:45:24,105 [INFO] DbMcusAds:125 - Set database path to: C:\Users\win 10\.stmcufinder\plugins\mcufinder//mcu/
2023-10-11 17:45:24,105 [WARN] DbFile:41 - Overriding database path with different value: C:\Users\win 10\.stmcufinder\plugins\mcufinder/ => C:\Users\win 10\.stmcufinder\plugins\mcufinder
2023-10-11 17:45:24,105 [WARN] DbFile:41 - Overriding database path with different value: C:\Users\win 10\.stmcufinder\plugins\mcufinder/ => C:\Users\win 10\.stmcufinder\plugins\mcufinder
2023-10-11 17:45:24,105 [INFO] CrossReferenceDbSqlite:203 - Set database path to: C:\Users\win 10\.stmcufinder\plugins\mcufinder//mcu/cs/
2023-10-11 17:45:24,201 [INFO] ApplicationProperties:184 - Using Application install path: C:\ST\STM32CubeIDE_1.12.0\STM32CubeIDE\plugins\com.st.stm32cube.common.mx_6.9.1.202307191849
2023-10-11 17:45:24,209 [INFO] PluginManage:196 - Search for loadable plugins [exclusion list=, ]
2023-10-11 17:45:24,221 [INFO] PluginManage:310 - Check plugin analytics
2023-10-11 17:45:24,684 [INFO] AnalyticsPlugin:253 - Accepted Software Licenses: STM32CubeMX.6.5.0,STM32CubeMX.6.9.1
2023-10-11 17:45:24,685 [INFO] AnalyticsPlugin:255 - Accepted CMSIS Pack Licenses: 
2023-10-11 17:45:24,686 [INFO] AnalyticsPlugin:257 - Accepted Firmware Licenses: 
2023-10-11 17:45:24,693 [INFO] PluginManage:359 - Loaded plugin analytics (category:tool,tabindex:-1)
2023-10-11 17:45:24,694 [INFO] PluginManage:310 - Check plugin cadmodel
2023-10-11 17:45:24,724 [INFO] CADModel:105 - Init CAD model plugin
2023-10-11 17:45:24,724 [INFO] PluginManage:359 - Loaded plugin cadmodel (category:power,tabindex:5)
2023-10-11 17:45:24,725 [INFO] PluginManage:310 - Check plugin clock
2023-10-11 17:45:24,771 [INFO] PluginManage:359 - Loaded plugin clock (category:base,tabindex:2)
2023-10-11 17:45:24,773 [INFO] PluginManage:310 - Check plugin ddr
2023-10-11 17:45:24,779 [INFO] PluginManage:359 - Loaded plugin ddr (category:tool,tabindex:6)
2023-10-11 17:45:24,779 [INFO] PluginManage:310 - Check plugin filemanager
2023-10-11 17:45:25,120 [INFO] PluginManage:359 - Loaded plugin filemanager (category:base,tabindex:10)
2023-10-11 17:45:25,121 [INFO] PluginManage:310 - Check plugin ipmanager
2023-10-11 17:45:25,147 [INFO] PluginManage:359 - Loaded plugin ipmanager (category:base,tabindex:5)
2023-10-11 17:45:25,147 [INFO] PluginManage:310 - Check plugin lpbam
2023-10-11 17:45:25,192 [INFO] PluginManage:359 - Loaded plugin lpbam (category:base,tabindex:0)
2023-10-11 17:45:25,193 [INFO] PluginManage:310 - Check plugin memorymap
2023-10-11 17:45:25,259 [INFO] PluginManage:359 - Loaded plugin memorymap (category:base,tabindex:4)
2023-10-11 17:45:25,260 [INFO] PluginManage:310 - Check plugin pinoutandconfiguration
2023-10-11 17:45:25,298 [INFO] PluginManage:359 - Loaded plugin pinoutandconfiguration (category:base,tabindex:1)
2023-10-11 17:45:25,299 [INFO] PluginManage:310 - Check plugin pinoutconfig
2023-10-11 17:45:25,607 [WARN] SupportedApi:132 - Cannot load RTOS API schema: s4s-elt-must-match.1: The content of 'definitions' must match (annotation?, (simpleType | complexType)?, (unique | key | keyref)*)). A problem was found starting at: attribute.
2023-10-11 17:45:26,156 [INFO] PluginManage:359 - Loaded plugin pinoutconfig (category:base,tabindex:0)
2023-10-11 17:45:26,156 [INFO] PluginManage:310 - Check plugin power
2023-10-11 17:45:26,207 [INFO] PluginManage:359 - Loaded plugin power (category:power,tabindex:4)
2023-10-11 17:45:26,207 [INFO] PluginManage:310 - Check plugin projectmanager
2023-10-11 17:45:26,250 [INFO] PluginManage:359 - Loaded plugin projectmanager (category:projectmanager,tabindex:3)
2023-10-11 17:45:26,251 [INFO] PluginManage:310 - Check plugin thirdparty
2023-10-11 17:45:26,956 [INFO] PluginManage:359 - Loaded plugin thirdparty (category:base,tabindex:-1)
2023-10-11 17:45:26,956 [INFO] PluginManage:310 - Check plugin tools
2023-10-11 17:45:26,956 [WARN] IntegrityCheckThread:84 - waiting for thirdparty lock release [integrity check]
2023-10-11 17:45:26,958 [INFO] IntegrityCheckThread:86 - entering critical section [integrity check]
2023-10-11 17:45:26,960 [INFO] ThirdPartyUpdaterWithRetryManager:70 - Updater plugin not ready yet. [1/15]
2023-10-11 17:45:27,074 [INFO] PluginManage:359 - Loaded plugin tools (category:base,tabindex:7)
2023-10-11 17:45:27,075 [INFO] PluginManage:310 - Check plugin tutovideos
2023-10-11 17:45:27,742 [INFO] PluginManage:359 - Loaded plugin tutovideos (category:base,tabindex:-1)
2023-10-11 17:45:27,743 [INFO] PluginManage:310 - Check plugin updater
2023-10-11 17:45:27,774 [INFO] PluginManage:359 - Loaded plugin updater (category:base,tabindex:12)
2023-10-11 17:45:27,775 [INFO] PluginManage:310 - Check plugin userauth
2023-10-11 17:45:27,794 [INFO] UserAuth:113 - Init User Auth plugin
2023-10-11 17:45:27,795 [INFO] PluginManage:359 - Loaded plugin userauth (category:base,tabindex:14)
2023-10-11 17:45:27,798 [INFO] PluginManage:283 - PluginManage : Loaded plugins [17]
2023-10-11 17:45:28,587 [INFO] PinOutPanel:1499 - setPackage(No Configuration,No Configuration)
2023-10-11 17:45:28,954 [INFO] CADModel:165 - CPN selected for project level
2023-10-11 17:45:28,955 [INFO] CADModel:114 - Register for checkConnection events
2023-10-11 17:45:29,026 [INFO] IPUIPlugin:80 - create IPUIPlugin
2023-10-11 17:45:29,026 [INFO] PluginManager:220 - loadIPPluginJar : add adc
2023-10-11 17:45:29,122 [INFO] IPUIPlugin:80 - create IPUIPlugin
2023-10-11 17:45:29,122 [INFO] PluginManager:220 - loadIPPluginJar : add aes
2023-10-11 17:45:29,232 [INFO] IPUIPlugin:80 - create IPUIPlugin
2023-10-11 17:45:29,233 [INFO] PluginManager:220 - loadIPPluginJar : add can
2023-10-11 17:45:29,292 [INFO] IPUIPlugin:80 - create IPUIPlugin
2023-10-11 17:45:29,292 [INFO] PluginManager:220 - loadIPPluginJar : add comp
2023-10-11 17:45:29,370 [INFO] IPUIPlugin:80 - create IPUIPlugin
2023-10-11 17:45:29,370 [INFO] PluginManager:220 - loadIPPluginJar : add cryp
2023-10-11 17:45:29,452 [INFO] IPUIPlugin:80 - create IPUIPlugin
2023-10-11 17:45:29,453 [INFO] PluginManager:220 - loadIPPluginJar : add dfsdm
2023-10-11 17:45:29,490 [INFO] IPUIPlugin:80 - create IPUIPlugin
2023-10-11 17:45:29,492 [INFO] PluginManager:220 - loadIPPluginJar : add dma
2023-10-11 17:45:29,589 [INFO] IPUIPlugin:80 - create IPUIPlugin
2023-10-11 17:45:29,590 [INFO] PluginManager:220 - loadIPPluginJar : add dma3
2023-10-11 17:45:29,618 [INFO] IPUIPlugin:80 - create IPUIPlugin
2023-10-11 17:45:29,619 [INFO] PluginManager:220 - loadIPPluginJar : add fatfs
2023-10-11 17:45:29,684 [INFO] IPUIPlugin:80 - create IPUIPlugin
2023-10-11 17:45:29,684 [INFO] PluginManager:220 - loadIPPluginJar : add fmc
2023-10-11 17:45:29,704 [INFO] IPUIPlugin:80 - create IPUIPlugin
2023-10-11 17:45:29,705 [INFO] PluginManager:220 - loadIPPluginJar : add freertos
2023-10-11 17:45:29,739 [INFO] IPUIPlugin:80 - create IPUIPlugin
2023-10-11 17:45:29,739 [INFO] PluginManager:220 - loadIPPluginJar : add genericplugin
2023-10-11 17:45:29,952 [INFO] IPUIPlugin:80 - create IPUIPlugin
2023-10-11 17:45:29,952 [INFO] PluginManager:220 - loadIPPluginJar : add gfxmmu
2023-10-11 17:45:29,961 [INFO] ThirdPartyUpdaterWithRetryManager:70 - Updater plugin not ready yet. [2/15]
2023-10-11 17:45:30,254 [INFO] IPUIPlugin:80 - create IPUIPlugin
2023-10-11 17:45:30,255 [INFO] PluginManager:220 - loadIPPluginJar : add gic
2023-10-11 17:45:30,278 [INFO] IPUIPlugin:80 - create IPUIPlugin
2023-10-11 17:45:30,278 [INFO] PluginManager:220 - loadIPPluginJar : add gpio
2023-10-11 17:45:30,456 [INFO] IPUIPlugin:80 - create IPUIPlugin
2023-10-11 17:45:30,456 [INFO] PluginManager:220 - loadIPPluginJar : add gtzc
2023-10-11 17:45:30,525 [INFO] IPUIPlugin:80 - create IPUIPlugin
2023-10-11 17:45:30,526 [INFO] PluginManager:220 - loadIPPluginJar : add hash
2023-10-11 17:45:30,647 [INFO] IPUIPlugin:80 - create IPUIPlugin
2023-10-11 17:45:30,648 [INFO] PluginManager:220 - loadIPPluginJar : add i2c
2023-10-11 17:45:30,728 [INFO] IPUIPlugin:80 - create IPUIPlugin
2023-10-11 17:45:30,728 [INFO] PluginManager:220 - loadIPPluginJar : add i2s
2023-10-11 17:45:30,812 [INFO] IPUIPlugin:80 - create IPUIPlugin
2023-10-11 17:45:30,813 [INFO] PluginManager:220 - loadIPPluginJar : add i3c
2023-10-11 17:45:30,976 [INFO] IPUIPlugin:80 - create IPUIPlugin
2023-10-11 17:45:30,976 [INFO] PluginManager:220 - loadIPPluginJar : add ipddr
2023-10-11 17:45:31,125 [INFO] IPUIPlugin:80 - create IPUIPlugin
2023-10-11 17:45:31,126 [INFO] PluginManager:220 - loadIPPluginJar : add linkedlist
2023-10-11 17:45:31,182 [INFO] IPUIPlugin:80 - create IPUIPlugin
2023-10-11 17:45:31,182 [INFO] PluginManager:220 - loadIPPluginJar : add lorawan
2023-10-11 17:45:31,240 [INFO] IPUIPlugin:80 - create IPUIPlugin
2023-10-11 17:45:31,240 [INFO] PluginManager:220 - loadIPPluginJar : add ltdc
2023-10-11 17:45:31,263 [INFO] IPUIPlugin:80 - create IPUIPlugin
2023-10-11 17:45:31,264 [INFO] PluginManager:220 - loadIPPluginJar : add mdma
2023-10-11 17:45:31,284 [INFO] IPUIPlugin:80 - create IPUIPlugin
2023-10-11 17:45:31,285 [INFO] PluginManager:220 - loadIPPluginJar : add nvic
2023-10-11 17:45:31,332 [INFO] IPUIPlugin:80 - create IPUIPlugin
2023-10-11 17:45:31,333 [INFO] PluginManager:220 - loadIPPluginJar : add opamp
2023-10-11 17:45:31,430 [INFO] IPUIPlugin:80 - create IPUIPlugin
2023-10-11 17:45:31,431 [INFO] PluginManager:220 - loadIPPluginJar : add openamp
2023-10-11 17:45:31,513 [INFO] IPUIPlugin:80 - create IPUIPlugin
2023-10-11 17:45:31,513 [INFO] PluginManager:220 - loadIPPluginJar : add pdm2pcm
2023-10-11 17:45:31,538 [INFO] IPUIPlugin:80 - create IPUIPlugin
2023-10-11 17:45:31,544 [INFO] PluginManager:220 - loadIPPluginJar : add plateformsettings
2023-10-11 17:45:31,584 [INFO] IPUIPlugin:80 - create IPUIPlugin
2023-10-11 17:45:31,584 [INFO] PluginManager:220 - loadIPPluginJar : add quadspi
2023-10-11 17:45:31,605 [INFO] IPUIPlugin:80 - create IPUIPlugin
2023-10-11 17:45:31,605 [INFO] PluginManager:220 - loadIPPluginJar : add resmgrutility
2023-10-11 17:45:31,684 [INFO] IPUIPlugin:80 - create IPUIPlugin
2023-10-11 17:45:31,684 [INFO] PluginManager:220 - loadIPPluginJar : add sai
2023-10-11 17:45:31,743 [INFO] IPUIPlugin:80 - create IPUIPlugin
2023-10-11 17:45:31,744 [INFO] PluginManager:220 - loadIPPluginJar : add spi
2023-10-11 17:45:31,834 [INFO] IPUIPlugin:80 - create IPUIPlugin
2023-10-11 17:45:31,834 [INFO] PluginManager:220 - loadIPPluginJar : add stm32_wpan
2023-10-11 17:45:31,868 [INFO] IPUIPlugin:80 - create IPUIPlugin
2023-10-11 17:45:31,869 [INFO] PluginManager:220 - loadIPPluginJar : add tim
2023-10-11 17:45:31,939 [INFO] IPUIPlugin:80 - create IPUIPlugin
2023-10-11 17:45:31,939 [INFO] PluginManager:220 - loadIPPluginJar : add touchsensing
2023-10-11 17:45:31,971 [INFO] IPUIPlugin:80 - create IPUIPlugin
2023-10-11 17:45:31,971 [INFO] PluginManager:220 - loadIPPluginJar : add tracer_emb
2023-10-11 17:45:32,002 [INFO] IPUIPlugin:80 - create IPUIPlugin
2023-10-11 17:45:32,002 [INFO] PluginManager:220 - loadIPPluginJar : add ts
2023-10-11 17:45:32,029 [INFO] IPUIPlugin:80 - create IPUIPlugin
2023-10-11 17:45:32,030 [INFO] PluginManager:220 - loadIPPluginJar : add tsc
2023-10-11 17:45:32,056 [INFO] IPUIPlugin:80 - create IPUIPlugin
2023-10-11 17:45:32,056 [INFO] PluginManager:220 - loadIPPluginJar : add ucpd
2023-10-11 17:45:32,122 [INFO] IPUIPlugin:80 - create IPUIPlugin
2023-10-11 17:45:32,123 [INFO] PluginManager:220 - loadIPPluginJar : add usart
2023-10-11 17:45:32,178 [INFO] IPUIPlugin:80 - create IPUIPlugin
2023-10-11 17:45:32,178 [INFO] PluginManager:220 - loadIPPluginJar : add usbx
2023-10-11 17:45:32,369 [INFO] CADModel:165 - CPN selected for project level
2023-10-11 17:45:32,369 [INFO] CADModel:114 - Register for checkConnection events
2023-10-11 17:45:32,370 [FATAL] Updater:308 - Updater called before beeing initialized
2023-10-11 17:45:32,370 [ERROR] CADModel:125 - Updater not yet initialized, retry later 
2023-10-11 17:45:32,693 [INFO] CADModel:165 - CPN selected for project level
2023-10-11 17:45:32,693 [INFO] CADModel:114 - Register for checkConnection events
2023-10-11 17:45:32,694 [FATAL] Updater:308 - Updater called before beeing initialized
2023-10-11 17:45:32,694 [ERROR] CADModel:125 - Updater not yet initialized, retry later 
2023-10-11 17:45:32,704 [FATAL] Updater:308 - Updater called before beeing initialized
2023-10-11 17:45:32,922 [FATAL] Updater:308 - Updater called before beeing initialized
2023-10-11 17:45:32,938 [INFO] DbMcusAds:53 - JSON generation date=Tue Mar 07 15:50:55 ICT 2023 (1678179055114)
2023-10-11 17:45:32,938 [FATAL] Updater:308 - Updater called before beeing initialized
2023-10-11 17:45:32,962 [INFO] ThirdPartyUpdaterWithRetryManager:70 - Updater plugin not ready yet. [3/15]
2023-10-11 17:45:33,041 [WARN] DetailPanel:346 - Failed to get advertising image, set to default
2023-10-11 17:45:33,204 [FATAL] Updater:308 - Updater called before beeing initialized
2023-10-11 17:45:33,207 [FATAL] Updater:308 - Updater called before beeing initialized
2023-10-11 17:45:33,207 [FATAL] Updater:308 - Updater called before beeing initialized
2023-10-11 17:45:33,207 [WARN] DetailPanel:346 - Failed to get advertising image, set to default
2023-10-11 17:45:33,209 [FATAL] Updater:308 - Updater called before beeing initialized
2023-10-11 17:45:33,395 [ERROR] Updater:1120 - MainUpdater not yet initialized. External WinMGr cannot be set.
2023-10-11 17:45:33,412 [INFO] Updater:1056 - Updater Version found : 6.9.1
2023-10-11 17:45:33,448 [INFO] ApplicationProperties:184 - Using Application install path: C:\ST\STM32CubeIDE_1.12.0\STM32CubeIDE\plugins\com.st.stm32cube.common.mx_6.9.1.202307191849
2023-10-11 17:45:34,505 [INFO] MainUpdater:2868 - connection check result : 10
2023-10-11 17:45:34,507 [INFO] MainUpdater:285 - Updater Check For Update Now.
2023-10-11 17:45:34,507 [INFO] MicroXplorer:498 - Change Database Version : DB.6.0.91
2023-10-11 17:45:34,542 [INFO] McuFinderGlobals:63 - Set McuFinder mode to 2 (CubeIDE integrated)
2023-10-11 17:45:34,543 [INFO] UserAuth:179 - activating auth plugin
2023-10-11 17:45:34,569 [INFO] UserAuth:393 - Internet connection configuration mode: 1
2023-10-11 17:45:34,643 [INFO] JxBrowserEngine:151 - Initiate JxBrowser Engine with user profile folder
2023-10-11 17:45:34,877 [INFO] CheckServerUpdateThread:120 - End of CheckServer Thread
2023-10-11 17:45:36,397 [WARN] PackLoader:240 - Cannot read IP mode file for STMicroelectronics.X-CUBE-SMBUS.2.1.0
2023-10-11 17:45:36,534 [WARN] PackLoader:240 - Cannot read IP mode file for STMicroelectronics.X-CUBE-AZRTOS-F7.1.1.0
2023-10-11 17:45:36,577 [WARN] PackLoader:240 - Cannot read IP mode file for STMicroelectronics.FP-SNS-MOTENV1.4.3.2
2023-10-11 17:45:36,611 [WARN] PackLoader:240 - Cannot read IP mode file for STMicroelectronics.FP-SNS-FLIGHT1.5.0.2
2023-10-11 17:45:36,655 [WARN] PackLoader:240 - Cannot read IP mode file for STMicroelectronics.X-CUBE-DISPLAY.3.0.0
2023-10-11 17:45:36,708 [WARN] PackLoader:240 - Cannot read IP mode file for STMicroelectronics.X-CUBE-BLE1.7.0.0
2023-10-11 17:45:36,741 [WARN] PackLoader:240 - Cannot read IP mode file for emotas.I-CUBE-CANOPEN.1.3.0
2023-10-11 17:45:36,772 [WARN] PackLoader:240 - Cannot read IP mode file for STMicroelectronics.X-CUBE-TOUCHGFX.4.22.0
2023-10-11 17:45:36,794 [WARN] PackLoader:240 - Cannot read IP mode file for STMicroelectronics.X-CUBE-TOUCHGFX.4.22.1
2023-10-11 17:45:36,833 [WARN] PackLoader:240 - Cannot read IP mode file for STMicroelectronics.FP-SNS-SMARTAG2.1.2.0
2023-10-11 17:45:36,882 [INFO] LogOutputStream:77 - [STDOUT_REDIRECT] 1 : Invalid condition id : UX_CORESTACK_Condition cause : null
2023-10-11 17:45:36,884 [INFO] LogOutputStream:77 - [STDOUT_REDIRECT] 1 : Invalid condition id : UX_CORESTACK_Condition cause : null
2023-10-11 17:45:36,886 [INFO] LogOutputStream:77 - [STDOUT_REDIRECT] 1 : Invalid condition id : UX_CORESTACK_Condition cause : null
2023-10-11 17:45:36,889 [INFO] LogOutputStream:77 - [STDOUT_REDIRECT] 1 : Invalid condition id : UX_CORESTACK_Condition cause : null
2023-10-11 17:45:36,892 [INFO] LogOutputStream:77 - [STDOUT_REDIRECT] 1 : Invalid condition id : UX_CORESTACK_Condition cause : null
2023-10-11 17:45:36,906 [WARN] PackLoader:240 - Cannot read IP mode file for STMicroelectronics.X-CUBE-AZRTOS-WL.2.0.0
2023-10-11 17:45:36,943 [WARN] PackLoader:240 - Cannot read IP mode file for WES.I-CUBE-Cesium.1.3.0
2023-10-11 17:45:37,033 [WARN] PackLoader:240 - Cannot read IP mode file for STMicroelectronics.X-CUBE-BLE2.3.3.0
2023-10-11 17:45:37,100 [WARN] PackLoader:240 - Cannot read IP mode file for STMicroelectronics.X-CUBE-ALGOBUILD.1.3.0
2023-10-11 17:45:37,191 [WARN] PackLoader:240 - Cannot read IP mode file for STMicroelectronics.X-CUBE-AZRTOS-G0.1.1.0
2023-10-11 17:45:37,241 [WARN] PackLoader:240 - Cannot read IP mode file for STMicroelectronics.X-CUBE-NFC4.3.0.0
2023-10-11 17:45:37,326 [WARN] PackLoader:240 - Cannot read IP mode file for STMicroelectronics.FP-ATR-SIGFOX1.3.2.0
2023-10-11 17:45:37,422 [WARN] PackLoader:240 - Cannot read IP mode file for SEGGER.I-CUBE-embOS.1.3.1
2023-10-11 17:45:37,569 [WARN] PackLoader:240 - Cannot read IP mode file for STMicroelectronics.X-CUBE-GNSS1.6.0.0
2023-10-11 17:45:37,655 [WARN] PackLoader:240 - Cannot read IP mode file for STMicroelectronics.X-CUBE-AZRTOS-F4.1.1.0
2023-10-11 17:45:37,690 [WARN] PackLoader:240 - Cannot read IP mode file for wolfSSL.I-CUBE-wolfSSL.5.6.3
2023-10-11 17:45:37,774 [WARN] PackLoader:240 - Cannot read IP mode file for STMicroelectronics.X-CUBE-AZRTOS-L5.2.0.0
2023-10-11 17:45:37,935 [WARN] PackLoader:240 - Cannot read IP mode file for STMicroelectronics.X-CUBE-MEMS1.9.6.0
2023-10-11 17:45:38,391 [WARN] PackLoader:240 - Cannot read IP mode file for ITTIA_DB.I-CUBE-ITTIADB.8.8.0
2023-10-11 17:45:38,477 [WARN] PackLoader:240 - Cannot read IP mode file for STMicroelectronics.X-CUBE-BLEMGR.2.0.0
2023-10-11 17:45:38,571 [WARN] ConditionMgr:438 - getConditionDescription Invalid condition id : UX DEVICE CLASS RTOS Condition cause : null
2023-10-11 17:45:38,572 [WARN] ConditionMgr:438 - getConditionDescription Invalid condition id : UX DEVICE CLASS RTOS Condition cause : null
2023-10-11 17:45:38,578 [WARN] PackLoader:240 - Cannot read IP mode file for STMicroelectronics.X-CUBE-AZRTOS-H7.3.1.0
2023-10-11 17:45:38,587 [WARN] ConditionMgr:1039 - genDependencies : Invalid condition id : UX DEVICE CLASS RTOS Condition cause : null
2023-10-11 17:45:38,589 [WARN] ConditionMgr:1039 - genDependencies : Invalid condition id : UX DEVICE CLASS RTOS Condition cause : null
2023-10-11 17:45:38,591 [WARN] ConditionMgr:1039 - genDependencies : Invalid condition id : UX DEVICE CLASS RTOS Condition cause : null
2023-10-11 17:45:38,593 [WARN] ConditionMgr:1039 - genDependencies : Invalid condition id : UX DEVICE CLASS RTOS Condition cause : null
2023-10-11 17:45:38,593 [WARN] ConditionMgr:1039 - genDependencies : Invalid condition id : UX DEVICE CLASS RTOS Condition cause : null
2023-10-11 17:45:38,635 [WARN] PackLoader:240 - Cannot read IP mode file for STMicroelectronics.X-CUBE-NFC7.1.0.1
2023-10-11 17:45:38,675 [WARN] PackLoader:240 - Cannot read IP mode file for STMicroelectronics.X-CUBE-NFC6.3.0.0
2023-10-11 17:45:38,717 [WARN] PackLoader:240 - Cannot read IP mode file for STMicroelectronics.X-CUBE-EEPRMA1.4.1.0
2023-10-11 17:45:38,755 [WARN] PackLoader:240 - Cannot read IP mode file for STMicroelectronics.X-CUBE-AI.8.1.0
2023-10-11 17:45:38,885 [WARN] ConditionMgr:438 - getConditionDescription Invalid condition id : LAN8742 Phy interface Condition cause : null
2023-10-11 17:45:38,887 [WARN] PackLoader:240 - Cannot read IP mode file for STMicroelectronics.X-CUBE-AZRTOS-L4.2.0.0
2023-10-11 17:45:38,889 [WARN] ConditionMgr:1039 - genDependencies : Invalid condition id : LAN8742 Phy interface Condition cause : null
2023-10-11 17:45:38,890 [WARN] ConditionMgr:1039 - genDependencies : Invalid condition id : LAN8742 Phy interface Condition cause : null
2023-10-11 17:45:38,891 [WARN] ConditionMgr:1039 - genDependencies : Invalid condition id : LAN8742 Phy interface Condition cause : null
2023-10-11 17:45:38,927 [WARN] PackLoader:240 - Cannot read IP mode file for STMicroelectronics.X-CUBE-SFXS2LP1.4.0.0
2023-10-11 17:45:38,959 [WARN] PackLoader:240 - Cannot read IP mode file for STMicroelectronics.X-CUBE-ISPU.1.1.0
2023-10-11 17:45:39,026 [WARN] ConditionMgr:438 - getConditionDescription Invalid condition id : UX DEVICE CLASS RTOS Condition cause : null
2023-10-11 17:45:39,027 [WARN] ConditionMgr:438 - getConditionDescription Invalid condition id : UX DEVICE CLASS RTOS Condition cause : null
2023-10-11 17:45:39,034 [WARN] PackLoader:240 - Cannot read IP mode file for STMicroelectronics.X-CUBE-AZRTOS-WB.2.0.0
2023-10-11 17:45:39,035 [WARN] ConditionMgr:1039 - genDependencies : Invalid condition id : UX DEVICE CLASS RTOS Condition cause : null
2023-10-11 17:45:39,036 [WARN] ConditionMgr:1039 - genDependencies : Invalid condition id : UX DEVICE CLASS RTOS Condition cause : null
2023-10-11 17:45:39,037 [WARN] ConditionMgr:1039 - genDependencies : Invalid condition id : UX DEVICE CLASS RTOS Condition cause : null
2023-10-11 17:45:39,039 [WARN] ConditionMgr:1039 - genDependencies : Invalid condition id : UX DEVICE CLASS RTOS Condition cause : null
2023-10-11 17:45:39,039 [WARN] ConditionMgr:1039 - genDependencies : Invalid condition id : UX DEVICE CLASS RTOS Condition cause : null
2023-10-11 17:45:39,092 [WARN] PackLoader:240 - Cannot read IP mode file for STMicroelectronics.X-CUBE-SUBG2.5.0.0
2023-10-11 17:45:39,170 [WARN] PackLoader:240 - Cannot read IP mode file for STMicroelectronics.X-CUBE-TOF1.3.3.1
2023-10-11 17:45:39,255 [WARN] PackLoader:240 - Cannot read IP mode file for STMicroelectronics.X-CUBE-AZRTOS-G4.2.0.0
2023-10-11 17:45:39,359 [WARN] PackLoader:240 - Cannot read IP mode file for Infineon.AIROC-Wi-Fi-Bluetooth-STM32.1.5.1
2023-10-11 17:45:39,472 [WARN] PackLoader:240 - Cannot read IP mode file for STMicroelectronics.X-CUBE-FREERTOS.1.1.0
2023-10-11 17:45:39,644 [WARN] PackLoader:240 - Cannot read IP mode file for portGmbH.I-Cube-SoM-uGOAL.1.1.0
2023-10-11 17:45:39,770 [WARN] PackLoader:240 - Cannot read IP mode file for STMicroelectronics.X-CUBE-ALS.1.0.1
2023-10-11 17:45:39,869 [WARN] PackLoader:240 - Cannot read IP mode file for STMicroelectronics.FP-ATR-ASTRA1.2.0.0
2023-10-11 17:45:39,872 [INFO] ThirdParty:978 - Integrity check success = true
2023-10-11 17:45:39,872 [INFO] IntegrityCheckThread:100 - exiting critical section [integrity check]
2023-10-11 17:45:39,872 [INFO] IntegrityCheckThread:103 - End integrity checks thread
2023-10-11 17:45:40,176 [INFO] WebApp:157 - Instantiating new browser for Auth
2023-10-11 17:45:42,172 [INFO] WebApp:753 - Register for checkConnection events
2023-10-11 17:45:42,173 [INFO] WebApp:390 - Apply proxy settings
2023-10-11 17:45:42,173 [INFO] WebApp:475 - Chromium requires no authentication
2023-10-11 17:45:42,190 [INFO] WebApp:418 - Direct internet connection detected
2023-10-11 17:45:42,455 [INFO] WebApp:188 - Starting web application
2023-10-11 17:45:42,456 [INFO] WebApp:520 - Web application path used C:\ST\STM32CubeIDE_1.12.0\STM32CubeIDE\plugins\com.st.stm32cube.common.mx_6.9.1.202307191849\db\plugins\mcufinder\reactClient1\index.html
2023-10-11 17:46:05,197 [ERROR] LogOutputStream:75 - [STDERR_REDIRECT] SLF4J: Failed to load class "org.slf4j.impl.StaticLoggerBinder".
2023-10-11 17:46:05,198 [ERROR] LogOutputStream:75 - [STDERR_REDIRECT] SLF4J: Defaulting to no-operation (NOP) logger implementation
2023-10-11 17:46:05,200 [ERROR] LogOutputStream:75 - [STDERR_REDIRECT] SLF4J: See http://www.slf4j.org/codes.html#StaticLoggerBinder for further details.
