2023-10-13 07:46:50,470 [INFO] Activator:176 - 


2023-10-13 07:46:50,484 [INFO] Activator:177 - !SESSION log4j initialized
2023-10-13 07:47:06,297 [INFO] LogOutputStream:77 - [STDOUT_REDIRECT] 
2023-10-13 07:47:10,874 [INFO] ApplicationProperties:184 - Using Application install path: C:\ST\STM32CubeIDE_1.12.0\STM32CubeIDE\plugins\com.st.stm32cube.common.mx_6.9.1.202307191849
2023-10-13 07:47:10,925 [INFO] DbMcusXml:78 - Set database path to: C:\ST\STM32CubeIDE_1.12.0\STM32CubeIDE\plugins\com.st.stm32cube.common.mx_6.9.1.202307191849\\db\/mcu/
2023-10-13 07:47:10,926 [INFO] ApiDb:274 - Set plugin database path to: C:\ST\STM32CubeIDE_1.12.0\STM32CubeIDE\plugins\com.st.stm32cube.common.mx_6.9.1.202307191849\\db\/plugins/boardmanager/
2023-10-13 07:47:10,928 [WARN] ApiDb:259 - Overriding images path with different value:  => C:\ST\STM32CubeIDE_1.12.0\STM32CubeIDE\plugins\com.st.stm32cube.common.mx_6.9.1.202307191849\\db\/plugins/mcufinder/images/
2023-10-13 07:47:10,974 [INFO] ApiDb:250 - Set database path to: C:\Users\win 10\.stmcufinder\plugins\mcufinder//mcu/
2023-10-13 07:47:10,977 [INFO] DbMcusAds:125 - Set database path to: C:\Users\win 10\.stmcufinder\plugins\mcufinder//mcu/
2023-10-13 07:47:10,982 [INFO] CrossReferenceDbSqlite:203 - Set database path to: C:\Users\win 10\.stmcufinder\plugins\mcufinder//mcu/cs/
2023-10-13 07:47:11,298 [INFO] RulesReader:64 - Compatibility file has been processed (293 Rules)
2023-10-13 07:47:11,463 [INFO] DbMcusXml:78 - Set database path to: C:\ST\STM32CubeIDE_1.12.0\STM32CubeIDE\plugins\com.st.stm32cube.common.mx_6.9.1.202307191849\\db\/mcu/
2023-10-13 07:47:11,464 [INFO] ApiDb:274 - Set plugin database path to: C:\ST\STM32CubeIDE_1.12.0\STM32CubeIDE\plugins\com.st.stm32cube.common.mx_6.9.1.202307191849\\db\/plugins/boardmanager/
2023-10-13 07:47:11,464 [INFO] ApiDb:261 - Set plugin images path to: C:\ST\STM32CubeIDE_1.12.0\STM32CubeIDE\plugins\com.st.stm32cube.common.mx_6.9.1.202307191849\\db\/plugins/mcufinder/images/
2023-10-13 07:47:11,465 [WARN] DbFile:41 - Overriding database path with different value: C:\Users\win 10\.stmcufinder\plugins\mcufinder/ => C:\Users\win 10\.stmcufinder\plugins\mcufinder
2023-10-13 07:47:11,465 [INFO] ApiDb:250 - Set database path to: C:\Users\win 10\.stmcufinder\plugins\mcufinder//mcu/
2023-10-13 07:47:11,466 [WARN] DbFile:41 - Overriding database path with different value: C:\Users\win 10\.stmcufinder\plugins\mcufinder/ => C:\Users\win 10\.stmcufinder\plugins\mcufinder
2023-10-13 07:47:11,466 [INFO] DbMcusAds:125 - Set database path to: C:\Users\win 10\.stmcufinder\plugins\mcufinder//mcu/
2023-10-13 07:47:11,467 [WARN] DbFile:41 - Overriding database path with different value: C:\Users\win 10\.stmcufinder\plugins\mcufinder/ => C:\Users\win 10\.stmcufinder\plugins\mcufinder
2023-10-13 07:47:11,467 [WARN] DbFile:41 - Overriding database path with different value: C:\Users\win 10\.stmcufinder\plugins\mcufinder/ => C:\Users\win 10\.stmcufinder\plugins\mcufinder
2023-10-13 07:47:11,467 [INFO] CrossReferenceDbSqlite:203 - Set database path to: C:\Users\win 10\.stmcufinder\plugins\mcufinder//mcu/cs/
2023-10-13 07:47:11,614 [INFO] MainPanel:262 - HeapMemory: 268435456
2023-10-13 07:47:11,781 [INFO] DbMcusXml:78 - Set database path to: C:\ST\STM32CubeIDE_1.12.0\STM32CubeIDE\plugins\com.st.stm32cube.common.mx_6.9.1.202307191849\\db\/mcu/
2023-10-13 07:47:11,781 [INFO] ApiDb:274 - Set plugin database path to: C:\ST\STM32CubeIDE_1.12.0\STM32CubeIDE\plugins\com.st.stm32cube.common.mx_6.9.1.202307191849\\db\/plugins/boardmanager/
2023-10-13 07:47:11,782 [INFO] ApiDb:261 - Set plugin images path to: C:\ST\STM32CubeIDE_1.12.0\STM32CubeIDE\plugins\com.st.stm32cube.common.mx_6.9.1.202307191849\\db\/plugins/mcufinder/images/
2023-10-13 07:47:11,783 [WARN] DbFile:41 - Overriding database path with different value: C:\Users\win 10\.stmcufinder\plugins\mcufinder/ => C:\Users\win 10\.stmcufinder\plugins\mcufinder
2023-10-13 07:47:11,784 [INFO] ApiDb:250 - Set database path to: C:\Users\win 10\.stmcufinder\plugins\mcufinder//mcu/
2023-10-13 07:47:11,784 [WARN] DbFile:41 - Overriding database path with different value: C:\Users\win 10\.stmcufinder\plugins\mcufinder/ => C:\Users\win 10\.stmcufinder\plugins\mcufinder
2023-10-13 07:47:11,784 [INFO] DbMcusAds:125 - Set database path to: C:\Users\win 10\.stmcufinder\plugins\mcufinder//mcu/
2023-10-13 07:47:11,785 [WARN] DbFile:41 - Overriding database path with different value: C:\Users\win 10\.stmcufinder\plugins\mcufinder/ => C:\Users\win 10\.stmcufinder\plugins\mcufinder
2023-10-13 07:47:11,785 [WARN] DbFile:41 - Overriding database path with different value: C:\Users\win 10\.stmcufinder\plugins\mcufinder/ => C:\Users\win 10\.stmcufinder\plugins\mcufinder
2023-10-13 07:47:11,785 [INFO] CrossReferenceDbSqlite:203 - Set database path to: C:\Users\win 10\.stmcufinder\plugins\mcufinder//mcu/cs/
2023-10-13 07:47:11,836 [INFO] ApplicationProperties:184 - Using Application install path: C:\ST\STM32CubeIDE_1.12.0\STM32CubeIDE\plugins\com.st.stm32cube.common.mx_6.9.1.202307191849
2023-10-13 07:47:11,839 [INFO] PluginManage:196 - Search for loadable plugins [exclusion list=, ]
2023-10-13 07:47:11,843 [INFO] PluginManage:310 - Check plugin analytics
2023-10-13 07:47:12,330 [INFO] AnalyticsPlugin:253 - Accepted Software Licenses: STM32CubeMX.6.5.0,STM32CubeMX.6.9.1
2023-10-13 07:47:12,331 [INFO] AnalyticsPlugin:255 - Accepted CMSIS Pack Licenses: 
2023-10-13 07:47:12,332 [INFO] AnalyticsPlugin:257 - Accepted Firmware Licenses: 
2023-10-13 07:47:12,346 [INFO] PluginManage:359 - Loaded plugin analytics (category:tool,tabindex:-1)
2023-10-13 07:47:12,348 [INFO] PluginManage:310 - Check plugin cadmodel
2023-10-13 07:47:12,385 [INFO] CADModel:105 - Init CAD model plugin
2023-10-13 07:47:12,386 [INFO] PluginManage:359 - Loaded plugin cadmodel (category:power,tabindex:5)
2023-10-13 07:47:12,387 [INFO] PluginManage:310 - Check plugin clock
2023-10-13 07:47:12,453 [INFO] PluginManage:359 - Loaded plugin clock (category:base,tabindex:2)
2023-10-13 07:47:12,454 [INFO] PluginManage:310 - Check plugin ddr
2023-10-13 07:47:12,465 [INFO] PluginManage:359 - Loaded plugin ddr (category:tool,tabindex:6)
2023-10-13 07:47:12,467 [INFO] PluginManage:310 - Check plugin filemanager
2023-10-13 07:47:12,986 [INFO] PluginManage:359 - Loaded plugin filemanager (category:base,tabindex:10)
2023-10-13 07:47:12,987 [INFO] PluginManage:310 - Check plugin ipmanager
2023-10-13 07:47:13,013 [INFO] PluginManage:359 - Loaded plugin ipmanager (category:base,tabindex:5)
2023-10-13 07:47:13,013 [INFO] PluginManage:310 - Check plugin lpbam
2023-10-13 07:47:13,072 [INFO] PluginManage:359 - Loaded plugin lpbam (category:base,tabindex:0)
2023-10-13 07:47:13,073 [INFO] PluginManage:310 - Check plugin memorymap
2023-10-13 07:47:13,161 [INFO] PluginManage:359 - Loaded plugin memorymap (category:base,tabindex:4)
2023-10-13 07:47:13,161 [INFO] PluginManage:310 - Check plugin pinoutandconfiguration
2023-10-13 07:47:13,227 [INFO] PluginManage:359 - Loaded plugin pinoutandconfiguration (category:base,tabindex:1)
2023-10-13 07:47:13,228 [INFO] PluginManage:310 - Check plugin pinoutconfig
2023-10-13 07:47:13,747 [WARN] SupportedApi:132 - Cannot load RTOS API schema: s4s-elt-must-match.1: The content of 'definitions' must match (annotation?, (simpleType | complexType)?, (unique | key | keyref)*)). A problem was found starting at: attribute.
2023-10-13 07:47:14,241 [INFO] PluginManage:359 - Loaded plugin pinoutconfig (category:base,tabindex:0)
2023-10-13 07:47:14,241 [INFO] PluginManage:310 - Check plugin power
2023-10-13 07:47:14,298 [INFO] PluginManage:359 - Loaded plugin power (category:power,tabindex:4)
2023-10-13 07:47:14,298 [INFO] PluginManage:310 - Check plugin projectmanager
2023-10-13 07:47:14,341 [INFO] PluginManage:359 - Loaded plugin projectmanager (category:projectmanager,tabindex:3)
2023-10-13 07:47:14,342 [INFO] PluginManage:310 - Check plugin thirdparty
2023-10-13 07:47:15,143 [INFO] PluginManage:359 - Loaded plugin thirdparty (category:base,tabindex:-1)
2023-10-13 07:47:15,143 [WARN] IntegrityCheckThread:84 - waiting for thirdparty lock release [integrity check]
2023-10-13 07:47:15,144 [INFO] PluginManage:310 - Check plugin tools
2023-10-13 07:47:15,144 [INFO] IntegrityCheckThread:86 - entering critical section [integrity check]
2023-10-13 07:47:15,145 [INFO] ThirdPartyUpdaterWithRetryManager:70 - Updater plugin not ready yet. [1/15]
2023-10-13 07:47:15,231 [INFO] PluginManage:359 - Loaded plugin tools (category:base,tabindex:7)
2023-10-13 07:47:15,232 [INFO] PluginManage:310 - Check plugin tutovideos
2023-10-13 07:47:15,885 [INFO] PluginManage:359 - Loaded plugin tutovideos (category:base,tabindex:-1)
2023-10-13 07:47:15,885 [INFO] PluginManage:310 - Check plugin updater
2023-10-13 07:47:15,936 [INFO] PluginManage:359 - Loaded plugin updater (category:base,tabindex:12)
2023-10-13 07:47:15,937 [INFO] PluginManage:310 - Check plugin userauth
2023-10-13 07:47:15,953 [INFO] UserAuth:113 - Init User Auth plugin
2023-10-13 07:47:15,954 [INFO] PluginManage:359 - Loaded plugin userauth (category:base,tabindex:14)
2023-10-13 07:47:15,956 [INFO] PluginManage:283 - PluginManage : Loaded plugins [17]
2023-10-13 07:47:16,742 [INFO] PinOutPanel:1499 - setPackage(No Configuration,No Configuration)
2023-10-13 07:47:17,001 [INFO] CADModel:165 - CPN selected for project level
2023-10-13 07:47:17,001 [INFO] CADModel:114 - Register for checkConnection events
2023-10-13 07:47:17,054 [INFO] IPUIPlugin:80 - create IPUIPlugin
2023-10-13 07:47:17,054 [INFO] PluginManager:220 - loadIPPluginJar : add adc
2023-10-13 07:47:17,128 [INFO] IPUIPlugin:80 - create IPUIPlugin
2023-10-13 07:47:17,128 [INFO] PluginManager:220 - loadIPPluginJar : add aes
2023-10-13 07:47:17,222 [INFO] IPUIPlugin:80 - create IPUIPlugin
2023-10-13 07:47:17,223 [INFO] PluginManager:220 - loadIPPluginJar : add can
2023-10-13 07:47:17,274 [INFO] IPUIPlugin:80 - create IPUIPlugin
2023-10-13 07:47:17,274 [INFO] PluginManager:220 - loadIPPluginJar : add comp
2023-10-13 07:47:17,346 [INFO] IPUIPlugin:80 - create IPUIPlugin
2023-10-13 07:47:17,346 [INFO] PluginManager:220 - loadIPPluginJar : add cryp
2023-10-13 07:47:17,407 [INFO] IPUIPlugin:80 - create IPUIPlugin
2023-10-13 07:47:17,408 [INFO] PluginManager:220 - loadIPPluginJar : add dfsdm
2023-10-13 07:47:17,442 [INFO] IPUIPlugin:80 - create IPUIPlugin
2023-10-13 07:47:17,444 [INFO] PluginManager:220 - loadIPPluginJar : add dma
2023-10-13 07:47:17,532 [INFO] IPUIPlugin:80 - create IPUIPlugin
2023-10-13 07:47:17,532 [INFO] PluginManager:220 - loadIPPluginJar : add dma3
2023-10-13 07:47:17,571 [INFO] IPUIPlugin:80 - create IPUIPlugin
2023-10-13 07:47:17,571 [INFO] PluginManager:220 - loadIPPluginJar : add fatfs
2023-10-13 07:47:17,659 [INFO] IPUIPlugin:80 - create IPUIPlugin
2023-10-13 07:47:17,659 [INFO] PluginManager:220 - loadIPPluginJar : add fmc
2023-10-13 07:47:17,683 [INFO] IPUIPlugin:80 - create IPUIPlugin
2023-10-13 07:47:17,683 [INFO] PluginManager:220 - loadIPPluginJar : add freertos
2023-10-13 07:47:17,721 [INFO] IPUIPlugin:80 - create IPUIPlugin
2023-10-13 07:47:17,722 [INFO] PluginManager:220 - loadIPPluginJar : add genericplugin
2023-10-13 07:47:17,905 [INFO] IPUIPlugin:80 - create IPUIPlugin
2023-10-13 07:47:17,906 [INFO] PluginManager:220 - loadIPPluginJar : add gfxmmu
2023-10-13 07:47:18,147 [INFO] ThirdPartyUpdaterWithRetryManager:70 - Updater plugin not ready yet. [2/15]
2023-10-13 07:47:18,187 [INFO] IPUIPlugin:80 - create IPUIPlugin
2023-10-13 07:47:18,187 [INFO] PluginManager:220 - loadIPPluginJar : add gic
2023-10-13 07:47:18,217 [INFO] IPUIPlugin:80 - create IPUIPlugin
2023-10-13 07:47:18,218 [INFO] PluginManager:220 - loadIPPluginJar : add gpio
2023-10-13 07:47:18,474 [INFO] IPUIPlugin:80 - create IPUIPlugin
2023-10-13 07:47:18,475 [INFO] PluginManager:220 - loadIPPluginJar : add gtzc
2023-10-13 07:47:18,575 [INFO] IPUIPlugin:80 - create IPUIPlugin
2023-10-13 07:47:18,576 [INFO] PluginManager:220 - loadIPPluginJar : add hash
2023-10-13 07:47:18,748 [INFO] IPUIPlugin:80 - create IPUIPlugin
2023-10-13 07:47:18,749 [INFO] PluginManager:220 - loadIPPluginJar : add i2c
2023-10-13 07:47:18,883 [INFO] IPUIPlugin:80 - create IPUIPlugin
2023-10-13 07:47:18,883 [INFO] PluginManager:220 - loadIPPluginJar : add i2s
2023-10-13 07:47:19,015 [INFO] IPUIPlugin:80 - create IPUIPlugin
2023-10-13 07:47:19,016 [INFO] PluginManager:220 - loadIPPluginJar : add i3c
2023-10-13 07:47:19,461 [INFO] IPUIPlugin:80 - create IPUIPlugin
2023-10-13 07:47:19,462 [INFO] PluginManager:220 - loadIPPluginJar : add ipddr
2023-10-13 07:47:19,823 [INFO] IPUIPlugin:80 - create IPUIPlugin
2023-10-13 07:47:19,824 [INFO] PluginManager:220 - loadIPPluginJar : add linkedlist
2023-10-13 07:47:19,937 [INFO] IPUIPlugin:80 - create IPUIPlugin
2023-10-13 07:47:19,937 [INFO] PluginManager:220 - loadIPPluginJar : add lorawan
2023-10-13 07:47:20,056 [INFO] IPUIPlugin:80 - create IPUIPlugin
2023-10-13 07:47:20,057 [INFO] PluginManager:220 - loadIPPluginJar : add ltdc
2023-10-13 07:47:20,108 [INFO] IPUIPlugin:80 - create IPUIPlugin
2023-10-13 07:47:20,110 [INFO] PluginManager:220 - loadIPPluginJar : add mdma
2023-10-13 07:47:20,157 [INFO] IPUIPlugin:80 - create IPUIPlugin
2023-10-13 07:47:20,158 [INFO] PluginManager:220 - loadIPPluginJar : add nvic
2023-10-13 07:47:20,279 [INFO] IPUIPlugin:80 - create IPUIPlugin
2023-10-13 07:47:20,280 [INFO] PluginManager:220 - loadIPPluginJar : add opamp
2023-10-13 07:47:20,440 [INFO] IPUIPlugin:80 - create IPUIPlugin
2023-10-13 07:47:20,441 [INFO] PluginManager:220 - loadIPPluginJar : add openamp
2023-10-13 07:47:20,542 [INFO] IPUIPlugin:80 - create IPUIPlugin
2023-10-13 07:47:20,542 [INFO] PluginManager:220 - loadIPPluginJar : add pdm2pcm
2023-10-13 07:47:20,570 [INFO] IPUIPlugin:80 - create IPUIPlugin
2023-10-13 07:47:20,575 [INFO] PluginManager:220 - loadIPPluginJar : add plateformsettings
2023-10-13 07:47:20,618 [INFO] IPUIPlugin:80 - create IPUIPlugin
2023-10-13 07:47:20,619 [INFO] PluginManager:220 - loadIPPluginJar : add quadspi
2023-10-13 07:47:20,644 [INFO] IPUIPlugin:80 - create IPUIPlugin
2023-10-13 07:47:20,644 [INFO] PluginManager:220 - loadIPPluginJar : add resmgrutility
2023-10-13 07:47:20,755 [INFO] IPUIPlugin:80 - create IPUIPlugin
2023-10-13 07:47:20,756 [INFO] PluginManager:220 - loadIPPluginJar : add sai
2023-10-13 07:47:20,820 [INFO] IPUIPlugin:80 - create IPUIPlugin
2023-10-13 07:47:20,820 [INFO] PluginManager:220 - loadIPPluginJar : add spi
2023-10-13 07:47:20,917 [INFO] IPUIPlugin:80 - create IPUIPlugin
2023-10-13 07:47:20,917 [INFO] PluginManager:220 - loadIPPluginJar : add stm32_wpan
2023-10-13 07:47:20,950 [INFO] IPUIPlugin:80 - create IPUIPlugin
2023-10-13 07:47:20,950 [INFO] PluginManager:220 - loadIPPluginJar : add tim
2023-10-13 07:47:21,043 [INFO] IPUIPlugin:80 - create IPUIPlugin
2023-10-13 07:47:21,044 [INFO] PluginManager:220 - loadIPPluginJar : add touchsensing
2023-10-13 07:47:21,078 [INFO] IPUIPlugin:80 - create IPUIPlugin
2023-10-13 07:47:21,079 [INFO] PluginManager:220 - loadIPPluginJar : add tracer_emb
2023-10-13 07:47:21,112 [INFO] IPUIPlugin:80 - create IPUIPlugin
2023-10-13 07:47:21,112 [INFO] PluginManager:220 - loadIPPluginJar : add ts
2023-10-13 07:47:21,147 [INFO] IPUIPlugin:80 - create IPUIPlugin
2023-10-13 07:47:21,147 [INFO] PluginManager:220 - loadIPPluginJar : add tsc
2023-10-13 07:47:21,148 [INFO] ThirdPartyUpdaterWithRetryManager:70 - Updater plugin not ready yet. [3/15]
2023-10-13 07:47:21,178 [INFO] IPUIPlugin:80 - create IPUIPlugin
2023-10-13 07:47:21,178 [INFO] PluginManager:220 - loadIPPluginJar : add ucpd
2023-10-13 07:47:21,256 [INFO] IPUIPlugin:80 - create IPUIPlugin
2023-10-13 07:47:21,256 [INFO] PluginManager:220 - loadIPPluginJar : add usart
2023-10-13 07:47:21,332 [INFO] IPUIPlugin:80 - create IPUIPlugin
2023-10-13 07:47:21,332 [INFO] PluginManager:220 - loadIPPluginJar : add usbx
2023-10-13 07:47:21,590 [INFO] CADModel:165 - CPN selected for project level
2023-10-13 07:47:21,591 [INFO] CADModel:114 - Register for checkConnection events
2023-10-13 07:47:21,592 [FATAL] Updater:308 - Updater called before beeing initialized
2023-10-13 07:47:21,592 [ERROR] CADModel:125 - Updater not yet initialized, retry later 
2023-10-13 07:47:22,127 [INFO] CADModel:165 - CPN selected for project level
2023-10-13 07:47:22,127 [INFO] CADModel:114 - Register for checkConnection events
2023-10-13 07:47:22,128 [FATAL] Updater:308 - Updater called before beeing initialized
2023-10-13 07:47:22,128 [ERROR] CADModel:125 - Updater not yet initialized, retry later 
2023-10-13 07:47:22,138 [FATAL] Updater:308 - Updater called before beeing initialized
2023-10-13 07:47:22,486 [FATAL] Updater:308 - Updater called before beeing initialized
2023-10-13 07:47:22,520 [INFO] DbMcusAds:53 - JSON generation date=Tue Mar 07 15:50:55 ICT 2023 (1678179055114)
2023-10-13 07:47:22,521 [FATAL] Updater:308 - Updater called before beeing initialized
2023-10-13 07:47:22,741 [WARN] DetailPanel:346 - Failed to get advertising image, set to default
2023-10-13 07:47:23,013 [FATAL] Updater:308 - Updater called before beeing initialized
2023-10-13 07:47:23,035 [FATAL] Updater:308 - Updater called before beeing initialized
2023-10-13 07:47:23,037 [FATAL] Updater:308 - Updater called before beeing initialized
2023-10-13 07:47:23,038 [WARN] DetailPanel:346 - Failed to get advertising image, set to default
2023-10-13 07:47:23,043 [FATAL] Updater:308 - Updater called before beeing initialized
2023-10-13 07:47:23,380 [ERROR] Updater:1120 - MainUpdater not yet initialized. External WinMGr cannot be set.
2023-10-13 07:47:23,411 [INFO] Updater:1056 - Updater Version found : 6.9.1
2023-10-13 07:47:23,481 [INFO] ApplicationProperties:184 - Using Application install path: C:\ST\STM32CubeIDE_1.12.0\STM32CubeIDE\plugins\com.st.stm32cube.common.mx_6.9.1.202307191849
2023-10-13 07:47:24,110 [INFO] MainUpdater:2868 - connection check result : 10
2023-10-13 07:47:24,110 [INFO] MainUpdater:3562 - Updater definition file requires update
2023-10-13 07:47:24,113 [INFO] MainUpdater:285 - Updater Check For Update Now.
2023-10-13 07:47:24,113 [INFO] MicroXplorer:498 - Change Database Version : DB.6.0.91
2023-10-13 07:47:24,139 [INFO] McuFinderGlobals:63 - Set McuFinder mode to 2 (CubeIDE integrated)
2023-10-13 07:47:24,140 [INFO] UserAuth:179 - activating auth plugin
2023-10-13 07:47:24,144 [INFO] UserAuth:393 - Internet connection configuration mode: 1
2023-10-13 07:47:24,150 [WARN] MainUpdater:1189 - Updater busy. Cannot search thirdparties
2023-10-13 07:47:24,151 [INFO] ThirdPartyUpdaterWithRetryManager:96 - Updater plugin is busy. [1/15]
2023-10-13 07:47:24,168 [INFO] ServerAccessManage:473 - Download File updaters.zip
2023-10-13 07:47:24,211 [INFO] JxBrowserEngine:151 - Initiate JxBrowser Engine with user profile folder
2023-10-13 07:47:24,393 [INFO] FileExtend:240 - Unzip File : updaters.zip
2023-10-13 07:47:24,394 [INFO] FileExtend:255 - Standard Zip Deflate
2023-10-13 07:47:25,453 [INFO] ServerAccessManage:473 - Download File PacksControlFlags.xml
2023-10-13 07:47:25,635 [INFO] ServerAccessManage:473 - Download File cubemx.pidx
2023-10-13 07:47:25,927 [INFO] LoadServerUpdatesThread:373 - End of LoadServerUpdate Thread
2023-10-13 07:47:26,255 [INFO] CheckServerUpdateThread:120 - End of CheckServer Thread
2023-10-13 07:47:27,643 [WARN] PackLoader:240 - Cannot read IP mode file for STMicroelectronics.X-CUBE-SMBUS.2.1.0
2023-10-13 07:47:27,788 [WARN] PackLoader:240 - Cannot read IP mode file for STMicroelectronics.X-CUBE-AZRTOS-F7.1.1.0
2023-10-13 07:47:27,842 [WARN] PackLoader:240 - Cannot read IP mode file for STMicroelectronics.FP-SNS-MOTENV1.4.3.2
2023-10-13 07:47:27,888 [WARN] PackLoader:240 - Cannot read IP mode file for STMicroelectronics.FP-SNS-FLIGHT1.5.0.2
2023-10-13 07:47:27,927 [WARN] PackLoader:240 - Cannot read IP mode file for STMicroelectronics.X-CUBE-DISPLAY.3.0.0
2023-10-13 07:47:27,976 [WARN] PackLoader:240 - Cannot read IP mode file for STMicroelectronics.X-CUBE-BLE1.7.0.0
2023-10-13 07:47:28,006 [WARN] PackLoader:240 - Cannot read IP mode file for emotas.I-CUBE-CANOPEN.1.3.0
2023-10-13 07:47:28,029 [WARN] PackLoader:240 - Cannot read IP mode file for STMicroelectronics.X-CUBE-TOUCHGFX.4.22.0
2023-10-13 07:47:28,044 [WARN] PackLoader:240 - Cannot read IP mode file for STMicroelectronics.X-CUBE-TOUCHGFX.4.22.1
2023-10-13 07:47:28,067 [WARN] PackLoader:240 - Cannot read IP mode file for STMicroelectronics.FP-SNS-SMARTAG2.1.2.0
2023-10-13 07:47:28,109 [INFO] LogOutputStream:77 - [STDOUT_REDIRECT] 1 : Invalid condition id : UX_CORESTACK_Condition cause : null
2023-10-13 07:47:28,110 [INFO] LogOutputStream:77 - [STDOUT_REDIRECT] 1 : Invalid condition id : UX_CORESTACK_Condition cause : null
2023-10-13 07:47:28,112 [INFO] LogOutputStream:77 - [STDOUT_REDIRECT] 1 : Invalid condition id : UX_CORESTACK_Condition cause : null
2023-10-13 07:47:28,114 [INFO] LogOutputStream:77 - [STDOUT_REDIRECT] 1 : Invalid condition id : UX_CORESTACK_Condition cause : null
2023-10-13 07:47:28,118 [INFO] LogOutputStream:77 - [STDOUT_REDIRECT] 1 : Invalid condition id : UX_CORESTACK_Condition cause : null
2023-10-13 07:47:28,129 [WARN] PackLoader:240 - Cannot read IP mode file for STMicroelectronics.X-CUBE-AZRTOS-WL.2.0.0
2023-10-13 07:47:28,166 [WARN] PackLoader:240 - Cannot read IP mode file for WES.I-CUBE-Cesium.1.3.0
2023-10-13 07:47:28,193 [WARN] PackLoader:240 - Cannot read IP mode file for STMicroelectronics.X-CUBE-BLE2.3.3.0
2023-10-13 07:47:28,222 [WARN] PackLoader:240 - Cannot read IP mode file for STMicroelectronics.X-CUBE-ALGOBUILD.1.3.0
2023-10-13 07:47:28,302 [WARN] PackLoader:240 - Cannot read IP mode file for STMicroelectronics.X-CUBE-AZRTOS-G0.1.1.0
2023-10-13 07:47:28,338 [WARN] PackLoader:240 - Cannot read IP mode file for STMicroelectronics.X-CUBE-NFC4.3.0.0
2023-10-13 07:47:28,363 [WARN] PackLoader:240 - Cannot read IP mode file for STMicroelectronics.FP-ATR-SIGFOX1.3.2.0
2023-10-13 07:47:28,463 [WARN] PackLoader:240 - Cannot read IP mode file for SEGGER.I-CUBE-embOS.1.3.1
2023-10-13 07:47:28,621 [WARN] PackLoader:240 - Cannot read IP mode file for STMicroelectronics.X-CUBE-GNSS1.6.0.0
2023-10-13 07:47:28,709 [WARN] PackLoader:240 - Cannot read IP mode file for STMicroelectronics.X-CUBE-AZRTOS-F4.1.1.0
2023-10-13 07:47:28,753 [WARN] PackLoader:240 - Cannot read IP mode file for wolfSSL.I-CUBE-wolfSSL.5.6.3
2023-10-13 07:47:28,833 [WARN] PackLoader:240 - Cannot read IP mode file for STMicroelectronics.X-CUBE-AZRTOS-L5.2.0.0
2023-10-13 07:47:28,968 [WARN] PackLoader:240 - Cannot read IP mode file for STMicroelectronics.X-CUBE-MEMS1.9.6.0
2023-10-13 07:47:29,369 [WARN] PackLoader:240 - Cannot read IP mode file for ITTIA_DB.I-CUBE-ITTIADB.8.8.0
2023-10-13 07:47:29,402 [WARN] PackLoader:240 - Cannot read IP mode file for STMicroelectronics.X-CUBE-BLEMGR.2.0.0
2023-10-13 07:47:29,465 [WARN] ConditionMgr:438 - getConditionDescription Invalid condition id : UX DEVICE CLASS RTOS Condition cause : null
2023-10-13 07:47:29,466 [WARN] ConditionMgr:438 - getConditionDescription Invalid condition id : UX DEVICE CLASS RTOS Condition cause : null
2023-10-13 07:47:29,477 [WARN] PackLoader:240 - Cannot read IP mode file for STMicroelectronics.X-CUBE-AZRTOS-H7.3.1.0
2023-10-13 07:47:29,482 [WARN] ConditionMgr:1039 - genDependencies : Invalid condition id : UX DEVICE CLASS RTOS Condition cause : null
2023-10-13 07:47:29,483 [WARN] ConditionMgr:1039 - genDependencies : Invalid condition id : UX DEVICE CLASS RTOS Condition cause : null
2023-10-13 07:47:29,485 [WARN] ConditionMgr:1039 - genDependencies : Invalid condition id : UX DEVICE CLASS RTOS Condition cause : null
2023-10-13 07:47:29,487 [WARN] ConditionMgr:1039 - genDependencies : Invalid condition id : UX DEVICE CLASS RTOS Condition cause : null
2023-10-13 07:47:29,488 [WARN] ConditionMgr:1039 - genDependencies : Invalid condition id : UX DEVICE CLASS RTOS Condition cause : null
2023-10-13 07:47:29,537 [WARN] PackLoader:240 - Cannot read IP mode file for STMicroelectronics.X-CUBE-NFC7.1.0.1
2023-10-13 07:47:29,578 [WARN] PackLoader:240 - Cannot read IP mode file for STMicroelectronics.X-CUBE-NFC6.3.0.0
2023-10-13 07:47:29,627 [WARN] PackLoader:240 - Cannot read IP mode file for STMicroelectronics.X-CUBE-EEPRMA1.4.1.0
2023-10-13 07:47:29,727 [WARN] PackLoader:240 - Cannot read IP mode file for STMicroelectronics.X-CUBE-AI.8.1.0
2023-10-13 07:47:29,797 [WARN] ConditionMgr:438 - getConditionDescription Invalid condition id : LAN8742 Phy interface Condition cause : null
2023-10-13 07:47:29,799 [WARN] PackLoader:240 - Cannot read IP mode file for STMicroelectronics.X-CUBE-AZRTOS-L4.2.0.0
2023-10-13 07:47:29,803 [WARN] ConditionMgr:1039 - genDependencies : Invalid condition id : LAN8742 Phy interface Condition cause : null
2023-10-13 07:47:29,804 [WARN] ConditionMgr:1039 - genDependencies : Invalid condition id : LAN8742 Phy interface Condition cause : null
2023-10-13 07:47:29,805 [WARN] ConditionMgr:1039 - genDependencies : Invalid condition id : LAN8742 Phy interface Condition cause : null
2023-10-13 07:47:29,844 [WARN] PackLoader:240 - Cannot read IP mode file for STMicroelectronics.X-CUBE-SFXS2LP1.4.0.0
2023-10-13 07:47:29,878 [WARN] PackLoader:240 - Cannot read IP mode file for STMicroelectronics.X-CUBE-ISPU.1.1.0
2023-10-13 07:47:29,931 [WARN] ConditionMgr:438 - getConditionDescription Invalid condition id : UX DEVICE CLASS RTOS Condition cause : null
2023-10-13 07:47:29,931 [WARN] ConditionMgr:438 - getConditionDescription Invalid condition id : UX DEVICE CLASS RTOS Condition cause : null
2023-10-13 07:47:29,936 [WARN] PackLoader:240 - Cannot read IP mode file for STMicroelectronics.X-CUBE-AZRTOS-WB.2.0.0
2023-10-13 07:47:29,937 [WARN] ConditionMgr:1039 - genDependencies : Invalid condition id : UX DEVICE CLASS RTOS Condition cause : null
2023-10-13 07:47:29,937 [WARN] ConditionMgr:1039 - genDependencies : Invalid condition id : UX DEVICE CLASS RTOS Condition cause : null
2023-10-13 07:47:29,939 [WARN] ConditionMgr:1039 - genDependencies : Invalid condition id : UX DEVICE CLASS RTOS Condition cause : null
2023-10-13 07:47:29,940 [WARN] ConditionMgr:1039 - genDependencies : Invalid condition id : UX DEVICE CLASS RTOS Condition cause : null
2023-10-13 07:47:29,940 [WARN] ConditionMgr:1039 - genDependencies : Invalid condition id : UX DEVICE CLASS RTOS Condition cause : null
2023-10-13 07:47:30,000 [WARN] PackLoader:240 - Cannot read IP mode file for STMicroelectronics.X-CUBE-SUBG2.5.0.0
2023-10-13 07:47:30,050 [WARN] PackLoader:240 - Cannot read IP mode file for STMicroelectronics.X-CUBE-TOF1.3.3.1
2023-10-13 07:47:30,112 [WARN] PackLoader:240 - Cannot read IP mode file for STMicroelectronics.X-CUBE-AZRTOS-G4.2.0.0
2023-10-13 07:47:30,163 [WARN] PackLoader:240 - Cannot read IP mode file for Infineon.AIROC-Wi-Fi-Bluetooth-STM32.1.5.1
2023-10-13 07:47:30,191 [WARN] PackLoader:240 - Cannot read IP mode file for STMicroelectronics.X-CUBE-FREERTOS.1.1.0
2023-10-13 07:47:30,234 [WARN] PackLoader:240 - Cannot read IP mode file for portGmbH.I-Cube-SoM-uGOAL.1.1.0
2023-10-13 07:47:30,274 [WARN] PackLoader:240 - Cannot read IP mode file for STMicroelectronics.X-CUBE-ALS.1.0.1
2023-10-13 07:47:30,322 [WARN] PackLoader:240 - Cannot read IP mode file for STMicroelectronics.FP-ATR-ASTRA1.2.0.0
2023-10-13 07:47:30,325 [INFO] ThirdParty:978 - Integrity check success = true
2023-10-13 07:47:30,325 [INFO] IntegrityCheckThread:100 - exiting critical section [integrity check]
2023-10-13 07:47:30,325 [INFO] IntegrityCheckThread:103 - End integrity checks thread
2023-10-13 07:47:30,829 [INFO] WebApp:157 - Instantiating new browser for Auth
2023-10-13 07:47:32,298 [INFO] WebApp:753 - Register for checkConnection events
2023-10-13 07:47:32,299 [INFO] WebApp:390 - Apply proxy settings
2023-10-13 07:47:32,300 [INFO] WebApp:475 - Chromium requires no authentication
2023-10-13 07:47:32,323 [INFO] WebApp:418 - Direct internet connection detected
2023-10-13 07:47:32,724 [INFO] WebApp:188 - Starting web application
2023-10-13 07:47:32,725 [INFO] WebApp:520 - Web application path used C:\ST\STM32CubeIDE_1.12.0\STM32CubeIDE\plugins\com.st.stm32cube.common.mx_6.9.1.202307191849\db\plugins\mcufinder\reactClient1\index.html
2023-10-13 07:47:56,337 [ERROR] LogOutputStream:75 - [STDERR_REDIRECT] SLF4J: Failed to load class "org.slf4j.impl.StaticLoggerBinder".
2023-10-13 07:47:56,338 [ERROR] LogOutputStream:75 - [STDERR_REDIRECT] SLF4J: Defaulting to no-operation (NOP) logger implementation
2023-10-13 07:47:56,343 [ERROR] LogOutputStream:75 - [STDERR_REDIRECT] SLF4J: See http://www.slf4j.org/codes.html#StaticLoggerBinder for further details.
2023-10-13 07:49:01,899 [INFO] LogOutputStream:77 - [STDOUT_REDIRECT] Exception in update check thread
2023-10-13 07:49:01,903 [ERROR] LogOutputStream:75 - [STDERR_REDIRECT] java.lang.IllegalStateException: bundle org.eclipse.equinox.p2.repositoryis not started
2023-10-13 07:49:01,907 [ERROR] LogOutputStream:75 - [STDERR_REDIRECT] 	at org.eclipse.equinox.internal.p2.repository.Activator.getContext(Activator.java:65)
2023-10-13 07:49:01,914 [ERROR] LogOutputStream:75 - [STDERR_REDIRECT] 	at org.eclipse.equinox.internal.p2.repository.helpers.AbstractRepositoryManager.restoreFromSystemProperty(AbstractRepositoryManager.java:1013)
2023-10-13 07:49:01,920 [ERROR] LogOutputStream:75 - [STDERR_REDIRECT] 	at org.eclipse.equinox.internal.p2.repository.helpers.AbstractRepositoryManager.restoreRepositories(AbstractRepositoryManager.java:1033)
2023-10-13 07:49:01,926 [ERROR] LogOutputStream:75 - [STDERR_REDIRECT] 	at org.eclipse.equinox.internal.p2.repository.helpers.AbstractRepositoryManager.getRepositoryProperty(AbstractRepositoryManager.java:571)
2023-10-13 07:49:01,931 [ERROR] LogOutputStream:75 - [STDERR_REDIRECT] 	at org.eclipse.equinox.internal.p2.repository.helpers.AbstractRepositoryManager.loadRepository(AbstractRepositoryManager.java:703)
2023-10-13 07:49:01,936 [ERROR] LogOutputStream:75 - [STDERR_REDIRECT] 	at org.eclipse.equinox.internal.p2.metadata.repository.MetadataRepositoryManager.loadRepository(MetadataRepositoryManager.java:110)
2023-10-13 07:49:01,942 [ERROR] LogOutputStream:75 - [STDERR_REDIRECT] 	at org.eclipse.equinox.internal.p2.metadata.repository.MetadataRepositoryManager.loadRepository(MetadataRepositoryManager.java:105)
2023-10-13 07:49:01,947 [ERROR] LogOutputStream:75 - [STDERR_REDIRECT] 	at org.eclipse.equinox.internal.p2.updatechecker.UpdateChecker.getAvailableRepositories(UpdateChecker.java:152)
2023-10-13 07:49:01,951 [ERROR] LogOutputStream:75 - [STDERR_REDIRECT] 	at org.eclipse.equinox.internal.p2.updatechecker.UpdateChecker.checkForUpdates(UpdateChecker.java:130)
2023-10-13 07:49:01,955 [ERROR] LogOutputStream:75 - [STDERR_REDIRECT] 	at org.eclipse.equinox.internal.p2.updatechecker.UpdateChecker$UpdateCheckThread.run(UpdateChecker.java:78)
2023-10-13 07:49:01,981 [ERROR] LogOutputStream:75 - [STDERR_REDIRECT] 
2023-10-13 10:36:44,605 [INFO] Activator:176 - 


2023-10-13 10:36:44,608 [INFO] Activator:177 - !SESSION log4j initialized
2023-10-13 10:36:55,260 [INFO] LogOutputStream:77 - [STDOUT_REDIRECT] 
2023-10-13 10:36:58,074 [INFO] ApplicationProperties:184 - Using Application install path: C:\ST\STM32CubeIDE_1.12.0\STM32CubeIDE\plugins\com.st.stm32cube.common.mx_6.9.1.202307191849
2023-10-13 10:36:58,101 [INFO] DbMcusXml:78 - Set database path to: C:\ST\STM32CubeIDE_1.12.0\STM32CubeIDE\plugins\com.st.stm32cube.common.mx_6.9.1.202307191849\\db\/mcu/
2023-10-13 10:36:58,102 [INFO] ApiDb:274 - Set plugin database path to: C:\ST\STM32CubeIDE_1.12.0\STM32CubeIDE\plugins\com.st.stm32cube.common.mx_6.9.1.202307191849\\db\/plugins/boardmanager/
2023-10-13 10:36:58,102 [WARN] ApiDb:259 - Overriding images path with different value:  => C:\ST\STM32CubeIDE_1.12.0\STM32CubeIDE\plugins\com.st.stm32cube.common.mx_6.9.1.202307191849\\db\/plugins/mcufinder/images/
2023-10-13 10:36:58,128 [INFO] ApiDb:250 - Set database path to: C:\Users\win 10\.stmcufinder\plugins\mcufinder//mcu/
2023-10-13 10:36:58,130 [INFO] DbMcusAds:125 - Set database path to: C:\Users\win 10\.stmcufinder\plugins\mcufinder//mcu/
2023-10-13 10:36:58,133 [INFO] CrossReferenceDbSqlite:203 - Set database path to: C:\Users\win 10\.stmcufinder\plugins\mcufinder//mcu/cs/
2023-10-13 10:36:58,291 [INFO] RulesReader:64 - Compatibility file has been processed (293 Rules)
2023-10-13 10:36:58,493 [INFO] DbMcusXml:78 - Set database path to: C:\ST\STM32CubeIDE_1.12.0\STM32CubeIDE\plugins\com.st.stm32cube.common.mx_6.9.1.202307191849\\db\/mcu/
2023-10-13 10:36:58,493 [INFO] ApiDb:274 - Set plugin database path to: C:\ST\STM32CubeIDE_1.12.0\STM32CubeIDE\plugins\com.st.stm32cube.common.mx_6.9.1.202307191849\\db\/plugins/boardmanager/
2023-10-13 10:36:58,494 [INFO] ApiDb:261 - Set plugin images path to: C:\ST\STM32CubeIDE_1.12.0\STM32CubeIDE\plugins\com.st.stm32cube.common.mx_6.9.1.202307191849\\db\/plugins/mcufinder/images/
2023-10-13 10:36:58,494 [WARN] DbFile:41 - Overriding database path with different value: C:\Users\win 10\.stmcufinder\plugins\mcufinder/ => C:\Users\win 10\.stmcufinder\plugins\mcufinder
2023-10-13 10:36:58,494 [INFO] ApiDb:250 - Set database path to: C:\Users\win 10\.stmcufinder\plugins\mcufinder//mcu/
2023-10-13 10:36:58,494 [WARN] DbFile:41 - Overriding database path with different value: C:\Users\win 10\.stmcufinder\plugins\mcufinder/ => C:\Users\win 10\.stmcufinder\plugins\mcufinder
2023-10-13 10:36:58,494 [INFO] DbMcusAds:125 - Set database path to: C:\Users\win 10\.stmcufinder\plugins\mcufinder//mcu/
2023-10-13 10:36:58,495 [WARN] DbFile:41 - Overriding database path with different value: C:\Users\win 10\.stmcufinder\plugins\mcufinder/ => C:\Users\win 10\.stmcufinder\plugins\mcufinder
2023-10-13 10:36:58,495 [WARN] DbFile:41 - Overriding database path with different value: C:\Users\win 10\.stmcufinder\plugins\mcufinder/ => C:\Users\win 10\.stmcufinder\plugins\mcufinder
2023-10-13 10:36:58,495 [INFO] CrossReferenceDbSqlite:203 - Set database path to: C:\Users\win 10\.stmcufinder\plugins\mcufinder//mcu/cs/
2023-10-13 10:36:58,636 [INFO] MainPanel:262 - HeapMemory: 268435456
2023-10-13 10:36:58,770 [INFO] DbMcusXml:78 - Set database path to: C:\ST\STM32CubeIDE_1.12.0\STM32CubeIDE\plugins\com.st.stm32cube.common.mx_6.9.1.202307191849\\db\/mcu/
2023-10-13 10:36:58,770 [INFO] ApiDb:274 - Set plugin database path to: C:\ST\STM32CubeIDE_1.12.0\STM32CubeIDE\plugins\com.st.stm32cube.common.mx_6.9.1.202307191849\\db\/plugins/boardmanager/
2023-10-13 10:36:58,770 [INFO] ApiDb:261 - Set plugin images path to: C:\ST\STM32CubeIDE_1.12.0\STM32CubeIDE\plugins\com.st.stm32cube.common.mx_6.9.1.202307191849\\db\/plugins/mcufinder/images/
2023-10-13 10:36:58,771 [WARN] DbFile:41 - Overriding database path with different value: C:\Users\win 10\.stmcufinder\plugins\mcufinder/ => C:\Users\win 10\.stmcufinder\plugins\mcufinder
2023-10-13 10:36:58,771 [INFO] ApiDb:250 - Set database path to: C:\Users\win 10\.stmcufinder\plugins\mcufinder//mcu/
2023-10-13 10:36:58,771 [WARN] DbFile:41 - Overriding database path with different value: C:\Users\win 10\.stmcufinder\plugins\mcufinder/ => C:\Users\win 10\.stmcufinder\plugins\mcufinder
2023-10-13 10:36:58,771 [INFO] DbMcusAds:125 - Set database path to: C:\Users\win 10\.stmcufinder\plugins\mcufinder//mcu/
2023-10-13 10:36:58,771 [WARN] DbFile:41 - Overriding database path with different value: C:\Users\win 10\.stmcufinder\plugins\mcufinder/ => C:\Users\win 10\.stmcufinder\plugins\mcufinder
2023-10-13 10:36:58,771 [WARN] DbFile:41 - Overriding database path with different value: C:\Users\win 10\.stmcufinder\plugins\mcufinder/ => C:\Users\win 10\.stmcufinder\plugins\mcufinder
2023-10-13 10:36:58,771 [INFO] CrossReferenceDbSqlite:203 - Set database path to: C:\Users\win 10\.stmcufinder\plugins\mcufinder//mcu/cs/
2023-10-13 10:36:58,796 [INFO] ApplicationProperties:184 - Using Application install path: C:\ST\STM32CubeIDE_1.12.0\STM32CubeIDE\plugins\com.st.stm32cube.common.mx_6.9.1.202307191849
2023-10-13 10:36:58,798 [INFO] PluginManage:196 - Search for loadable plugins [exclusion list=, ]
2023-10-13 10:36:58,801 [INFO] PluginManage:310 - Check plugin analytics
2023-10-13 10:36:59,147 [INFO] AnalyticsPlugin:253 - Accepted Software Licenses: STM32CubeMX.6.5.0,STM32CubeMX.6.9.1
2023-10-13 10:36:59,148 [INFO] AnalyticsPlugin:255 - Accepted CMSIS Pack Licenses: 
2023-10-13 10:36:59,149 [INFO] AnalyticsPlugin:257 - Accepted Firmware Licenses: 
2023-10-13 10:36:59,158 [INFO] PluginManage:359 - Loaded plugin analytics (category:tool,tabindex:-1)
2023-10-13 10:36:59,159 [INFO] PluginManage:310 - Check plugin cadmodel
2023-10-13 10:36:59,218 [INFO] CADModel:105 - Init CAD model plugin
2023-10-13 10:36:59,219 [INFO] PluginManage:359 - Loaded plugin cadmodel (category:power,tabindex:5)
2023-10-13 10:36:59,219 [INFO] PluginManage:310 - Check plugin clock
2023-10-13 10:36:59,259 [INFO] PluginManage:359 - Loaded plugin clock (category:base,tabindex:2)
2023-10-13 10:36:59,260 [INFO] PluginManage:310 - Check plugin ddr
2023-10-13 10:36:59,269 [INFO] PluginManage:359 - Loaded plugin ddr (category:tool,tabindex:6)
2023-10-13 10:36:59,269 [INFO] PluginManage:310 - Check plugin filemanager
2023-10-13 10:36:59,580 [INFO] PluginManage:359 - Loaded plugin filemanager (category:base,tabindex:10)
2023-10-13 10:36:59,581 [INFO] PluginManage:310 - Check plugin ipmanager
2023-10-13 10:36:59,596 [INFO] PluginManage:359 - Loaded plugin ipmanager (category:base,tabindex:5)
2023-10-13 10:36:59,596 [INFO] PluginManage:310 - Check plugin lpbam
2023-10-13 10:36:59,631 [INFO] PluginManage:359 - Loaded plugin lpbam (category:base,tabindex:0)
2023-10-13 10:36:59,631 [INFO] PluginManage:310 - Check plugin memorymap
2023-10-13 10:36:59,671 [INFO] PluginManage:359 - Loaded plugin memorymap (category:base,tabindex:4)
2023-10-13 10:36:59,671 [INFO] PluginManage:310 - Check plugin pinoutandconfiguration
2023-10-13 10:36:59,700 [INFO] PluginManage:359 - Loaded plugin pinoutandconfiguration (category:base,tabindex:1)
2023-10-13 10:36:59,700 [INFO] PluginManage:310 - Check plugin pinoutconfig
2023-10-13 10:36:59,904 [WARN] SupportedApi:132 - Cannot load RTOS API schema: s4s-elt-must-match.1: The content of 'definitions' must match (annotation?, (simpleType | complexType)?, (unique | key | keyref)*)). A problem was found starting at: attribute.
2023-10-13 10:37:00,138 [INFO] PluginManage:359 - Loaded plugin pinoutconfig (category:base,tabindex:0)
2023-10-13 10:37:00,138 [INFO] PluginManage:310 - Check plugin power
2023-10-13 10:37:00,167 [INFO] PluginManage:359 - Loaded plugin power (category:power,tabindex:4)
2023-10-13 10:37:00,167 [INFO] PluginManage:310 - Check plugin projectmanager
2023-10-13 10:37:00,192 [INFO] PluginManage:359 - Loaded plugin projectmanager (category:projectmanager,tabindex:3)
2023-10-13 10:37:00,192 [INFO] PluginManage:310 - Check plugin thirdparty
2023-10-13 10:37:00,665 [INFO] PluginManage:359 - Loaded plugin thirdparty (category:base,tabindex:-1)
2023-10-13 10:37:00,665 [WARN] IntegrityCheckThread:84 - waiting for thirdparty lock release [integrity check]
2023-10-13 10:37:00,666 [INFO] IntegrityCheckThread:86 - entering critical section [integrity check]
2023-10-13 10:37:00,666 [INFO] PluginManage:310 - Check plugin tools
2023-10-13 10:37:00,667 [INFO] ThirdPartyUpdaterWithRetryManager:70 - Updater plugin not ready yet. [1/15]
2023-10-13 10:37:00,729 [INFO] PluginManage:359 - Loaded plugin tools (category:base,tabindex:7)
2023-10-13 10:37:00,730 [INFO] PluginManage:310 - Check plugin tutovideos
2023-10-13 10:37:01,053 [INFO] PluginManage:359 - Loaded plugin tutovideos (category:base,tabindex:-1)
2023-10-13 10:37:01,054 [INFO] PluginManage:310 - Check plugin updater
2023-10-13 10:37:01,072 [INFO] PluginManage:359 - Loaded plugin updater (category:base,tabindex:12)
2023-10-13 10:37:01,073 [INFO] PluginManage:310 - Check plugin userauth
2023-10-13 10:37:01,081 [INFO] UserAuth:113 - Init User Auth plugin
2023-10-13 10:37:01,081 [INFO] PluginManage:359 - Loaded plugin userauth (category:base,tabindex:14)
2023-10-13 10:37:01,082 [INFO] PluginManage:283 - PluginManage : Loaded plugins [17]
2023-10-13 10:37:01,507 [INFO] PinOutPanel:1499 - setPackage(No Configuration,No Configuration)
2023-10-13 10:37:01,707 [INFO] CADModel:165 - CPN selected for project level
2023-10-13 10:37:01,707 [INFO] CADModel:114 - Register for checkConnection events
2023-10-13 10:37:01,745 [INFO] IPUIPlugin:80 - create IPUIPlugin
2023-10-13 10:37:01,745 [INFO] PluginManager:220 - loadIPPluginJar : add adc
2023-10-13 10:37:01,795 [INFO] IPUIPlugin:80 - create IPUIPlugin
2023-10-13 10:37:01,795 [INFO] PluginManager:220 - loadIPPluginJar : add aes
2023-10-13 10:37:01,858 [INFO] IPUIPlugin:80 - create IPUIPlugin
2023-10-13 10:37:01,858 [INFO] PluginManager:220 - loadIPPluginJar : add can
2023-10-13 10:37:01,888 [INFO] IPUIPlugin:80 - create IPUIPlugin
2023-10-13 10:37:01,889 [INFO] PluginManager:220 - loadIPPluginJar : add comp
2023-10-13 10:37:01,931 [INFO] IPUIPlugin:80 - create IPUIPlugin
2023-10-13 10:37:01,931 [INFO] PluginManager:220 - loadIPPluginJar : add cryp
2023-10-13 10:37:01,980 [INFO] IPUIPlugin:80 - create IPUIPlugin
2023-10-13 10:37:01,981 [INFO] PluginManager:220 - loadIPPluginJar : add dfsdm
2023-10-13 10:37:02,002 [INFO] IPUIPlugin:80 - create IPUIPlugin
2023-10-13 10:37:02,003 [INFO] PluginManager:220 - loadIPPluginJar : add dma
2023-10-13 10:37:02,068 [INFO] IPUIPlugin:80 - create IPUIPlugin
2023-10-13 10:37:02,068 [INFO] PluginManager:220 - loadIPPluginJar : add dma3
2023-10-13 10:37:02,094 [INFO] IPUIPlugin:80 - create IPUIPlugin
2023-10-13 10:37:02,094 [INFO] PluginManager:220 - loadIPPluginJar : add fatfs
2023-10-13 10:37:02,159 [INFO] IPUIPlugin:80 - create IPUIPlugin
2023-10-13 10:37:02,160 [INFO] PluginManager:220 - loadIPPluginJar : add fmc
2023-10-13 10:37:02,185 [INFO] IPUIPlugin:80 - create IPUIPlugin
2023-10-13 10:37:02,185 [INFO] PluginManager:220 - loadIPPluginJar : add freertos
2023-10-13 10:37:02,218 [INFO] IPUIPlugin:80 - create IPUIPlugin
2023-10-13 10:37:02,219 [INFO] PluginManager:220 - loadIPPluginJar : add genericplugin
2023-10-13 10:37:02,384 [INFO] IPUIPlugin:80 - create IPUIPlugin
2023-10-13 10:37:02,384 [INFO] PluginManager:220 - loadIPPluginJar : add gfxmmu
2023-10-13 10:37:02,563 [INFO] IPUIPlugin:80 - create IPUIPlugin
2023-10-13 10:37:02,563 [INFO] PluginManager:220 - loadIPPluginJar : add gic
2023-10-13 10:37:02,579 [INFO] IPUIPlugin:80 - create IPUIPlugin
2023-10-13 10:37:02,579 [INFO] PluginManager:220 - loadIPPluginJar : add gpio
2023-10-13 10:37:02,697 [INFO] IPUIPlugin:80 - create IPUIPlugin
2023-10-13 10:37:02,697 [INFO] PluginManager:220 - loadIPPluginJar : add gtzc
2023-10-13 10:37:02,739 [INFO] IPUIPlugin:80 - create IPUIPlugin
2023-10-13 10:37:02,739 [INFO] PluginManager:220 - loadIPPluginJar : add hash
2023-10-13 10:37:02,811 [INFO] IPUIPlugin:80 - create IPUIPlugin
2023-10-13 10:37:02,811 [INFO] PluginManager:220 - loadIPPluginJar : add i2c
2023-10-13 10:37:02,862 [INFO] IPUIPlugin:80 - create IPUIPlugin
2023-10-13 10:37:02,863 [INFO] PluginManager:220 - loadIPPluginJar : add i2s
2023-10-13 10:37:02,917 [INFO] IPUIPlugin:80 - create IPUIPlugin
2023-10-13 10:37:02,917 [INFO] PluginManager:220 - loadIPPluginJar : add i3c
2023-10-13 10:37:03,056 [INFO] IPUIPlugin:80 - create IPUIPlugin
2023-10-13 10:37:03,056 [INFO] PluginManager:220 - loadIPPluginJar : add ipddr
2023-10-13 10:37:03,191 [INFO] IPUIPlugin:80 - create IPUIPlugin
2023-10-13 10:37:03,191 [INFO] PluginManager:220 - loadIPPluginJar : add linkedlist
2023-10-13 10:37:03,243 [INFO] IPUIPlugin:80 - create IPUIPlugin
2023-10-13 10:37:03,244 [INFO] PluginManager:220 - loadIPPluginJar : add lorawan
2023-10-13 10:37:03,307 [INFO] IPUIPlugin:80 - create IPUIPlugin
2023-10-13 10:37:03,307 [INFO] PluginManager:220 - loadIPPluginJar : add ltdc
2023-10-13 10:37:03,327 [INFO] IPUIPlugin:80 - create IPUIPlugin
2023-10-13 10:37:03,327 [INFO] PluginManager:220 - loadIPPluginJar : add mdma
2023-10-13 10:37:03,343 [INFO] IPUIPlugin:80 - create IPUIPlugin
2023-10-13 10:37:03,344 [INFO] PluginManager:220 - loadIPPluginJar : add nvic
2023-10-13 10:37:03,403 [INFO] IPUIPlugin:80 - create IPUIPlugin
2023-10-13 10:37:03,403 [INFO] PluginManager:220 - loadIPPluginJar : add opamp
2023-10-13 10:37:03,488 [INFO] IPUIPlugin:80 - create IPUIPlugin
2023-10-13 10:37:03,489 [INFO] PluginManager:220 - loadIPPluginJar : add openamp
2023-10-13 10:37:03,545 [INFO] IPUIPlugin:80 - create IPUIPlugin
2023-10-13 10:37:03,546 [INFO] PluginManager:220 - loadIPPluginJar : add pdm2pcm
2023-10-13 10:37:03,566 [INFO] IPUIPlugin:80 - create IPUIPlugin
2023-10-13 10:37:03,570 [INFO] PluginManager:220 - loadIPPluginJar : add plateformsettings
2023-10-13 10:37:03,600 [INFO] IPUIPlugin:80 - create IPUIPlugin
2023-10-13 10:37:03,601 [INFO] PluginManager:220 - loadIPPluginJar : add quadspi
2023-10-13 10:37:03,637 [INFO] IPUIPlugin:80 - create IPUIPlugin
2023-10-13 10:37:03,637 [INFO] PluginManager:220 - loadIPPluginJar : add resmgrutility
2023-10-13 10:37:03,669 [INFO] ThirdPartyUpdaterWithRetryManager:70 - Updater plugin not ready yet. [2/15]
2023-10-13 10:37:03,724 [INFO] IPUIPlugin:80 - create IPUIPlugin
2023-10-13 10:37:03,724 [INFO] PluginManager:220 - loadIPPluginJar : add sai
2023-10-13 10:37:03,783 [INFO] IPUIPlugin:80 - create IPUIPlugin
2023-10-13 10:37:03,783 [INFO] PluginManager:220 - loadIPPluginJar : add spi
2023-10-13 10:37:03,878 [INFO] IPUIPlugin:80 - create IPUIPlugin
2023-10-13 10:37:03,878 [INFO] PluginManager:220 - loadIPPluginJar : add stm32_wpan
2023-10-13 10:37:03,910 [INFO] IPUIPlugin:80 - create IPUIPlugin
2023-10-13 10:37:03,910 [INFO] PluginManager:220 - loadIPPluginJar : add tim
2023-10-13 10:37:03,992 [INFO] IPUIPlugin:80 - create IPUIPlugin
2023-10-13 10:37:03,992 [INFO] PluginManager:220 - loadIPPluginJar : add touchsensing
2023-10-13 10:37:04,024 [INFO] IPUIPlugin:80 - create IPUIPlugin
2023-10-13 10:37:04,024 [INFO] PluginManager:220 - loadIPPluginJar : add tracer_emb
2023-10-13 10:37:04,061 [INFO] IPUIPlugin:80 - create IPUIPlugin
2023-10-13 10:37:04,061 [INFO] PluginManager:220 - loadIPPluginJar : add ts
2023-10-13 10:37:04,093 [INFO] IPUIPlugin:80 - create IPUIPlugin
2023-10-13 10:37:04,093 [INFO] PluginManager:220 - loadIPPluginJar : add tsc
2023-10-13 10:37:04,128 [INFO] IPUIPlugin:80 - create IPUIPlugin
2023-10-13 10:37:04,128 [INFO] PluginManager:220 - loadIPPluginJar : add ucpd
2023-10-13 10:37:04,198 [INFO] IPUIPlugin:80 - create IPUIPlugin
2023-10-13 10:37:04,198 [INFO] PluginManager:220 - loadIPPluginJar : add usart
2023-10-13 10:37:04,277 [INFO] IPUIPlugin:80 - create IPUIPlugin
2023-10-13 10:37:04,277 [INFO] PluginManager:220 - loadIPPluginJar : add usbx
2023-10-13 10:37:04,454 [INFO] CADModel:165 - CPN selected for project level
2023-10-13 10:37:04,454 [INFO] CADModel:114 - Register for checkConnection events
2023-10-13 10:37:04,455 [FATAL] Updater:308 - Updater called before beeing initialized
2023-10-13 10:37:04,455 [ERROR] CADModel:125 - Updater not yet initialized, retry later 
2023-10-13 10:37:04,698 [INFO] CADModel:165 - CPN selected for project level
2023-10-13 10:37:04,698 [INFO] CADModel:114 - Register for checkConnection events
2023-10-13 10:37:04,699 [FATAL] Updater:308 - Updater called before beeing initialized
2023-10-13 10:37:04,699 [ERROR] CADModel:125 - Updater not yet initialized, retry later 
2023-10-13 10:37:04,708 [FATAL] Updater:308 - Updater called before beeing initialized
2023-10-13 10:37:04,934 [FATAL] Updater:308 - Updater called before beeing initialized
2023-10-13 10:37:04,955 [INFO] DbMcusAds:53 - JSON generation date=Tue Mar 07 15:50:55 ICT 2023 (1678179055114)
2023-10-13 10:37:04,955 [FATAL] Updater:308 - Updater called before beeing initialized
2023-10-13 10:37:05,077 [WARN] DetailPanel:346 - Failed to get advertising image, set to default
2023-10-13 10:37:05,214 [FATAL] Updater:308 - Updater called before beeing initialized
2023-10-13 10:37:05,217 [FATAL] Updater:308 - Updater called before beeing initialized
2023-10-13 10:37:05,217 [FATAL] Updater:308 - Updater called before beeing initialized
2023-10-13 10:37:05,218 [WARN] DetailPanel:346 - Failed to get advertising image, set to default
2023-10-13 10:37:05,219 [FATAL] Updater:308 - Updater called before beeing initialized
2023-10-13 10:37:05,322 [ERROR] Updater:1120 - MainUpdater not yet initialized. External WinMGr cannot be set.
2023-10-13 10:37:05,338 [INFO] Updater:1056 - Updater Version found : 6.9.1
2023-10-13 10:37:05,368 [INFO] ApplicationProperties:184 - Using Application install path: C:\ST\STM32CubeIDE_1.12.0\STM32CubeIDE\plugins\com.st.stm32cube.common.mx_6.9.1.202307191849
2023-10-13 10:37:06,031 [INFO] MainUpdater:2868 - connection check result : 10
2023-10-13 10:37:06,033 [INFO] MainUpdater:285 - Updater Check For Update Now.
2023-10-13 10:37:06,034 [INFO] MicroXplorer:498 - Change Database Version : DB.6.0.91
2023-10-13 10:37:06,063 [INFO] McuFinderGlobals:63 - Set McuFinder mode to 2 (CubeIDE integrated)
2023-10-13 10:37:06,063 [INFO] UserAuth:179 - activating auth plugin
2023-10-13 10:37:06,069 [INFO] UserAuth:393 - Internet connection configuration mode: 1
2023-10-13 10:37:06,122 [INFO] JxBrowserEngine:151 - Initiate JxBrowser Engine with user profile folder
2023-10-13 10:37:06,352 [INFO] CheckServerUpdateThread:120 - End of CheckServer Thread
2023-10-13 10:37:06,981 [WARN] PackLoader:240 - Cannot read IP mode file for STMicroelectronics.X-CUBE-SMBUS.2.1.0
2023-10-13 10:37:07,067 [WARN] PackLoader:240 - Cannot read IP mode file for STMicroelectronics.X-CUBE-AZRTOS-F7.1.1.0
2023-10-13 10:37:07,113 [WARN] PackLoader:240 - Cannot read IP mode file for STMicroelectronics.FP-SNS-MOTENV1.4.3.2
2023-10-13 10:37:07,141 [WARN] PackLoader:240 - Cannot read IP mode file for STMicroelectronics.FP-SNS-FLIGHT1.5.0.2
2023-10-13 10:37:07,178 [WARN] PackLoader:240 - Cannot read IP mode file for STMicroelectronics.X-CUBE-DISPLAY.3.0.0
2023-10-13 10:37:07,218 [WARN] PackLoader:240 - Cannot read IP mode file for STMicroelectronics.X-CUBE-BLE1.7.0.0
2023-10-13 10:37:07,248 [WARN] PackLoader:240 - Cannot read IP mode file for emotas.I-CUBE-CANOPEN.1.3.0
2023-10-13 10:37:07,279 [WARN] PackLoader:240 - Cannot read IP mode file for STMicroelectronics.X-CUBE-TOUCHGFX.4.22.0
2023-10-13 10:37:07,301 [WARN] PackLoader:240 - Cannot read IP mode file for STMicroelectronics.X-CUBE-TOUCHGFX.4.22.1
2023-10-13 10:37:07,327 [WARN] PackLoader:240 - Cannot read IP mode file for STMicroelectronics.FP-SNS-SMARTAG2.1.2.0
2023-10-13 10:37:07,365 [INFO] LogOutputStream:77 - [STDOUT_REDIRECT] 1 : Invalid condition id : UX_CORESTACK_Condition cause : null
2023-10-13 10:37:07,366 [INFO] LogOutputStream:77 - [STDOUT_REDIRECT] 1 : Invalid condition id : UX_CORESTACK_Condition cause : null
2023-10-13 10:37:07,368 [INFO] LogOutputStream:77 - [STDOUT_REDIRECT] 1 : Invalid condition id : UX_CORESTACK_Condition cause : null
2023-10-13 10:37:07,371 [INFO] LogOutputStream:77 - [STDOUT_REDIRECT] 1 : Invalid condition id : UX_CORESTACK_Condition cause : null
2023-10-13 10:37:07,373 [INFO] LogOutputStream:77 - [STDOUT_REDIRECT] 1 : Invalid condition id : UX_CORESTACK_Condition cause : null
2023-10-13 10:37:07,381 [WARN] PackLoader:240 - Cannot read IP mode file for STMicroelectronics.X-CUBE-AZRTOS-WL.2.0.0
2023-10-13 10:37:07,419 [WARN] PackLoader:240 - Cannot read IP mode file for WES.I-CUBE-Cesium.1.3.0
2023-10-13 10:37:07,443 [WARN] PackLoader:240 - Cannot read IP mode file for STMicroelectronics.X-CUBE-BLE2.3.3.0
2023-10-13 10:37:07,469 [WARN] PackLoader:240 - Cannot read IP mode file for STMicroelectronics.X-CUBE-ALGOBUILD.1.3.0
2023-10-13 10:37:07,525 [WARN] PackLoader:240 - Cannot read IP mode file for STMicroelectronics.X-CUBE-AZRTOS-G0.1.1.0
2023-10-13 10:37:07,556 [WARN] PackLoader:240 - Cannot read IP mode file for STMicroelectronics.X-CUBE-NFC4.3.0.0
2023-10-13 10:37:07,583 [WARN] PackLoader:240 - Cannot read IP mode file for STMicroelectronics.FP-ATR-SIGFOX1.3.2.0
2023-10-13 10:37:07,659 [WARN] PackLoader:240 - Cannot read IP mode file for SEGGER.I-CUBE-embOS.1.3.1
2023-10-13 10:37:07,792 [WARN] PackLoader:240 - Cannot read IP mode file for STMicroelectronics.X-CUBE-GNSS1.6.0.0
2023-10-13 10:37:07,846 [WARN] PackLoader:240 - Cannot read IP mode file for STMicroelectronics.X-CUBE-AZRTOS-F4.1.1.0
2023-10-13 10:37:07,872 [WARN] PackLoader:240 - Cannot read IP mode file for wolfSSL.I-CUBE-wolfSSL.5.6.3
2023-10-13 10:37:07,930 [WARN] PackLoader:240 - Cannot read IP mode file for STMicroelectronics.X-CUBE-AZRTOS-L5.2.0.0
2023-10-13 10:37:08,042 [WARN] PackLoader:240 - Cannot read IP mode file for STMicroelectronics.X-CUBE-MEMS1.9.6.0
2023-10-13 10:37:08,371 [WARN] PackLoader:240 - Cannot read IP mode file for ITTIA_DB.I-CUBE-ITTIADB.8.8.0
2023-10-13 10:37:08,400 [WARN] PackLoader:240 - Cannot read IP mode file for STMicroelectronics.X-CUBE-BLEMGR.2.0.0
2023-10-13 10:37:08,453 [WARN] ConditionMgr:438 - getConditionDescription Invalid condition id : UX DEVICE CLASS RTOS Condition cause : null
2023-10-13 10:37:08,453 [WARN] ConditionMgr:438 - getConditionDescription Invalid condition id : UX DEVICE CLASS RTOS Condition cause : null
2023-10-13 10:37:08,459 [WARN] PackLoader:240 - Cannot read IP mode file for STMicroelectronics.X-CUBE-AZRTOS-H7.3.1.0
2023-10-13 10:37:08,462 [WARN] ConditionMgr:1039 - genDependencies : Invalid condition id : UX DEVICE CLASS RTOS Condition cause : null
2023-10-13 10:37:08,462 [WARN] ConditionMgr:1039 - genDependencies : Invalid condition id : UX DEVICE CLASS RTOS Condition cause : null
2023-10-13 10:37:08,464 [WARN] ConditionMgr:1039 - genDependencies : Invalid condition id : UX DEVICE CLASS RTOS Condition cause : null
2023-10-13 10:37:08,465 [WARN] ConditionMgr:1039 - genDependencies : Invalid condition id : UX DEVICE CLASS RTOS Condition cause : null
2023-10-13 10:37:08,465 [WARN] ConditionMgr:1039 - genDependencies : Invalid condition id : UX DEVICE CLASS RTOS Condition cause : null
2023-10-13 10:37:08,488 [WARN] PackLoader:240 - Cannot read IP mode file for STMicroelectronics.X-CUBE-NFC7.1.0.1
2023-10-13 10:37:08,514 [WARN] PackLoader:240 - Cannot read IP mode file for STMicroelectronics.X-CUBE-NFC6.3.0.0
2023-10-13 10:37:08,542 [WARN] PackLoader:240 - Cannot read IP mode file for STMicroelectronics.X-CUBE-EEPRMA1.4.1.0
2023-10-13 10:37:08,566 [WARN] PackLoader:240 - Cannot read IP mode file for STMicroelectronics.X-CUBE-AI.8.1.0
2023-10-13 10:37:08,614 [WARN] ConditionMgr:438 - getConditionDescription Invalid condition id : LAN8742 Phy interface Condition cause : null
2023-10-13 10:37:08,615 [WARN] PackLoader:240 - Cannot read IP mode file for STMicroelectronics.X-CUBE-AZRTOS-L4.2.0.0
2023-10-13 10:37:08,617 [WARN] ConditionMgr:1039 - genDependencies : Invalid condition id : LAN8742 Phy interface Condition cause : null
2023-10-13 10:37:08,618 [WARN] ConditionMgr:1039 - genDependencies : Invalid condition id : LAN8742 Phy interface Condition cause : null
2023-10-13 10:37:08,619 [WARN] ConditionMgr:1039 - genDependencies : Invalid condition id : LAN8742 Phy interface Condition cause : null
2023-10-13 10:37:08,642 [WARN] PackLoader:240 - Cannot read IP mode file for STMicroelectronics.X-CUBE-SFXS2LP1.4.0.0
2023-10-13 10:37:08,663 [WARN] PackLoader:240 - Cannot read IP mode file for STMicroelectronics.X-CUBE-ISPU.1.1.0
2023-10-13 10:37:08,708 [WARN] ConditionMgr:438 - getConditionDescription Invalid condition id : UX DEVICE CLASS RTOS Condition cause : null
2023-10-13 10:37:08,709 [WARN] ConditionMgr:438 - getConditionDescription Invalid condition id : UX DEVICE CLASS RTOS Condition cause : null
2023-10-13 10:37:08,713 [WARN] PackLoader:240 - Cannot read IP mode file for STMicroelectronics.X-CUBE-AZRTOS-WB.2.0.0
2023-10-13 10:37:08,714 [WARN] ConditionMgr:1039 - genDependencies : Invalid condition id : UX DEVICE CLASS RTOS Condition cause : null
2023-10-13 10:37:08,714 [WARN] ConditionMgr:1039 - genDependencies : Invalid condition id : UX DEVICE CLASS RTOS Condition cause : null
2023-10-13 10:37:08,715 [WARN] ConditionMgr:1039 - genDependencies : Invalid condition id : UX DEVICE CLASS RTOS Condition cause : null
2023-10-13 10:37:08,715 [WARN] ConditionMgr:1039 - genDependencies : Invalid condition id : UX DEVICE CLASS RTOS Condition cause : null
2023-10-13 10:37:08,716 [WARN] ConditionMgr:1039 - genDependencies : Invalid condition id : UX DEVICE CLASS RTOS Condition cause : null
2023-10-13 10:37:08,754 [WARN] PackLoader:240 - Cannot read IP mode file for STMicroelectronics.X-CUBE-SUBG2.5.0.0
2023-10-13 10:37:08,804 [WARN] PackLoader:240 - Cannot read IP mode file for STMicroelectronics.X-CUBE-TOF1.3.3.1
2023-10-13 10:37:08,869 [WARN] PackLoader:240 - Cannot read IP mode file for STMicroelectronics.X-CUBE-AZRTOS-G4.2.0.0
2023-10-13 10:37:08,912 [WARN] PackLoader:240 - Cannot read IP mode file for Infineon.AIROC-Wi-Fi-Bluetooth-STM32.1.5.1
2023-10-13 10:37:08,943 [WARN] PackLoader:240 - Cannot read IP mode file for STMicroelectronics.X-CUBE-FREERTOS.1.1.0
2023-10-13 10:37:08,971 [WARN] PackLoader:240 - Cannot read IP mode file for portGmbH.I-Cube-SoM-uGOAL.1.1.0
2023-10-13 10:37:08,995 [WARN] PackLoader:240 - Cannot read IP mode file for STMicroelectronics.X-CUBE-ALS.1.0.1
2023-10-13 10:37:09,018 [WARN] PackLoader:240 - Cannot read IP mode file for STMicroelectronics.FP-ATR-ASTRA1.2.0.0
2023-10-13 10:37:09,019 [INFO] ThirdParty:978 - Integrity check success = true
2023-10-13 10:37:09,019 [INFO] IntegrityCheckThread:100 - exiting critical section [integrity check]
2023-10-13 10:37:09,020 [INFO] IntegrityCheckThread:103 - End integrity checks thread
2023-10-13 10:37:11,194 [INFO] WebApp:157 - Instantiating new browser for Auth
2023-10-13 10:37:12,364 [INFO] WebApp:753 - Register for checkConnection events
2023-10-13 10:37:12,364 [INFO] WebApp:390 - Apply proxy settings
2023-10-13 10:37:12,364 [INFO] WebApp:475 - Chromium requires no authentication
2023-10-13 10:37:12,380 [INFO] WebApp:418 - Direct internet connection detected
2023-10-13 10:37:12,696 [INFO] WebApp:188 - Starting web application
2023-10-13 10:37:12,697 [INFO] WebApp:520 - Web application path used C:\ST\STM32CubeIDE_1.12.0\STM32CubeIDE\plugins\com.st.stm32cube.common.mx_6.9.1.202307191849\db\plugins\mcufinder\reactClient1\index.html
2023-10-13 10:37:35,177 [ERROR] LogOutputStream:75 - [STDERR_REDIRECT] SLF4J: Failed to load class "org.slf4j.impl.StaticLoggerBinder".
2023-10-13 10:37:35,178 [ERROR] LogOutputStream:75 - [STDERR_REDIRECT] SLF4J: Defaulting to no-operation (NOP) logger implementation
2023-10-13 10:37:35,181 [ERROR] LogOutputStream:75 - [STDERR_REDIRECT] SLF4J: See http://www.slf4j.org/codes.html#StaticLoggerBinder for further details.
2023-10-13 11:07:23,346 [ERROR] LogOutputStream:75 - [STDERR_REDIRECT] 
