2023-09-29 13:39:57,824 [INFO] Activator:176 - 


2023-09-29 13:39:57,826 [INFO] Activator:177 - !SESSION log4j initialized
2023-09-29 13:40:01,835 [INFO] LogOutputStream:77 - [STDOUT_REDIRECT] 
2023-09-29 13:40:04,856 [INFO] ApplicationProperties:184 - Using Application install path: C:\ST\STM32CubeIDE_1.12.0\STM32CubeIDE\plugins\com.st.stm32cube.common.mx_6.9.1.202307191849
2023-09-29 13:40:04,881 [INFO] DbMcusXml:78 - Set database path to: C:\ST\STM32CubeIDE_1.12.0\STM32CubeIDE\plugins\com.st.stm32cube.common.mx_6.9.1.202307191849\\db\/mcu/
2023-09-29 13:40:04,882 [INFO] ApiDb:274 - Set plugin database path to: C:\ST\STM32CubeIDE_1.12.0\STM32CubeIDE\plugins\com.st.stm32cube.common.mx_6.9.1.202307191849\\db\/plugins/boardmanager/
2023-09-29 13:40:04,882 [WARN] ApiDb:259 - Overriding images path with different value:  => C:\ST\STM32CubeIDE_1.12.0\STM32CubeIDE\plugins\com.st.stm32cube.common.mx_6.9.1.202307191849\\db\/plugins/mcufinder/images/
2023-09-29 13:40:04,902 [INFO] ApiDb:250 - Set database path to: C:\Users\win 10\.stmcufinder\plugins\mcufinder//mcu/
2023-09-29 13:40:04,904 [INFO] DbMcusAds:125 - Set database path to: C:\Users\win 10\.stmcufinder\plugins\mcufinder//mcu/
2023-09-29 13:40:04,906 [INFO] CrossReferenceDbSqlite:203 - Set database path to: C:\Users\win 10\.stmcufinder\plugins\mcufinder//mcu/cs/
2023-09-29 13:40:05,057 [INFO] RulesReader:64 - Compatibility file has been processed (293 Rules)
2023-09-29 13:40:05,195 [INFO] DbMcusXml:78 - Set database path to: C:\ST\STM32CubeIDE_1.12.0\STM32CubeIDE\plugins\com.st.stm32cube.common.mx_6.9.1.202307191849\\db\/mcu/
2023-09-29 13:40:05,196 [INFO] ApiDb:274 - Set plugin database path to: C:\ST\STM32CubeIDE_1.12.0\STM32CubeIDE\plugins\com.st.stm32cube.common.mx_6.9.1.202307191849\\db\/plugins/boardmanager/
2023-09-29 13:40:05,196 [INFO] ApiDb:261 - Set plugin images path to: C:\ST\STM32CubeIDE_1.12.0\STM32CubeIDE\plugins\com.st.stm32cube.common.mx_6.9.1.202307191849\\db\/plugins/mcufinder/images/
2023-09-29 13:40:05,196 [WARN] DbFile:41 - Overriding database path with different value: C:\Users\win 10\.stmcufinder\plugins\mcufinder/ => C:\Users\win 10\.stmcufinder\plugins\mcufinder
2023-09-29 13:40:05,197 [INFO] ApiDb:250 - Set database path to: C:\Users\win 10\.stmcufinder\plugins\mcufinder//mcu/
2023-09-29 13:40:05,197 [WARN] DbFile:41 - Overriding database path with different value: C:\Users\win 10\.stmcufinder\plugins\mcufinder/ => C:\Users\win 10\.stmcufinder\plugins\mcufinder
2023-09-29 13:40:05,197 [INFO] DbMcusAds:125 - Set database path to: C:\Users\win 10\.stmcufinder\plugins\mcufinder//mcu/
2023-09-29 13:40:05,197 [WARN] DbFile:41 - Overriding database path with different value: C:\Users\win 10\.stmcufinder\plugins\mcufinder/ => C:\Users\win 10\.stmcufinder\plugins\mcufinder
2023-09-29 13:40:05,197 [WARN] DbFile:41 - Overriding database path with different value: C:\Users\win 10\.stmcufinder\plugins\mcufinder/ => C:\Users\win 10\.stmcufinder\plugins\mcufinder
2023-09-29 13:40:05,197 [INFO] CrossReferenceDbSqlite:203 - Set database path to: C:\Users\win 10\.stmcufinder\plugins\mcufinder//mcu/cs/
2023-09-29 13:40:05,315 [INFO] MainPanel:262 - HeapMemory: 268435456
2023-09-29 13:40:05,440 [INFO] DbMcusXml:78 - Set database path to: C:\ST\STM32CubeIDE_1.12.0\STM32CubeIDE\plugins\com.st.stm32cube.common.mx_6.9.1.202307191849\\db\/mcu/
2023-09-29 13:40:05,440 [INFO] ApiDb:274 - Set plugin database path to: C:\ST\STM32CubeIDE_1.12.0\STM32CubeIDE\plugins\com.st.stm32cube.common.mx_6.9.1.202307191849\\db\/plugins/boardmanager/
2023-09-29 13:40:05,440 [INFO] ApiDb:261 - Set plugin images path to: C:\ST\STM32CubeIDE_1.12.0\STM32CubeIDE\plugins\com.st.stm32cube.common.mx_6.9.1.202307191849\\db\/plugins/mcufinder/images/
2023-09-29 13:40:05,441 [WARN] DbFile:41 - Overriding database path with different value: C:\Users\win 10\.stmcufinder\plugins\mcufinder/ => C:\Users\win 10\.stmcufinder\plugins\mcufinder
2023-09-29 13:40:05,441 [INFO] ApiDb:250 - Set database path to: C:\Users\win 10\.stmcufinder\plugins\mcufinder//mcu/
2023-09-29 13:40:05,441 [WARN] DbFile:41 - Overriding database path with different value: C:\Users\win 10\.stmcufinder\plugins\mcufinder/ => C:\Users\win 10\.stmcufinder\plugins\mcufinder
2023-09-29 13:40:05,441 [INFO] DbMcusAds:125 - Set database path to: C:\Users\win 10\.stmcufinder\plugins\mcufinder//mcu/
2023-09-29 13:40:05,442 [WARN] DbFile:41 - Overriding database path with different value: C:\Users\win 10\.stmcufinder\plugins\mcufinder/ => C:\Users\win 10\.stmcufinder\plugins\mcufinder
2023-09-29 13:40:05,442 [WARN] DbFile:41 - Overriding database path with different value: C:\Users\win 10\.stmcufinder\plugins\mcufinder/ => C:\Users\win 10\.stmcufinder\plugins\mcufinder
2023-09-29 13:40:05,442 [INFO] CrossReferenceDbSqlite:203 - Set database path to: C:\Users\win 10\.stmcufinder\plugins\mcufinder//mcu/cs/
2023-09-29 13:40:05,467 [INFO] ApplicationProperties:184 - Using Application install path: C:\ST\STM32CubeIDE_1.12.0\STM32CubeIDE\plugins\com.st.stm32cube.common.mx_6.9.1.202307191849
2023-09-29 13:40:05,468 [INFO] PluginManage:196 - Search for loadable plugins [exclusion list=, ]
2023-09-29 13:40:05,471 [INFO] PluginManage:310 - Check plugin analytics
2023-09-29 13:40:05,687 [INFO] AnalyticsPlugin:253 - Accepted Software Licenses: STM32CubeMX.6.5.0,STM32CubeMX.6.9.1
2023-09-29 13:40:05,687 [INFO] AnalyticsPlugin:255 - Accepted CMSIS Pack Licenses: 
2023-09-29 13:40:05,688 [INFO] AnalyticsPlugin:257 - Accepted Firmware Licenses: 
2023-09-29 13:40:05,693 [INFO] PluginManage:359 - Loaded plugin analytics (category:tool,tabindex:-1)
2023-09-29 13:40:05,694 [INFO] PluginManage:310 - Check plugin cadmodel
2023-09-29 13:40:05,713 [INFO] CADModel:105 - Init CAD model plugin
2023-09-29 13:40:05,714 [INFO] PluginManage:359 - Loaded plugin cadmodel (category:power,tabindex:5)
2023-09-29 13:40:05,714 [INFO] PluginManage:310 - Check plugin clock
2023-09-29 13:40:05,736 [INFO] PluginManage:359 - Loaded plugin clock (category:base,tabindex:2)
2023-09-29 13:40:05,736 [INFO] PluginManage:310 - Check plugin ddr
2023-09-29 13:40:05,738 [INFO] PluginManage:359 - Loaded plugin ddr (category:tool,tabindex:6)
2023-09-29 13:40:05,739 [INFO] PluginManage:310 - Check plugin filemanager
2023-09-29 13:40:05,909 [INFO] PluginManage:359 - Loaded plugin filemanager (category:base,tabindex:10)
2023-09-29 13:40:05,910 [INFO] PluginManage:310 - Check plugin ipmanager
2023-09-29 13:40:05,920 [INFO] PluginManage:359 - Loaded plugin ipmanager (category:base,tabindex:5)
2023-09-29 13:40:05,920 [INFO] PluginManage:310 - Check plugin lpbam
2023-09-29 13:40:05,939 [INFO] PluginManage:359 - Loaded plugin lpbam (category:base,tabindex:0)
2023-09-29 13:40:05,940 [INFO] PluginManage:310 - Check plugin memorymap
2023-09-29 13:40:05,965 [INFO] PluginManage:359 - Loaded plugin memorymap (category:base,tabindex:4)
2023-09-29 13:40:05,965 [INFO] PluginManage:310 - Check plugin pinoutandconfiguration
2023-09-29 13:40:05,983 [INFO] PluginManage:359 - Loaded plugin pinoutandconfiguration (category:base,tabindex:1)
2023-09-29 13:40:05,984 [INFO] PluginManage:310 - Check plugin pinoutconfig
2023-09-29 13:40:06,160 [WARN] SupportedApi:132 - Cannot load RTOS API schema: s4s-elt-must-match.1: The content of 'definitions' must match (annotation?, (simpleType | complexType)?, (unique | key | keyref)*)). A problem was found starting at: attribute.
2023-09-29 13:40:06,352 [INFO] PluginManage:359 - Loaded plugin pinoutconfig (category:base,tabindex:0)
2023-09-29 13:40:06,352 [INFO] PluginManage:310 - Check plugin power
2023-09-29 13:40:06,373 [INFO] PluginManage:359 - Loaded plugin power (category:power,tabindex:4)
2023-09-29 13:40:06,373 [INFO] PluginManage:310 - Check plugin projectmanager
2023-09-29 13:40:06,390 [INFO] PluginManage:359 - Loaded plugin projectmanager (category:projectmanager,tabindex:3)
2023-09-29 13:40:06,391 [INFO] PluginManage:310 - Check plugin thirdparty
2023-09-29 13:40:06,690 [INFO] PluginManage:359 - Loaded plugin thirdparty (category:base,tabindex:-1)
2023-09-29 13:40:06,690 [WARN] IntegrityCheckThread:84 - waiting for thirdparty lock release [integrity check]
2023-09-29 13:40:06,691 [INFO] IntegrityCheckThread:86 - entering critical section [integrity check]
2023-09-29 13:40:06,691 [INFO] PluginManage:310 - Check plugin tools
2023-09-29 13:40:06,693 [INFO] ThirdPartyUpdaterWithRetryManager:70 - Updater plugin not ready yet. [1/15]
2023-09-29 13:40:06,696 [INFO] PluginManage:359 - Loaded plugin tools (category:base,tabindex:7)
2023-09-29 13:40:06,696 [INFO] PluginManage:310 - Check plugin tutovideos
2023-09-29 13:40:07,007 [INFO] PluginManage:359 - Loaded plugin tutovideos (category:base,tabindex:-1)
2023-09-29 13:40:07,008 [INFO] PluginManage:310 - Check plugin updater
2023-09-29 13:40:07,025 [INFO] PluginManage:359 - Loaded plugin updater (category:base,tabindex:12)
2023-09-29 13:40:07,026 [INFO] PluginManage:310 - Check plugin userauth
2023-09-29 13:40:07,034 [INFO] UserAuth:113 - Init User Auth plugin
2023-09-29 13:40:07,034 [INFO] PluginManage:359 - Loaded plugin userauth (category:base,tabindex:14)
2023-09-29 13:40:07,036 [INFO] PluginManage:283 - PluginManage : Loaded plugins [17]
2023-09-29 13:40:07,327 [INFO] PinOutPanel:1499 - setPackage(No Configuration,No Configuration)
2023-09-29 13:40:07,477 [INFO] CADModel:165 - CPN selected for project level
2023-09-29 13:40:07,477 [INFO] CADModel:114 - Register for checkConnection events
2023-09-29 13:40:07,510 [INFO] IPUIPlugin:80 - create IPUIPlugin
2023-09-29 13:40:07,510 [INFO] PluginManager:220 - loadIPPluginJar : add adc
2023-09-29 13:40:07,549 [INFO] IPUIPlugin:80 - create IPUIPlugin
2023-09-29 13:40:07,549 [INFO] PluginManager:220 - loadIPPluginJar : add aes
2023-09-29 13:40:07,598 [INFO] IPUIPlugin:80 - create IPUIPlugin
2023-09-29 13:40:07,598 [INFO] PluginManager:220 - loadIPPluginJar : add can
2023-09-29 13:40:07,600 [INFO] IPUIPlugin:80 - create IPUIPlugin
2023-09-29 13:40:07,601 [INFO] PluginManager:220 - loadIPPluginJar : add comp
2023-09-29 13:40:07,642 [INFO] IPUIPlugin:80 - create IPUIPlugin
2023-09-29 13:40:07,643 [INFO] PluginManager:220 - loadIPPluginJar : add cryp
2023-09-29 13:40:07,680 [INFO] IPUIPlugin:80 - create IPUIPlugin
2023-09-29 13:40:07,680 [INFO] PluginManager:220 - loadIPPluginJar : add dfsdm
2023-09-29 13:40:07,698 [INFO] IPUIPlugin:80 - create IPUIPlugin
2023-09-29 13:40:07,699 [INFO] PluginManager:220 - loadIPPluginJar : add dma
2023-09-29 13:40:07,750 [INFO] IPUIPlugin:80 - create IPUIPlugin
2023-09-29 13:40:07,750 [INFO] PluginManager:220 - loadIPPluginJar : add dma3
2023-09-29 13:40:07,753 [INFO] IPUIPlugin:80 - create IPUIPlugin
2023-09-29 13:40:07,753 [INFO] PluginManager:220 - loadIPPluginJar : add fatfs
2023-09-29 13:40:07,803 [INFO] IPUIPlugin:80 - create IPUIPlugin
2023-09-29 13:40:07,803 [INFO] PluginManager:220 - loadIPPluginJar : add fmc
2023-09-29 13:40:07,819 [INFO] IPUIPlugin:80 - create IPUIPlugin
2023-09-29 13:40:07,819 [INFO] PluginManager:220 - loadIPPluginJar : add freertos
2023-09-29 13:40:07,842 [INFO] IPUIPlugin:80 - create IPUIPlugin
2023-09-29 13:40:07,842 [INFO] PluginManager:220 - loadIPPluginJar : add genericplugin
2023-09-29 13:40:07,946 [INFO] IPUIPlugin:80 - create IPUIPlugin
2023-09-29 13:40:07,946 [INFO] PluginManager:220 - loadIPPluginJar : add gfxmmu
2023-09-29 13:40:08,093 [INFO] IPUIPlugin:80 - create IPUIPlugin
2023-09-29 13:40:08,093 [INFO] PluginManager:220 - loadIPPluginJar : add gic
2023-09-29 13:40:08,106 [INFO] IPUIPlugin:80 - create IPUIPlugin
2023-09-29 13:40:08,107 [INFO] PluginManager:220 - loadIPPluginJar : add gpio
2023-09-29 13:40:08,209 [INFO] IPUIPlugin:80 - create IPUIPlugin
2023-09-29 13:40:08,210 [INFO] PluginManager:220 - loadIPPluginJar : add gtzc
2023-09-29 13:40:08,245 [INFO] IPUIPlugin:80 - create IPUIPlugin
2023-09-29 13:40:08,245 [INFO] PluginManager:220 - loadIPPluginJar : add hash
2023-09-29 13:40:08,309 [INFO] IPUIPlugin:80 - create IPUIPlugin
2023-09-29 13:40:08,309 [INFO] PluginManager:220 - loadIPPluginJar : add i2c
2023-09-29 13:40:08,354 [INFO] IPUIPlugin:80 - create IPUIPlugin
2023-09-29 13:40:08,354 [INFO] PluginManager:220 - loadIPPluginJar : add i2s
2023-09-29 13:40:08,399 [INFO] IPUIPlugin:80 - create IPUIPlugin
2023-09-29 13:40:08,399 [INFO] PluginManager:220 - loadIPPluginJar : add i3c
2023-09-29 13:40:08,514 [INFO] IPUIPlugin:80 - create IPUIPlugin
2023-09-29 13:40:08,515 [INFO] PluginManager:220 - loadIPPluginJar : add ipddr
2023-09-29 13:40:08,617 [INFO] IPUIPlugin:80 - create IPUIPlugin
2023-09-29 13:40:08,617 [INFO] PluginManager:220 - loadIPPluginJar : add linkedlist
2023-09-29 13:40:08,655 [INFO] IPUIPlugin:80 - create IPUIPlugin
2023-09-29 13:40:08,655 [INFO] PluginManager:220 - loadIPPluginJar : add lorawan
2023-09-29 13:40:08,697 [INFO] IPUIPlugin:80 - create IPUIPlugin
2023-09-29 13:40:08,697 [INFO] PluginManager:220 - loadIPPluginJar : add ltdc
2023-09-29 13:40:08,713 [INFO] IPUIPlugin:80 - create IPUIPlugin
2023-09-29 13:40:08,714 [INFO] PluginManager:220 - loadIPPluginJar : add mdma
2023-09-29 13:40:08,727 [INFO] IPUIPlugin:80 - create IPUIPlugin
2023-09-29 13:40:08,728 [INFO] PluginManager:220 - loadIPPluginJar : add nvic
2023-09-29 13:40:08,778 [INFO] IPUIPlugin:80 - create IPUIPlugin
2023-09-29 13:40:08,778 [INFO] PluginManager:220 - loadIPPluginJar : add opamp
2023-09-29 13:40:08,848 [INFO] IPUIPlugin:80 - create IPUIPlugin
2023-09-29 13:40:08,849 [INFO] PluginManager:220 - loadIPPluginJar : add openamp
2023-09-29 13:40:08,904 [INFO] IPUIPlugin:80 - create IPUIPlugin
2023-09-29 13:40:08,904 [INFO] PluginManager:220 - loadIPPluginJar : add pdm2pcm
2023-09-29 13:40:08,927 [INFO] IPUIPlugin:80 - create IPUIPlugin
2023-09-29 13:40:08,931 [INFO] PluginManager:220 - loadIPPluginJar : add plateformsettings
2023-09-29 13:40:08,962 [INFO] IPUIPlugin:80 - create IPUIPlugin
2023-09-29 13:40:08,963 [INFO] PluginManager:220 - loadIPPluginJar : add quadspi
2023-09-29 13:40:08,977 [INFO] IPUIPlugin:80 - create IPUIPlugin
2023-09-29 13:40:08,977 [INFO] PluginManager:220 - loadIPPluginJar : add resmgrutility
2023-09-29 13:40:09,037 [INFO] IPUIPlugin:80 - create IPUIPlugin
2023-09-29 13:40:09,037 [INFO] PluginManager:220 - loadIPPluginJar : add sai
2023-09-29 13:40:09,078 [INFO] IPUIPlugin:80 - create IPUIPlugin
2023-09-29 13:40:09,078 [INFO] PluginManager:220 - loadIPPluginJar : add spi
2023-09-29 13:40:09,141 [INFO] IPUIPlugin:80 - create IPUIPlugin
2023-09-29 13:40:09,141 [INFO] PluginManager:220 - loadIPPluginJar : add stm32_wpan
2023-09-29 13:40:09,144 [INFO] IPUIPlugin:80 - create IPUIPlugin
2023-09-29 13:40:09,144 [INFO] PluginManager:220 - loadIPPluginJar : add tim
2023-09-29 13:40:09,206 [INFO] IPUIPlugin:80 - create IPUIPlugin
2023-09-29 13:40:09,206 [INFO] PluginManager:220 - loadIPPluginJar : add touchsensing
2023-09-29 13:40:09,230 [INFO] IPUIPlugin:80 - create IPUIPlugin
2023-09-29 13:40:09,230 [INFO] PluginManager:220 - loadIPPluginJar : add tracer_emb
2023-09-29 13:40:09,234 [INFO] IPUIPlugin:80 - create IPUIPlugin
2023-09-29 13:40:09,234 [INFO] PluginManager:220 - loadIPPluginJar : add ts
2023-09-29 13:40:09,259 [INFO] IPUIPlugin:80 - create IPUIPlugin
2023-09-29 13:40:09,259 [INFO] PluginManager:220 - loadIPPluginJar : add tsc
2023-09-29 13:40:09,263 [INFO] IPUIPlugin:80 - create IPUIPlugin
2023-09-29 13:40:09,263 [INFO] PluginManager:220 - loadIPPluginJar : add ucpd
2023-09-29 13:40:09,311 [INFO] IPUIPlugin:80 - create IPUIPlugin
2023-09-29 13:40:09,311 [INFO] PluginManager:220 - loadIPPluginJar : add usart
2023-09-29 13:40:09,364 [INFO] IPUIPlugin:80 - create IPUIPlugin
2023-09-29 13:40:09,364 [INFO] PluginManager:220 - loadIPPluginJar : add usbx
2023-09-29 13:40:09,511 [INFO] CADModel:165 - CPN selected for project level
2023-09-29 13:40:09,511 [INFO] CADModel:114 - Register for checkConnection events
2023-09-29 13:40:09,511 [FATAL] Updater:308 - Updater called before beeing initialized
2023-09-29 13:40:09,512 [ERROR] CADModel:125 - Updater not yet initialized, retry later 
2023-09-29 13:40:09,696 [INFO] ThirdPartyUpdaterWithRetryManager:70 - Updater plugin not ready yet. [2/15]
2023-09-29 13:40:09,703 [INFO] CADModel:165 - CPN selected for project level
2023-09-29 13:40:09,703 [INFO] CADModel:114 - Register for checkConnection events
2023-09-29 13:40:09,703 [FATAL] Updater:308 - Updater called before beeing initialized
2023-09-29 13:40:09,704 [ERROR] CADModel:125 - Updater not yet initialized, retry later 
2023-09-29 13:40:09,707 [FATAL] Updater:308 - Updater called before beeing initialized
2023-09-29 13:40:09,874 [FATAL] Updater:308 - Updater called before beeing initialized
2023-09-29 13:40:09,882 [INFO] DbMcusAds:53 - JSON generation date=Tue Mar 07 15:50:55 ICT 2023 (1678179055114)
2023-09-29 13:40:09,882 [FATAL] Updater:308 - Updater called before beeing initialized
2023-09-29 13:40:09,969 [WARN] DetailPanel:346 - Failed to get advertising image, set to default
2023-09-29 13:40:10,076 [FATAL] Updater:308 - Updater called before beeing initialized
2023-09-29 13:40:10,078 [FATAL] Updater:308 - Updater called before beeing initialized
2023-09-29 13:40:10,078 [FATAL] Updater:308 - Updater called before beeing initialized
2023-09-29 13:40:10,079 [WARN] DetailPanel:346 - Failed to get advertising image, set to default
2023-09-29 13:40:10,079 [FATAL] Updater:308 - Updater called before beeing initialized
2023-09-29 13:40:10,155 [ERROR] Updater:1120 - MainUpdater not yet initialized. External WinMGr cannot be set.
2023-09-29 13:40:10,168 [INFO] Updater:1056 - Updater Version found : 6.9.1
2023-09-29 13:40:10,193 [INFO] ApplicationProperties:184 - Using Application install path: C:\ST\STM32CubeIDE_1.12.0\STM32CubeIDE\plugins\com.st.stm32cube.common.mx_6.9.1.202307191849
2023-09-29 13:40:10,591 [INFO] MainUpdater:2868 - connection check result : 10
2023-09-29 13:40:10,593 [INFO] MainUpdater:285 - Updater Check For Update Now.
2023-09-29 13:40:10,593 [INFO] MicroXplorer:498 - Change Database Version : DB.6.0.91
2023-09-29 13:40:10,619 [INFO] McuFinderGlobals:63 - Set McuFinder mode to 2 (CubeIDE integrated)
2023-09-29 13:40:10,619 [INFO] UserAuth:179 - activating auth plugin
2023-09-29 13:40:10,623 [INFO] UserAuth:393 - Internet connection configuration mode: 1
2023-09-29 13:40:10,656 [INFO] JxBrowserEngine:151 - Initiate JxBrowser Engine with user profile folder
2023-09-29 13:40:10,850 [INFO] CheckServerUpdateThread:120 - End of CheckServer Thread
2023-09-29 13:40:10,950 [INFO] McuFinderGlobals:63 - Set McuFinder mode to 2 (CubeIDE integrated)
2023-09-29 13:40:10,979 [INFO] MainUpdater:2868 - connection check result : 10
2023-09-29 13:40:11,006 [INFO] McuFinderGlobals:76 - Set McuFinderConnectedMode to true
2023-09-29 13:40:11,433 [INFO] ServerAccessManage:473 - Download File mcusAds.json._tmp_
2023-09-29 13:40:11,552 [INFO] LoadUrlFilesThread:156 - End of LoadUrlFiles Thread
2023-09-29 13:40:11,797 [INFO] ServerAccessManage:473 - Download File cube-finder-db.zip
2023-09-29 13:40:12,698 [WARN] MainUpdater:1189 - Updater busy. Cannot search thirdparties
2023-09-29 13:40:12,698 [INFO] ThirdPartyUpdaterWithRetryManager:96 - Updater plugin is busy. [1/15]
2023-09-29 13:40:13,517 [INFO] WebApp:157 - Instantiating new browser for Auth
2023-09-29 13:40:14,215 [INFO] WebApp:753 - Register for checkConnection events
2023-09-29 13:40:14,215 [INFO] WebApp:390 - Apply proxy settings
2023-09-29 13:40:14,216 [INFO] WebApp:475 - Chromium requires no authentication
2023-09-29 13:40:14,226 [INFO] WebApp:418 - Direct internet connection detected
2023-09-29 13:40:14,467 [INFO] WebApp:188 - Starting web application
2023-09-29 13:40:14,467 [INFO] WebApp:520 - Web application path used C:\ST\STM32CubeIDE_1.12.0\STM32CubeIDE\plugins\com.st.stm32cube.common.mx_6.9.1.202307191849\db\plugins\mcufinder\reactClient1\index.html
2023-09-29 13:40:15,700 [WARN] MainUpdater:1189 - Updater busy. Cannot search thirdparties
2023-09-29 13:40:15,700 [INFO] ThirdPartyUpdaterWithRetryManager:96 - Updater plugin is busy. [2/15]
2023-09-29 13:40:18,701 [WARN] MainUpdater:1189 - Updater busy. Cannot search thirdparties
2023-09-29 13:40:18,701 [INFO] ThirdPartyUpdaterWithRetryManager:96 - Updater plugin is busy. [3/15]
2023-09-29 13:40:21,702 [WARN] MainUpdater:1189 - Updater busy. Cannot search thirdparties
2023-09-29 13:40:21,702 [INFO] ThirdPartyUpdaterWithRetryManager:96 - Updater plugin is busy. [4/15]
2023-09-29 13:40:24,703 [WARN] MainUpdater:1189 - Updater busy. Cannot search thirdparties
2023-09-29 13:40:24,703 [INFO] ThirdPartyUpdaterWithRetryManager:96 - Updater plugin is busy. [5/15]
2023-09-29 13:40:27,704 [WARN] MainUpdater:1189 - Updater busy. Cannot search thirdparties
2023-09-29 13:40:27,704 [INFO] ThirdPartyUpdaterWithRetryManager:96 - Updater plugin is busy. [6/15]
2023-09-29 13:40:30,707 [WARN] MainUpdater:1189 - Updater busy. Cannot search thirdparties
2023-09-29 13:40:30,707 [INFO] ThirdPartyUpdaterWithRetryManager:96 - Updater plugin is busy. [7/15]
2023-09-29 13:40:33,708 [WARN] MainUpdater:1189 - Updater busy. Cannot search thirdparties
2023-09-29 13:40:33,708 [INFO] ThirdPartyUpdaterWithRetryManager:96 - Updater plugin is busy. [8/15]
2023-09-29 13:40:35,990 [ERROR] LogOutputStream:75 - [STDERR_REDIRECT] SLF4J: Failed to load class "org.slf4j.impl.StaticLoggerBinder".
2023-09-29 13:40:35,991 [ERROR] LogOutputStream:75 - [STDERR_REDIRECT] SLF4J: Defaulting to no-operation (NOP) logger implementation
2023-09-29 13:40:35,993 [ERROR] LogOutputStream:75 - [STDERR_REDIRECT] SLF4J: See http://www.slf4j.org/codes.html#StaticLoggerBinder for further details.
2023-09-29 13:40:36,709 [WARN] MainUpdater:1189 - Updater busy. Cannot search thirdparties
2023-09-29 13:40:36,709 [INFO] ThirdPartyUpdaterWithRetryManager:96 - Updater plugin is busy. [9/15]
2023-09-29 13:40:39,713 [WARN] MainUpdater:1189 - Updater busy. Cannot search thirdparties
2023-09-29 13:40:39,713 [INFO] ThirdPartyUpdaterWithRetryManager:96 - Updater plugin is busy. [10/15]
2023-09-29 13:40:42,715 [WARN] MainUpdater:1189 - Updater busy. Cannot search thirdparties
2023-09-29 13:40:42,715 [INFO] ThirdPartyUpdaterWithRetryManager:96 - Updater plugin is busy. [11/15]
2023-09-29 13:40:45,716 [WARN] MainUpdater:1189 - Updater busy. Cannot search thirdparties
2023-09-29 13:40:45,716 [INFO] ThirdPartyUpdaterWithRetryManager:96 - Updater plugin is busy. [12/15]
2023-09-29 13:40:46,245 [INFO] FileExtend:240 - Unzip File : cube-finder-db.zip
2023-09-29 13:40:46,246 [INFO] FileExtend:255 - Standard Zip Deflate
2023-09-29 13:40:47,284 [INFO] LoadUrlFilesThread:156 - End of LoadUrlFiles Thread
2023-09-29 13:40:48,493 [INFO] ServerAccessManage:473 - Download File crdb.zip
2023-09-29 13:40:48,717 [WARN] MainUpdater:1189 - Updater busy. Cannot search thirdparties
2023-09-29 13:40:48,717 [INFO] ThirdPartyUpdaterWithRetryManager:96 - Updater plugin is busy. [13/15]
2023-09-29 13:40:51,717 [WARN] MainUpdater:1189 - Updater busy. Cannot search thirdparties
2023-09-29 13:40:51,717 [INFO] ThirdPartyUpdaterWithRetryManager:96 - Updater plugin is busy. [14/15]
2023-09-29 13:40:51,912 [INFO] FileExtend:240 - Unzip File : crdb.zip
2023-09-29 13:40:51,913 [INFO] FileExtend:255 - Standard Zip Deflate
2023-09-29 13:40:52,069 [INFO] LoadUrlFilesThread:156 - End of LoadUrlFiles Thread
2023-09-29 13:40:52,116 [INFO] ServerAccessManage:473 - Download File tutoVideoDB.zip
2023-09-29 13:40:52,151 [INFO] FileExtend:240 - Unzip File : tutoVideoDB.zip
2023-09-29 13:40:52,152 [INFO] FileExtend:255 - Standard Zip Deflate
2023-09-29 13:40:52,279 [INFO] LoadUrlFilesThread:156 - End of LoadUrlFiles Thread
2023-09-29 13:40:52,281 [WARN] DbFile:41 - Overriding database path with different value: C:\Users\win 10\.stmcufinder\plugins\mcufinder/ => C:\Users\win 10\.stmcufinder\plugins\mcufinder
2023-09-29 13:40:52,299 [INFO] ServerAccessManage:473 - Download File api_config.json
2023-09-29 13:40:52,407 [INFO] LoadUrlFilesThread:156 - End of LoadUrlFiles Thread
2023-09-29 13:40:52,408 [INFO] DbMcusAds:53 - JSON generation date=Tue Mar 07 15:50:55 ICT 2023 (1678179055114)
2023-09-29 13:40:52,435 [INFO] LoadUrlFilesThread:185 - End of LoadServerUrlFiles without Thread
2023-09-29 13:40:52,436 [INFO] TargetSelectorAdapter:259 - Refresh data is successful
2023-09-29 13:40:52,802 [INFO] ApiDb:581 - Connected to CubeFinder SQLite database (C:\Users\win 10\.stmcufinder\plugins\mcufinder\mcu\cube-finder-db.db)
2023-09-29 13:40:52,878 [INFO] ApiDb:668 - CubeFinder database Data Model version=2.1
2023-09-29 13:40:52,878 [INFO] ApiDb:669 - CubeFinder database Configuration version=3.0.37
2023-09-29 13:40:52,879 [INFO] ApiDb:670 - CubeFinder database generation date=2023-08-09 (1691586011)
2023-09-29 13:40:52,879 [INFO] ApiDb:671 - CubeFinder database FW Pack versions=[FP-ATR-ASTRA1_V2.0.0, FP-SNS-FLIGHT1_V5.0.1, FP-SNS-FLIGHT1_V5.0.2, FP-SNS-MOTENV1_V4.3.1, FP-SNS-MOTENV1_V4.3.2, STM32Cube_FW_C0_V1.1.0, STM32Cube_FW_F4_V1.27.1, STM32Cube_FW_F7_V1.17.0, STM32Cube_FW_G0_V1.6.1, STM32Cube_FW_G4_V1.5.1, STM32Cube_FW_H5_V0.5.1, STM32Cube_FW_H5_V1.1.0, STM32Cube_FW_H7_V1.11.0, STM32Cube_FW_L0_V1.12.2, STM32Cube_FW_L5_V1.5.0, STM32Cube_FW_U5_V1.3.0, STM32Cube_FW_U5_V1.3.0RC4, STM32Cube_FW_WBA_V1.0.0RC1, STM32Cube_FW_WBA_V1.1.0, STM32Cube_FW_WBA_V1.1.0RC1, STM32Cube_FW_WB_V1.15.0RC1, STM32Cube_FW_WB_V1.16.0, STM32Cube_FW_WB_V1.16.0RC2, STM32Cube_FW_WB_V1.17.0, STM32Cube_FW_WL_V1.3.0, X-CUBE-ALGOBUILD_V1.3.0, X-CUBE-ALS_V1.0.1, X-CUBE-AZRTOS-F4_V1.1.0, X-CUBE-AZRTOS-F7_V1.1.0, X-CUBE-AZRTOS-G0_V1.1.0, X-CUBE-AZRTOS-G4_V2.0.0, X-CUBE-AZRTOS-H7_V3.1.0, X-CUBE-AZRTOS-L4_V1.0.0, X-CUBE-AZRTOS-L4_V2.0.0, X-CUBE-AZRTOS-L5_V1.1.0, X-CUBE-AZRTOS-WB_V1.1.0, X-CUBE-AZRTOS-WL_V2.0.0, X-CUBE-BLE1_V7.0.0, X-CUBE-BLE2_V3.3.0, X-CUBE-BLEMGR_V2.0.0, X-CUBE-EEPRMA1_V4.1.0, X-CUBE-FREERTOS_V1.1.0, X-CUBE-GNSS1_V6.0.0, X-CUBE-MEMS1_V9.1.0, X-CUBE-MEMS1_V9.4.0, X-CUBE-MEMS1_V9.6.0, X-CUBE-NFC4_V3.0.0, X-CUBE-NFC7_V1.0.0, X-CUBE-SFXS2LP1_V4.0.0, X-CUBE-SUBG2_V5.0.0, X-CUBE-TOF1_V3.3.1]
2023-09-29 13:40:55,071 [WARN] PackLoader:240 - Cannot read IP mode file for STMicroelectronics.X-CUBE-SMBUS.2.1.0
2023-09-29 13:40:55,151 [WARN] PackLoader:240 - Cannot read IP mode file for STMicroelectronics.X-CUBE-AZRTOS-F7.1.1.0
2023-09-29 13:40:55,192 [WARN] PackLoader:240 - Cannot read IP mode file for STMicroelectronics.FP-SNS-MOTENV1.4.3.2
2023-09-29 13:40:55,208 [WARN] PackLoader:240 - Cannot read IP mode file for STMicroelectronics.FP-SNS-FLIGHT1.5.0.2
2023-09-29 13:40:55,303 [WARN] PackLoader:240 - Cannot read IP mode file for STMicroelectronics.X-CUBE-DISPLAY.3.0.0
2023-09-29 13:40:55,354 [WARN] PackLoader:240 - Cannot read IP mode file for STMicroelectronics.X-CUBE-BLE1.7.0.0
2023-09-29 13:40:55,378 [WARN] PackLoader:240 - Cannot read IP mode file for emotas.I-CUBE-CANOPEN.1.3.0
2023-09-29 13:40:55,405 [WARN] PackLoader:240 - Cannot read IP mode file for STMicroelectronics.X-CUBE-TOUCHGFX.4.22.0
2023-09-29 13:40:55,430 [WARN] PackLoader:240 - Cannot read IP mode file for STMicroelectronics.FP-SNS-SMARTAG2.1.2.0
2023-09-29 13:40:55,472 [INFO] LogOutputStream:77 - [STDOUT_REDIRECT] 1 : Invalid condition id : UX_CORESTACK_Condition cause : null
2023-09-29 13:40:55,472 [INFO] LogOutputStream:77 - [STDOUT_REDIRECT] 1 : Invalid condition id : UX_CORESTACK_Condition cause : null
2023-09-29 13:40:55,475 [INFO] LogOutputStream:77 - [STDOUT_REDIRECT] 1 : Invalid condition id : UX_CORESTACK_Condition cause : null
2023-09-29 13:40:55,478 [INFO] LogOutputStream:77 - [STDOUT_REDIRECT] 1 : Invalid condition id : UX_CORESTACK_Condition cause : null
2023-09-29 13:40:55,480 [INFO] LogOutputStream:77 - [STDOUT_REDIRECT] 1 : Invalid condition id : UX_CORESTACK_Condition cause : null
2023-09-29 13:40:55,487 [WARN] PackLoader:240 - Cannot read IP mode file for STMicroelectronics.X-CUBE-AZRTOS-WL.2.0.0
2023-09-29 13:40:55,520 [WARN] PackLoader:240 - Cannot read IP mode file for WES.I-CUBE-Cesium.1.3.0
2023-09-29 13:40:55,541 [WARN] PackLoader:240 - Cannot read IP mode file for STMicroelectronics.X-CUBE-BLE2.3.3.0
2023-09-29 13:40:55,567 [WARN] PackLoader:240 - Cannot read IP mode file for STMicroelectronics.X-CUBE-ALGOBUILD.1.3.0
2023-09-29 13:40:55,616 [WARN] PackLoader:240 - Cannot read IP mode file for STMicroelectronics.X-CUBE-AZRTOS-G0.1.1.0
2023-09-29 13:40:55,643 [WARN] PackLoader:240 - Cannot read IP mode file for STMicroelectronics.X-CUBE-NFC4.3.0.0
2023-09-29 13:40:55,654 [WARN] PackLoader:240 - Cannot read IP mode file for STMicroelectronics.FP-ATR-SIGFOX1.3.2.0
2023-09-29 13:40:55,730 [WARN] PackLoader:240 - Cannot read IP mode file for SEGGER.I-CUBE-embOS.1.3.1
2023-09-29 13:40:55,834 [WARN] PackLoader:240 - Cannot read IP mode file for STMicroelectronics.X-CUBE-GNSS1.6.0.0
2023-09-29 13:40:55,906 [WARN] PackLoader:240 - Cannot read IP mode file for STMicroelectronics.X-CUBE-AZRTOS-F4.1.1.0
2023-09-29 13:40:55,939 [WARN] PackLoader:240 - Cannot read IP mode file for wolfSSL.I-CUBE-wolfSSL.5.6.3
2023-09-29 13:40:55,993 [WARN] PackLoader:240 - Cannot read IP mode file for STMicroelectronics.X-CUBE-AZRTOS-L5.2.0.0
2023-09-29 13:40:56,104 [WARN] PackLoader:240 - Cannot read IP mode file for STMicroelectronics.X-CUBE-MEMS1.9.6.0
2023-09-29 13:40:56,452 [WARN] PackLoader:240 - Cannot read IP mode file for STMicroelectronics.X-CUBE-BLEMGR.2.0.0
2023-09-29 13:40:56,501 [WARN] ConditionMgr:438 - getConditionDescription Invalid condition id : UX DEVICE CLASS RTOS Condition cause : null
2023-09-29 13:40:56,502 [WARN] ConditionMgr:438 - getConditionDescription Invalid condition id : UX DEVICE CLASS RTOS Condition cause : null
2023-09-29 13:40:56,506 [WARN] PackLoader:240 - Cannot read IP mode file for STMicroelectronics.X-CUBE-AZRTOS-H7.3.1.0
2023-09-29 13:40:56,508 [WARN] ConditionMgr:1039 - genDependencies : Invalid condition id : UX DEVICE CLASS RTOS Condition cause : null
2023-09-29 13:40:56,509 [WARN] ConditionMgr:1039 - genDependencies : Invalid condition id : UX DEVICE CLASS RTOS Condition cause : null
2023-09-29 13:40:56,510 [WARN] ConditionMgr:1039 - genDependencies : Invalid condition id : UX DEVICE CLASS RTOS Condition cause : null
2023-09-29 13:40:56,512 [WARN] ConditionMgr:1039 - genDependencies : Invalid condition id : UX DEVICE CLASS RTOS Condition cause : null
2023-09-29 13:40:56,512 [WARN] ConditionMgr:1039 - genDependencies : Invalid condition id : UX DEVICE CLASS RTOS Condition cause : null
2023-09-29 13:40:56,536 [WARN] PackLoader:240 - Cannot read IP mode file for STMicroelectronics.X-CUBE-NFC7.1.0.1
2023-09-29 13:40:56,558 [WARN] PackLoader:240 - Cannot read IP mode file for STMicroelectronics.X-CUBE-NFC6.3.0.0
2023-09-29 13:40:56,577 [WARN] PackLoader:240 - Cannot read IP mode file for STMicroelectronics.X-CUBE-EEPRMA1.4.1.0
2023-09-29 13:40:56,592 [WARN] PackLoader:240 - Cannot read IP mode file for STMicroelectronics.X-CUBE-AI.8.1.0
2023-09-29 13:40:56,635 [WARN] ConditionMgr:438 - getConditionDescription Invalid condition id : LAN8742 Phy interface Condition cause : null
2023-09-29 13:40:56,637 [WARN] PackLoader:240 - Cannot read IP mode file for STMicroelectronics.X-CUBE-AZRTOS-L4.2.0.0
2023-09-29 13:40:56,638 [WARN] ConditionMgr:1039 - genDependencies : Invalid condition id : LAN8742 Phy interface Condition cause : null
2023-09-29 13:40:56,638 [WARN] ConditionMgr:1039 - genDependencies : Invalid condition id : LAN8742 Phy interface Condition cause : null
2023-09-29 13:40:56,640 [WARN] ConditionMgr:1039 - genDependencies : Invalid condition id : LAN8742 Phy interface Condition cause : null
2023-09-29 13:40:56,664 [WARN] PackLoader:240 - Cannot read IP mode file for STMicroelectronics.X-CUBE-SFXS2LP1.4.0.0
2023-09-29 13:40:56,677 [INFO] ApiDb:240 - Found 323 in-development CPN: [B-G473E-ZEST1S, B-WB1M-WPAN1, B-WL5M-SUBG1, NUCLEO-C031C6, NUCLEO-H503RB, NUCLEO-H563ZI, NUCLEO-U545RE-Q, NUCLEO-U5A5ZJ-Q, NUCLEO-WBA52CG, STEVAL-PROTEUS1, STEVAL-SMARTAG2, STEVAL-STWINBX1, STM320518-EVAL, STM32C0116-DK, STM32C011D6Y3TR, STM32C011D6Y6TR, STM32C011F4P3, STM32C011F4P6, STM32C011F4U3, STM32C011F4U6TR, STM32C011F6P3, STM32C011F6P6, STM32C011F6U3, STM32C011F6U6TR, STM32C011J4M3, STM32C011J4M6, STM32C011J6M3, STM32C011J6M6, STM32C0316-DK, STM32C031C4T3, STM32C031C4T6, STM32C031C4U3, STM32C031C4U6, STM32C031C6T3, STM32C031C6T6, STM32C031C6U3, STM32C031C6U6, STM32C031F4P3, STM32C031F4P6, STM32C031F6P3, STM32C031F6P6, STM32C031G4U3, STM32C031G4U6, STM32C031G6U3, STM32C031G6U6, STM32C031K4T3, STM32C031K4T6, STM32C031K4U3, STM32C031K4U6, STM32C031K6T3, STM32C031K6T6, STM32C031K6U3, STM32C031K6U6, STM32G071K8TXN, STM32G071K8UXN, STM32G081GBU6N, STM32G081KBT6N, STM32G081KBUXN, STM32G0B1CCT6N, STM32G0B1KCT6, STM32G0B1NEY6TR, STM32G0B1RCT6N, STM32G0C1CCT6, STM32G0C1CCT6N, STM32G0C1CCU6N, STM32G0C1CET6N, STM32G0C1CEU6N, STM32G0C1KCT6, STM32G0C1NEY6TR, STM32G0C1RCI6N, STM32G0C1RCT6N, STM32G0C1REI6N, STM32G0C1RET6N, STM32G0C1VCI6, STM32G0C1VEI6, STM32G471CCT6, STM32G471CCU6, STM32G471CET3, STM32G471CET6, STM32G471CEU3, STM32G471CEU6, STM32G471MCT6, STM32G471MET3, STM32G471MET6, STM32G471MEY6TR, STM32G471QCT6, STM32G471QET3, STM32G471RCT6, STM32G471RET3, STM32G471RET6, STM32G471VCH6, STM32G471VCI6, STM32G471VCT6, STM32G471VEH3, STM32G471VEH6, STM32G471VEI3, STM32G471VEI6, STM32G471VET3, STM32G471VET6, STM32G474CCT6, STM32H503CBT6, STM32H503CBU6, STM32H503EBY6TR, STM32H503KBU6, STM32H503RBT6, STM32H562AGI6, STM32H562AII6, STM32H562IGK6, STM32H562IGT6, STM32H562IIK6, STM32H562IIT6, STM32H562RGT6, STM32H562RGV6, STM32H562RIT6, STM32H562RIV6, STM32H562VGT6, STM32H562VIT6, STM32H562ZGT6, STM32H562ZIT6, STM32H563AGI6, STM32H563AII3Q, STM32H563AII6, STM32H563IGK6, STM32H563IGT6, STM32H563IIK3Q, STM32H563IIK6, STM32H563IIT3Q, STM32H563IIT6, STM32H563MIY3QTR, STM32H563RGT6, STM32H563RGV6, STM32H563RIT6, STM32H563RIV6, STM32H563VGT6, STM32H563VIT3Q, STM32H563VIT6, STM32H563ZGT6, STM32H563ZIT3Q, STM32H563ZIT6, STM32H573AII3Q, STM32H573AII6, STM32H573I-DK, STM32H573IIK3Q, STM32H573IIK6, STM32H573IIT3Q, STM32H573IIT6, STM32H573MIY3QTR, STM32H573RIT6, STM32H573RIV6, STM32H573VIT3Q, STM32H573VIT6, STM32H573ZIT3Q, STM32H573ZIT6, STM32L4R5QGI6STR, STM32MP131AAE3, STM32MP131AAF3, STM32MP131AAG3, STM32MP131CAE3, STM32MP131CAF3, STM32MP131CAG3, STM32MP131DAE7, STM32MP131DAF7, STM32MP131DAG7, STM32MP131FAE7, STM32MP131FAF7, STM32MP131FAG7, STM32MP133AAE3, STM32MP133AAF3, STM32MP133AAG3, STM32MP133CAE3, STM32MP133CAF3, STM32MP133CAG3, STM32MP133DAE7, STM32MP133DAF7, STM32MP133DAG7, STM32MP133FAE7, STM32MP133FAF7, STM32MP133FAG7, STM32MP135AAE3, STM32MP135AAF3, STM32MP135AAG3, STM32MP135CAE3, STM32MP135CAF3, STM32MP135CAG3, STM32MP135DAE7, STM32MP135DAF7, STM32MP135DAG7, STM32MP135F-DK, STM32MP135FAE7, STM32MP135FAF7, STM32MP135FAF7T, STM32MP135FAF7U, STM32MP135FAG7, STM32U535CBT6, STM32U535CBT6Q, STM32U535CBU6, STM32U535CBU6Q, STM32U535CCT6, STM32U535CCT6Q, STM32U535CCU6, STM32U535CCU6Q, STM32U535CET6, STM32U535CET6Q, STM32U535CEU6, STM32U535CEU6Q, STM32U535JEY6QTR, STM32U535NCY6QTR, STM32U535NEY6QTR, STM32U535RBI6, STM32U535RBI6Q, STM32U535RBT6, STM32U535RBT6Q, STM32U535RCI6, STM32U535RCI6Q, STM32U535RCT6, STM32U535RCT6Q, STM32U535REI6, STM32U535REI6Q, STM32U535RET6, STM32U535RET6Q, STM32U535VCI6, STM32U535VCI6Q, STM32U535VCT6, STM32U535VCT6Q, STM32U535VEI6, STM32U535VEI6Q, STM32U535VET6, STM32U535VET6Q, STM32U545CET6, STM32U545CET6Q, STM32U545CEU6, STM32U545CEU6Q, STM32U545JEY6QTR, STM32U545NEY6QTR, STM32U545REI6, STM32U545REI6Q, STM32U545RET6, STM32U545RET6Q, STM32U545VEI6, STM32U545VEI6Q, STM32U545VET6, STM32U545VET6Q, STM32U595AIH6, STM32U595AIH6Q, STM32U595AJH6, STM32U595AJH6Q, STM32U595QII6, STM32U595QII6Q, STM32U595QJI6, STM32U595QJI6Q, STM32U595RIT6, STM32U595RIT6Q, STM32U595RJT6, STM32U595RJT6Q, STM32U595VIT6, STM32U595VIT6Q, STM32U595VJT6, STM32U595VJT6Q, STM32U595ZIT6, STM32U595ZIT6Q, STM32U595ZIY6QTR, STM32U595ZJT6, STM32U595ZJT6Q, STM32U595ZJY6QTR, STM32U599BJY6QTR, STM32U599NIH6Q, STM32U599NJH6Q, STM32U599VIT6Q, STM32U599VJT6, STM32U599VJT6Q, STM32U599ZIT6Q, STM32U599ZIY6QTR, STM32U599ZJT6Q, STM32U599ZJY6QTR, STM32U5A5AJH6, STM32U5A5AJH6Q, STM32U5A5QJI6, STM32U5A5QJI6Q, STM32U5A5RJT6, STM32U5A5RJT6Q, STM32U5A5VJT6, STM32U5A5VJT6Q, STM32U5A5ZJT6, STM32U5A5ZJT6Q, STM32U5A5ZJY6QTR, STM32U5A9BJY6QTR, STM32U5A9J-DK, STM32U5A9NJH6Q, STM32U5A9VJT6Q, STM32U5A9ZJT6Q, STM32U5A9ZJY6QTR, STM32U5F7VIT6, STM32U5F7VIT6Q, STM32U5F7VJT6, STM32U5F7VJT6Q, STM32U5F9BJY6QTR, STM32U5F9NJH6Q, STM32U5F9VIT6Q, STM32U5F9VJT6Q, STM32U5F9ZIJ6QTR, STM32U5F9ZIT6Q, STM32U5F9ZJJ6QTR, STM32U5F9ZJT6Q, STM32U5G7VJT6, STM32U5G7VJT6Q, STM32U5G9BJY6QTR, STM32U5G9J-DK1, STM32U5G9J-DK2, STM32U5G9NJH6Q, STM32U5G9VJT6Q, STM32U5G9ZJJ6QTR, STM32U5G9ZJT6Q, STM32WB1MMCH6, STM32WBA52CEU6, STM32WBA52CEU6T, STM32WBA52CGU6, STM32WBA52CGU6T, STM32WBA52KEU6, STM32WBA52KEU6T, STM32WBA52KGU6, STM32WBA52KGU6T, STM32WL5MOCH6, STM32WL5MOCH6TR]
2023-09-29 13:40:56,688 [WARN] PackLoader:240 - Cannot read IP mode file for STMicroelectronics.X-CUBE-ISPU.1.1.0
2023-09-29 13:40:56,689 [INFO] DbMcus:217 - Found 3848 MCUs, 3848 are supported
2023-09-29 13:40:56,691 [INFO] ApiDb:423 - Load user favorites file C:\Users\win 10/.stm32cubeide/favorites.mcus.txt: 0 item(s)
2023-09-29 13:40:56,691 [INFO] ApiDb:427 - User favorites MCUs=[]
2023-09-29 13:40:56,692 [INFO] DbMcus:223 - Set 0 / 0 favorites MCUs
2023-09-29 13:40:56,750 [WARN] ConditionMgr:438 - getConditionDescription Invalid condition id : UX DEVICE CLASS RTOS Condition cause : null
2023-09-29 13:40:56,750 [WARN] ConditionMgr:438 - getConditionDescription Invalid condition id : UX DEVICE CLASS RTOS Condition cause : null
2023-09-29 13:40:56,754 [WARN] PackLoader:240 - Cannot read IP mode file for STMicroelectronics.X-CUBE-AZRTOS-WB.2.0.0
2023-09-29 13:40:56,755 [WARN] ConditionMgr:1039 - genDependencies : Invalid condition id : UX DEVICE CLASS RTOS Condition cause : null
2023-09-29 13:40:56,755 [WARN] ConditionMgr:1039 - genDependencies : Invalid condition id : UX DEVICE CLASS RTOS Condition cause : null
2023-09-29 13:40:56,756 [WARN] ConditionMgr:1039 - genDependencies : Invalid condition id : UX DEVICE CLASS RTOS Condition cause : null
2023-09-29 13:40:56,757 [WARN] ConditionMgr:1039 - genDependencies : Invalid condition id : UX DEVICE CLASS RTOS Condition cause : null
2023-09-29 13:40:56,757 [WARN] ConditionMgr:1039 - genDependencies : Invalid condition id : UX DEVICE CLASS RTOS Condition cause : null
2023-09-29 13:40:56,789 [WARN] PackLoader:240 - Cannot read IP mode file for STMicroelectronics.X-CUBE-SUBG2.5.0.0
2023-09-29 13:40:56,827 [WARN] PackLoader:240 - Cannot read IP mode file for STMicroelectronics.X-CUBE-TOF1.3.3.1
2023-09-29 13:40:56,890 [WARN] PackLoader:240 - Cannot read IP mode file for STMicroelectronics.X-CUBE-AZRTOS-G4.2.0.0
2023-09-29 13:40:56,913 [WARN] PackLoader:240 - Cannot read IP mode file for STMicroelectronics.X-CUBE-FREERTOS.1.1.0
2023-09-29 13:40:56,935 [WARN] PackLoader:240 - Cannot read IP mode file for portGmbH.I-Cube-SoM-uGOAL.1.1.0
2023-09-29 13:40:56,955 [WARN] PackLoader:240 - Cannot read IP mode file for STMicroelectronics.X-CUBE-ALS.1.0.1
2023-09-29 13:40:56,976 [WARN] PackLoader:240 - Cannot read IP mode file for STMicroelectronics.FP-ATR-ASTRA1.2.0.0
2023-09-29 13:40:56,977 [INFO] ThirdParty:978 - Integrity check success = true
2023-09-29 13:40:56,977 [INFO] IntegrityCheckThread:100 - exiting critical section [integrity check]
2023-09-29 13:40:56,977 [INFO] IntegrityCheckThread:103 - End integrity checks thread
2023-09-29 13:40:57,320 [INFO] ApiDb:668 - CubeFinder database Data Model version=2.1
2023-09-29 13:40:57,320 [INFO] ApiDb:669 - CubeFinder database Configuration version=3.0.37
2023-09-29 13:40:57,320 [INFO] ApiDb:670 - CubeFinder database generation date=2023-08-09 (1691586011)
2023-09-29 13:40:57,320 [INFO] ApiDb:671 - CubeFinder database FW Pack versions=[FP-ATR-ASTRA1_V2.0.0, FP-SNS-FLIGHT1_V5.0.1, FP-SNS-FLIGHT1_V5.0.2, FP-SNS-MOTENV1_V4.3.1, FP-SNS-MOTENV1_V4.3.2, STM32Cube_FW_C0_V1.1.0, STM32Cube_FW_F4_V1.27.1, STM32Cube_FW_F7_V1.17.0, STM32Cube_FW_G0_V1.6.1, STM32Cube_FW_G4_V1.5.1, STM32Cube_FW_H5_V0.5.1, STM32Cube_FW_H5_V1.1.0, STM32Cube_FW_H7_V1.11.0, STM32Cube_FW_L0_V1.12.2, STM32Cube_FW_L5_V1.5.0, STM32Cube_FW_U5_V1.3.0, STM32Cube_FW_U5_V1.3.0RC4, STM32Cube_FW_WBA_V1.0.0RC1, STM32Cube_FW_WBA_V1.1.0, STM32Cube_FW_WBA_V1.1.0RC1, STM32Cube_FW_WB_V1.15.0RC1, STM32Cube_FW_WB_V1.16.0, STM32Cube_FW_WB_V1.16.0RC2, STM32Cube_FW_WB_V1.17.0, STM32Cube_FW_WL_V1.3.0, X-CUBE-ALGOBUILD_V1.3.0, X-CUBE-ALS_V1.0.1, X-CUBE-AZRTOS-F4_V1.1.0, X-CUBE-AZRTOS-F7_V1.1.0, X-CUBE-AZRTOS-G0_V1.1.0, X-CUBE-AZRTOS-G4_V2.0.0, X-CUBE-AZRTOS-H7_V3.1.0, X-CUBE-AZRTOS-L4_V1.0.0, X-CUBE-AZRTOS-L4_V2.0.0, X-CUBE-AZRTOS-L5_V1.1.0, X-CUBE-AZRTOS-WB_V1.1.0, X-CUBE-AZRTOS-WL_V2.0.0, X-CUBE-BLE1_V7.0.0, X-CUBE-BLE2_V3.3.0, X-CUBE-BLEMGR_V2.0.0, X-CUBE-EEPRMA1_V4.1.0, X-CUBE-FREERTOS_V1.1.0, X-CUBE-GNSS1_V6.0.0, X-CUBE-MEMS1_V9.1.0, X-CUBE-MEMS1_V9.4.0, X-CUBE-MEMS1_V9.6.0, X-CUBE-NFC4_V3.0.0, X-CUBE-NFC7_V1.0.0, X-CUBE-SFXS2LP1_V4.0.0, X-CUBE-SUBG2_V5.0.0, X-CUBE-TOF1_V3.3.1]
2023-09-29 13:40:57,413 [INFO] DbBoardsSqlite:226 - include board P-NUCLEO-WB55-NUCLEO as a kit item of type 'Nucleo-64'
2023-09-29 13:40:57,413 [INFO] DbBoardsSqlite:226 - include board P-NUCLEO-WB55-USBDONGLE as a kit item of type 'Nucleo USB Dongle'
2023-09-29 13:40:57,414 [INFO] DbBoardsSqlite:226 - include board STEVAL-IDP005V1 as a kit item of type 'Evaluation Board'
2023-09-29 13:40:57,414 [INFO] DbBoardsSqlite:226 - include board STEVAL-IDP005V2 as a kit item of type 'Evaluation Board'
2023-09-29 13:40:57,472 [INFO] ApiDb:240 - Found 323 in-development CPN: [B-G473E-ZEST1S, B-WB1M-WPAN1, B-WL5M-SUBG1, NUCLEO-C031C6, NUCLEO-H503RB, NUCLEO-H563ZI, NUCLEO-U545RE-Q, NUCLEO-U5A5ZJ-Q, NUCLEO-WBA52CG, STEVAL-PROTEUS1, STEVAL-SMARTAG2, STEVAL-STWINBX1, STM320518-EVAL, STM32C0116-DK, STM32C011D6Y3TR, STM32C011D6Y6TR, STM32C011F4P3, STM32C011F4P6, STM32C011F4U3, STM32C011F4U6TR, STM32C011F6P3, STM32C011F6P6, STM32C011F6U3, STM32C011F6U6TR, STM32C011J4M3, STM32C011J4M6, STM32C011J6M3, STM32C011J6M6, STM32C0316-DK, STM32C031C4T3, STM32C031C4T6, STM32C031C4U3, STM32C031C4U6, STM32C031C6T3, STM32C031C6T6, STM32C031C6U3, STM32C031C6U6, STM32C031F4P3, STM32C031F4P6, STM32C031F6P3, STM32C031F6P6, STM32C031G4U3, STM32C031G4U6, STM32C031G6U3, STM32C031G6U6, STM32C031K4T3, STM32C031K4T6, STM32C031K4U3, STM32C031K4U6, STM32C031K6T3, STM32C031K6T6, STM32C031K6U3, STM32C031K6U6, STM32G071K8TXN, STM32G071K8UXN, STM32G081GBU6N, STM32G081KBT6N, STM32G081KBUXN, STM32G0B1CCT6N, STM32G0B1KCT6, STM32G0B1NEY6TR, STM32G0B1RCT6N, STM32G0C1CCT6, STM32G0C1CCT6N, STM32G0C1CCU6N, STM32G0C1CET6N, STM32G0C1CEU6N, STM32G0C1KCT6, STM32G0C1NEY6TR, STM32G0C1RCI6N, STM32G0C1RCT6N, STM32G0C1REI6N, STM32G0C1RET6N, STM32G0C1VCI6, STM32G0C1VEI6, STM32G471CCT6, STM32G471CCU6, STM32G471CET3, STM32G471CET6, STM32G471CEU3, STM32G471CEU6, STM32G471MCT6, STM32G471MET3, STM32G471MET6, STM32G471MEY6TR, STM32G471QCT6, STM32G471QET3, STM32G471RCT6, STM32G471RET3, STM32G471RET6, STM32G471VCH6, STM32G471VCI6, STM32G471VCT6, STM32G471VEH3, STM32G471VEH6, STM32G471VEI3, STM32G471VEI6, STM32G471VET3, STM32G471VET6, STM32G474CCT6, STM32H503CBT6, STM32H503CBU6, STM32H503EBY6TR, STM32H503KBU6, STM32H503RBT6, STM32H562AGI6, STM32H562AII6, STM32H562IGK6, STM32H562IGT6, STM32H562IIK6, STM32H562IIT6, STM32H562RGT6, STM32H562RGV6, STM32H562RIT6, STM32H562RIV6, STM32H562VGT6, STM32H562VIT6, STM32H562ZGT6, STM32H562ZIT6, STM32H563AGI6, STM32H563AII3Q, STM32H563AII6, STM32H563IGK6, STM32H563IGT6, STM32H563IIK3Q, STM32H563IIK6, STM32H563IIT3Q, STM32H563IIT6, STM32H563MIY3QTR, STM32H563RGT6, STM32H563RGV6, STM32H563RIT6, STM32H563RIV6, STM32H563VGT6, STM32H563VIT3Q, STM32H563VIT6, STM32H563ZGT6, STM32H563ZIT3Q, STM32H563ZIT6, STM32H573AII3Q, STM32H573AII6, STM32H573I-DK, STM32H573IIK3Q, STM32H573IIK6, STM32H573IIT3Q, STM32H573IIT6, STM32H573MIY3QTR, STM32H573RIT6, STM32H573RIV6, STM32H573VIT3Q, STM32H573VIT6, STM32H573ZIT3Q, STM32H573ZIT6, STM32L4R5QGI6STR, STM32MP131AAE3, STM32MP131AAF3, STM32MP131AAG3, STM32MP131CAE3, STM32MP131CAF3, STM32MP131CAG3, STM32MP131DAE7, STM32MP131DAF7, STM32MP131DAG7, STM32MP131FAE7, STM32MP131FAF7, STM32MP131FAG7, STM32MP133AAE3, STM32MP133AAF3, STM32MP133AAG3, STM32MP133CAE3, STM32MP133CAF3, STM32MP133CAG3, STM32MP133DAE7, STM32MP133DAF7, STM32MP133DAG7, STM32MP133FAE7, STM32MP133FAF7, STM32MP133FAG7, STM32MP135AAE3, STM32MP135AAF3, STM32MP135AAG3, STM32MP135CAE3, STM32MP135CAF3, STM32MP135CAG3, STM32MP135DAE7, STM32MP135DAF7, STM32MP135DAG7, STM32MP135F-DK, STM32MP135FAE7, STM32MP135FAF7, STM32MP135FAF7T, STM32MP135FAF7U, STM32MP135FAG7, STM32U535CBT6, STM32U535CBT6Q, STM32U535CBU6, STM32U535CBU6Q, STM32U535CCT6, STM32U535CCT6Q, STM32U535CCU6, STM32U535CCU6Q, STM32U535CET6, STM32U535CET6Q, STM32U535CEU6, STM32U535CEU6Q, STM32U535JEY6QTR, STM32U535NCY6QTR, STM32U535NEY6QTR, STM32U535RBI6, STM32U535RBI6Q, STM32U535RBT6, STM32U535RBT6Q, STM32U535RCI6, STM32U535RCI6Q, STM32U535RCT6, STM32U535RCT6Q, STM32U535REI6, STM32U535REI6Q, STM32U535RET6, STM32U535RET6Q, STM32U535VCI6, STM32U535VCI6Q, STM32U535VCT6, STM32U535VCT6Q, STM32U535VEI6, STM32U535VEI6Q, STM32U535VET6, STM32U535VET6Q, STM32U545CET6, STM32U545CET6Q, STM32U545CEU6, STM32U545CEU6Q, STM32U545JEY6QTR, STM32U545NEY6QTR, STM32U545REI6, STM32U545REI6Q, STM32U545RET6, STM32U545RET6Q, STM32U545VEI6, STM32U545VEI6Q, STM32U545VET6, STM32U545VET6Q, STM32U595AIH6, STM32U595AIH6Q, STM32U595AJH6, STM32U595AJH6Q, STM32U595QII6, STM32U595QII6Q, STM32U595QJI6, STM32U595QJI6Q, STM32U595RIT6, STM32U595RIT6Q, STM32U595RJT6, STM32U595RJT6Q, STM32U595VIT6, STM32U595VIT6Q, STM32U595VJT6, STM32U595VJT6Q, STM32U595ZIT6, STM32U595ZIT6Q, STM32U595ZIY6QTR, STM32U595ZJT6, STM32U595ZJT6Q, STM32U595ZJY6QTR, STM32U599BJY6QTR, STM32U599NIH6Q, STM32U599NJH6Q, STM32U599VIT6Q, STM32U599VJT6, STM32U599VJT6Q, STM32U599ZIT6Q, STM32U599ZIY6QTR, STM32U599ZJT6Q, STM32U599ZJY6QTR, STM32U5A5AJH6, STM32U5A5AJH6Q, STM32U5A5QJI6, STM32U5A5QJI6Q, STM32U5A5RJT6, STM32U5A5RJT6Q, STM32U5A5VJT6, STM32U5A5VJT6Q, STM32U5A5ZJT6, STM32U5A5ZJT6Q, STM32U5A5ZJY6QTR, STM32U5A9BJY6QTR, STM32U5A9J-DK, STM32U5A9NJH6Q, STM32U5A9VJT6Q, STM32U5A9ZJT6Q, STM32U5A9ZJY6QTR, STM32U5F7VIT6, STM32U5F7VIT6Q, STM32U5F7VJT6, STM32U5F7VJT6Q, STM32U5F9BJY6QTR, STM32U5F9NJH6Q, STM32U5F9VIT6Q, STM32U5F9VJT6Q, STM32U5F9ZIJ6QTR, STM32U5F9ZIT6Q, STM32U5F9ZJJ6QTR, STM32U5F9ZJT6Q, STM32U5G7VJT6, STM32U5G7VJT6Q, STM32U5G9BJY6QTR, STM32U5G9J-DK1, STM32U5G9J-DK2, STM32U5G9NJH6Q, STM32U5G9VJT6Q, STM32U5G9ZJJ6QTR, STM32U5G9ZJT6Q, STM32WB1MMCH6, STM32WBA52CEU6, STM32WBA52CEU6T, STM32WBA52CGU6, STM32WBA52CGU6T, STM32WBA52KEU6, STM32WBA52KEU6T, STM32WBA52KGU6, STM32WBA52KGU6T, STM32WL5MOCH6, STM32WL5MOCH6TR]
2023-09-29 13:40:57,712 [INFO] BoardInfo:880 - No configuration file found for board P-NUCLEO-WB55
2023-09-29 13:40:57,713 [INFO] DbBoards:157 - Kit is not supported: P-NUCLEO-WB55
2023-09-29 13:40:57,724 [INFO] BoardInfo:880 - No configuration file found for board STEVAL-BFA001V1B
2023-09-29 13:40:57,725 [INFO] DbBoards:157 - Kit is not supported: STEVAL-BFA001V1B
2023-09-29 13:40:57,727 [INFO] BoardInfo:880 - No configuration file found for board STEVAL-BFA001V2B
2023-09-29 13:40:57,728 [INFO] DbBoards:157 - Kit is not supported: STEVAL-BFA001V2B
2023-09-29 13:40:57,984 [INFO] DbBoards:161 - Found 190 boards, 187 are supported
2023-09-29 13:40:57,989 [INFO] ApiDb:423 - Load user favorites file C:\Users\win 10/.stm32cubeide/favorites.boards.txt: 0 item(s)
2023-09-29 13:40:57,989 [INFO] ApiDb:427 - User favorites Boards=[]
2023-09-29 13:40:57,989 [INFO] DbBoards:190 - Set 0 / 0 favorites Boards
2023-09-29 13:40:57,994 [INFO] ApiDb:668 - CubeFinder database Data Model version=2.1
2023-09-29 13:40:57,994 [INFO] ApiDb:669 - CubeFinder database Configuration version=3.0.37
2023-09-29 13:40:57,994 [INFO] ApiDb:670 - CubeFinder database generation date=2023-08-09 (1691586011)
2023-09-29 13:40:57,994 [INFO] ApiDb:671 - CubeFinder database FW Pack versions=[FP-ATR-ASTRA1_V2.0.0, FP-SNS-FLIGHT1_V5.0.1, FP-SNS-FLIGHT1_V5.0.2, FP-SNS-MOTENV1_V4.3.1, FP-SNS-MOTENV1_V4.3.2, STM32Cube_FW_C0_V1.1.0, STM32Cube_FW_F4_V1.27.1, STM32Cube_FW_F7_V1.17.0, STM32Cube_FW_G0_V1.6.1, STM32Cube_FW_G4_V1.5.1, STM32Cube_FW_H5_V0.5.1, STM32Cube_FW_H5_V1.1.0, STM32Cube_FW_H7_V1.11.0, STM32Cube_FW_L0_V1.12.2, STM32Cube_FW_L5_V1.5.0, STM32Cube_FW_U5_V1.3.0, STM32Cube_FW_U5_V1.3.0RC4, STM32Cube_FW_WBA_V1.0.0RC1, STM32Cube_FW_WBA_V1.1.0, STM32Cube_FW_WBA_V1.1.0RC1, STM32Cube_FW_WB_V1.15.0RC1, STM32Cube_FW_WB_V1.16.0, STM32Cube_FW_WB_V1.16.0RC2, STM32Cube_FW_WB_V1.17.0, STM32Cube_FW_WL_V1.3.0, X-CUBE-ALGOBUILD_V1.3.0, X-CUBE-ALS_V1.0.1, X-CUBE-AZRTOS-F4_V1.1.0, X-CUBE-AZRTOS-F7_V1.1.0, X-CUBE-AZRTOS-G0_V1.1.0, X-CUBE-AZRTOS-G4_V2.0.0, X-CUBE-AZRTOS-H7_V3.1.0, X-CUBE-AZRTOS-L4_V1.0.0, X-CUBE-AZRTOS-L4_V2.0.0, X-CUBE-AZRTOS-L5_V1.1.0, X-CUBE-AZRTOS-WB_V1.1.0, X-CUBE-AZRTOS-WL_V2.0.0, X-CUBE-BLE1_V7.0.0, X-CUBE-BLE2_V3.3.0, X-CUBE-BLEMGR_V2.0.0, X-CUBE-EEPRMA1_V4.1.0, X-CUBE-FREERTOS_V1.1.0, X-CUBE-GNSS1_V6.0.0, X-CUBE-MEMS1_V9.1.0, X-CUBE-MEMS1_V9.4.0, X-CUBE-MEMS1_V9.6.0, X-CUBE-NFC4_V3.0.0, X-CUBE-NFC7_V1.0.0, X-CUBE-SFXS2LP1_V4.0.0, X-CUBE-SUBG2_V5.0.0, X-CUBE-TOF1_V3.3.1]
2023-09-29 13:40:59,274 [INFO] DbExamplesSqlite:395 - Ignored 27 examples not supported by CubeIDE
2023-09-29 13:40:59,274 [INFO] DbExamplesSqlite:396 - Found 7231 examples active
2023-09-29 13:40:59,275 [INFO] DbExamplesSqlite:397 - Found 677 examples obsolete
2023-09-29 13:40:59,276 [INFO] DbExamplesSqlite:398 - Found 0 examples under development
2023-09-29 13:40:59,276 [INFO] DbExamplesSqlite:399 - Found 74 examples not building
2023-09-29 13:40:59,279 [INFO] DbExamples:125 - Found 7278 examples
2023-09-29 13:40:59,301 [INFO] DbExamples:222 - Found 92 boards with related examples
2023-09-29 13:40:59,303 [INFO] DbExamples:235 - Found 78 MCUs with related examples
2023-09-29 13:40:59,338 [INFO] ApiDb:414 - User favorites file not found: C:\Users\win 10/.stm32cubeide/favorites.examples.txt
2023-09-29 13:40:59,339 [INFO] DbExamples:250 - Set 0 / 0 favorites Examples
2023-09-29 13:40:59,867 [INFO] McuFinderGlobals:76 - Set McuFinderConnectedMode to true
2023-09-29 13:40:59,882 [INFO] MultiScanPanel:200 - Auto-refresh data requested => check proxy status ongoing
2023-09-29 13:40:59,890 [INFO] FinderPluginLoader:95 - Searching for filters in installed packs
2023-09-29 13:41:02,620 [INFO] LoadUrlFilesThread:185 - End of LoadServerUrlFiles without Thread
2023-09-29 13:41:02,657 [INFO] DetailPanel:341 - Set advertising image to C:/Users/win 10/STM32Cube/Repository/\en.prom-stm32h5-mcu-finder.jpg
2023-09-29 13:42:45,335 [INFO] MainUpdater:2868 - connection check result : 10
2023-09-29 13:42:45,336 [INFO] MainUpdater:2868 - connection check result : 10
2023-09-29 13:42:45,391 [INFO] MicroXplorer:468 - Change Database Path : 
2023-09-29 13:42:45,391 [INFO] MicroXplorer:498 - Change Database Version : DB.6.0.91
2023-09-29 13:42:45,398 [WARN] ThirdParty:871 - waiting for thirdparty lock release [close project]
2023-09-29 13:42:45,398 [INFO] ThirdParty:873 - entering critical section [close project]
2023-09-29 13:42:45,400 [INFO] ThirdParty:883 - exiting critical section [close project]
2023-09-29 13:42:45,403 [INFO] PinOutPanel:1499 - setPackage(No Configuration,No Configuration)
2023-09-29 13:42:45,413 [INFO] UtilMem:75 - Begin LoadConfig() Used Memory: 661767240 Bytes (1008730112)
2023-09-29 13:42:45,415 [INFO] MicroXplorer:468 - Change Database Path : 
2023-09-29 13:42:45,415 [INFO] MicroXplorer:498 - Change Database Version : DB.6.0.91
2023-09-29 13:42:45,415 [INFO] OpenFileManager:308 - Change cursor
2023-09-29 13:42:45,561 [INFO] Mcu:1946 - Initializing MCU STM32F103C8Tx STM32F103C8Tx STM32F103C8T6
2023-09-29 13:42:47,264 [INFO] Context:659 - Trying to add GPIOservice into a context  which must be forbidden
2023-09-29 13:42:47,699 [INFO] ImportTextPane:194 - (OptionalMessage_ERROR) Unable to find key (Mcu.ThirdPartyNb) in loaded IOC file
2023-09-29 13:42:47,699 [INFO] ImportTextPane:194 - (OptionalMessage_ERROR) Unable to find key (Mcu.PinsNb) in loaded IOC file
2023-09-29 13:42:47,700 [INFO] ImportTextPane:194 - (OptionalMessage_ERROR) Unable to find key (Mcu.IPNb) in loaded IOC file
2023-09-29 13:42:48,139 [INFO] RtosManager:555 - Registered RTOS mode: class=CMSIS, group=RTOS, mode=CMSIS_V1, owner=FREERTOS
2023-09-29 13:42:48,139 [INFO] RtosManager:555 - Registered RTOS mode: class=CMSIS, group=RTOS2, mode=CMSIS_V2, owner=FREERTOS
2023-09-29 13:42:48,139 [INFO] RtosManager:555 - Registered RTOS mode: class=RTOS, group=Core, mode=CMSIS_V1, owner=FREERTOS
2023-09-29 13:42:48,139 [INFO] RtosManager:555 - Registered RTOS mode: class=RTOS, group=Core, mode=CMSIS_V2, owner=FREERTOS
2023-09-29 13:42:48,140 [WARN] ModelIntegratedComponent:184 - Missing modes for component STMicroelectronics:FreeRTOS:0.0.1:STMicroelectronics:RTOS:FreeRTOS:Core:::10.2.0:
2023-09-29 13:42:48,152 [WARN] ModelIntegratedComponent:63 - No mode defined for component null
2023-09-29 13:42:48,152 [WARN] ModelIntegratedComponent:63 - No mode defined for component null
2023-09-29 13:42:48,152 [WARN] ModelIntegratedComponent:63 - No mode defined for component null
2023-09-29 13:42:48,152 [WARN] ModelIntegratedComponent:63 - No mode defined for component null
2023-09-29 13:42:48,152 [WARN] ModelIntegratedComponent:63 - No mode defined for component null
2023-09-29 13:42:48,152 [WARN] ModelIntegratedComponent:63 - No mode defined for component null
2023-09-29 13:42:48,152 [WARN] ModelIntegratedComponent:63 - No mode defined for component null
2023-09-29 13:42:48,152 [WARN] ModelIntegratedComponent:63 - No mode defined for component null
2023-09-29 13:42:48,152 [WARN] ModelIntegratedComponent:63 - No mode defined for component null
2023-09-29 13:42:48,152 [WARN] ModelIntegratedComponent:63 - No mode defined for component null
2023-09-29 13:42:48,152 [WARN] ModelIntegratedComponent:63 - No mode defined for component null
2023-09-29 13:42:48,152 [WARN] ModelIntegratedComponent:63 - No mode defined for component null
2023-09-29 13:42:48,152 [WARN] ModelIntegratedComponent:63 - No mode defined for component null
2023-09-29 13:42:48,152 [WARN] ModelIntegratedComponent:63 - No mode defined for component null
2023-09-29 13:42:48,153 [WARN] ModelIntegratedComponent:63 - No mode defined for component null
2023-09-29 13:42:48,153 [WARN] ModelIntegratedComponent:63 - No mode defined for component null
2023-09-29 13:42:48,153 [WARN] ModelIntegratedComponent:63 - No mode defined for component null
2023-09-29 13:42:48,153 [WARN] ModelIntegratedComponent:63 - No mode defined for component null
2023-09-29 13:42:48,153 [WARN] ModelIntegratedComponent:63 - No mode defined for component null
2023-09-29 13:42:48,153 [WARN] ModelIntegratedComponent:63 - No mode defined for component null
2023-09-29 13:42:48,153 [WARN] ModelIntegratedComponent:63 - No mode defined for component null
2023-09-29 13:42:48,153 [WARN] ModelIntegratedComponent:63 - No mode defined for component null
2023-09-29 13:42:48,153 [WARN] ModelIntegratedComponent:63 - No mode defined for component null
2023-09-29 13:42:48,153 [WARN] ModelIntegratedComponent:63 - No mode defined for component null
2023-09-29 13:42:48,153 [WARN] ModelIntegratedComponent:63 - No mode defined for component null
2023-09-29 13:42:48,153 [WARN] ModelIntegratedComponent:63 - No mode defined for component null
2023-09-29 13:42:48,153 [WARN] ModelIntegratedComponent:63 - No mode defined for component null
2023-09-29 13:42:48,153 [WARN] ModelIntegratedComponent:63 - No mode defined for component null
2023-09-29 13:42:48,153 [WARN] ModelIntegratedComponent:63 - No mode defined for component null
2023-09-29 13:42:48,153 [WARN] ModelIntegratedComponent:63 - No mode defined for component null
2023-09-29 13:42:48,153 [WARN] ModelIntegratedComponent:63 - No mode defined for component null
2023-09-29 13:42:48,153 [WARN] ModelIntegratedComponent:63 - No mode defined for component null
2023-09-29 13:42:48,154 [WARN] ModelIntegratedComponent:63 - No mode defined for component null
2023-09-29 13:42:48,176 [INFO] ThirdPartyModel:298 - Start build external matchings
2023-09-29 13:42:48,715 [INFO] ThirdPartyModel:316 - End build external matchings
2023-09-29 13:42:49,142 [INFO] UtilMem:75 - End LoadConfig() Used Memory: 621528720 Bytes (1073741824)
2023-09-29 13:42:49,196 [WARN] ThirdParty:833 - waiting for thirdparty lock release [change project]
2023-09-29 13:42:49,197 [INFO] ThirdParty:835 - entering critical section [change project]
2023-09-29 13:42:49,198 [INFO] ThirdParty:1030 - CMSIS Pack Vendor :STMicroelectronics X-CUBE-ISPU 1.1.0
2023-09-29 13:42:49,198 [INFO] ThirdParty:1030 - CMSIS Pack Vendor :STMicroelectronics USBPD 4.1
2023-09-29 13:42:49,198 [INFO] ThirdParty:1030 - CMSIS Pack Vendor :STMicroelectronics X-CUBE-GNSS1 6.0.0
2023-09-29 13:42:49,198 [INFO] ThirdParty:1030 - CMSIS Pack Vendor :STMicroelectronics USB_HOST 2.0.0
2023-09-29 13:42:49,198 [INFO] ThirdParty:1030 - CMSIS Pack Vendor :STMicroelectronics X-CUBE-AZRTOS-F4 1.1.0
2023-09-29 13:42:49,198 [INFO] ThirdParty:1030 - CMSIS Pack Vendor :STMicroelectronics LIBJPEG 8.0.0
2023-09-29 13:42:49,198 [INFO] ThirdParty:1030 - CMSIS Pack Vendor :wolfSSL I-CUBE-wolfSSL 5.6.3
2023-09-29 13:42:49,198 [INFO] ThirdParty:1030 - CMSIS Pack Vendor :STMicroelectronics X-CUBE-SMBUS 2.1.0
2023-09-29 13:42:49,198 [INFO] ThirdParty:1030 - CMSIS Pack Vendor :STMicroelectronics USB_DEVICE 3.0.0
2023-09-29 13:42:49,199 [INFO] ThirdParty:1030 - CMSIS Pack Vendor :STMicroelectronics X-CUBE-AZRTOS-WB 2.0.0
2023-09-29 13:42:49,199 [INFO] ThirdParty:1030 - CMSIS Pack Vendor :STMicroelectronics X-CUBE-AZRTOS-F7 1.1.0
2023-09-29 13:42:49,199 [INFO] ThirdParty:1030 - CMSIS Pack Vendor :STMicroelectronics X-CUBE-AZRTOS-L5 2.0.0
2023-09-29 13:42:49,199 [INFO] ThirdParty:1030 - CMSIS Pack Vendor :STMicroelectronics USB_DEVICE 2.0.0
2023-09-29 13:42:49,199 [INFO] ThirdParty:1030 - CMSIS Pack Vendor :STMicroelectronics X-CUBE-MEMS1 9.6.0
2023-09-29 13:42:49,199 [INFO] ThirdParty:1030 - CMSIS Pack Vendor :STMicroelectronics FP-SNS-MOTENV1 4.3.2
2023-09-29 13:42:49,199 [INFO] ThirdParty:1030 - CMSIS Pack Vendor :STMicroelectronics X-CUBE-ALGOBUILD 1.3.0
2023-09-29 13:42:49,199 [INFO] ThirdParty:1030 - CMSIS Pack Vendor :STMicroelectronics FreeRTOS 0.0.1
2023-09-29 13:42:49,199 [INFO] ThirdParty:1030 - CMSIS Pack Vendor :STMicroelectronics X-CUBE-AZRTOS-G0 1.1.0
2023-09-29 13:42:49,199 [INFO] ThirdParty:1030 - CMSIS Pack Vendor :STMicroelectronics X-CUBE-BLEMGR 2.0.0
2023-09-29 13:42:49,199 [INFO] ThirdParty:1030 - CMSIS Pack Vendor :STMicroelectronics X-CUBE-NFC4 3.0.0
2023-09-29 13:42:49,199 [INFO] ThirdParty:1030 - CMSIS Pack Vendor :STMicroelectronics X-CUBE-SUBG2 5.0.0
2023-09-29 13:42:49,199 [INFO] ThirdParty:1030 - CMSIS Pack Vendor :STMicroelectronics STM32_WPAN 1.0.0
2023-09-29 13:42:49,199 [INFO] ThirdParty:1030 - CMSIS Pack Vendor :STMicroelectronics lwIP 2.0.3
2023-09-29 13:42:49,200 [INFO] ThirdParty:1030 - CMSIS Pack Vendor :STMicroelectronics FP-SNS-FLIGHT1 5.0.2
2023-09-29 13:42:49,200 [INFO] ThirdParty:1030 - CMSIS Pack Vendor :STMicroelectronics USB_HOST 1.0.0
2023-09-29 13:42:49,200 [INFO] ThirdParty:1030 - CMSIS Pack Vendor :STMicroelectronics X-CUBE-TOF1 3.3.1
2023-09-29 13:42:49,200 [INFO] ThirdParty:1030 - CMSIS Pack Vendor :STMicroelectronics X-CUBE-AZRTOS-G4 2.0.0
2023-09-29 13:42:49,200 [INFO] ThirdParty:1030 - CMSIS Pack Vendor :STMicroelectronics PDM2PCM 3.1.0
2023-09-29 13:42:49,200 [INFO] ThirdParty:1030 - CMSIS Pack Vendor :STMicroelectronics X-CUBE-AZRTOS-H7 3.1.0
2023-09-29 13:42:49,200 [INFO] ThirdParty:1030 - CMSIS Pack Vendor :STMicroelectronics PDM2PCM 3.3.0
2023-09-29 13:42:49,200 [INFO] ThirdParty:1030 - CMSIS Pack Vendor :STMicroelectronics X-CUBE-DISPLAY 3.0.0
2023-09-29 13:42:49,200 [INFO] ThirdParty:1030 - CMSIS Pack Vendor :STMicroelectronics X-CUBE-BLE1 7.0.0
2023-09-29 13:42:49,200 [INFO] ThirdParty:1030 - CMSIS Pack Vendor :STMicroelectronics FP-ATR-SIGFOX1 3.2.0
2023-09-29 13:42:49,201 [INFO] ThirdParty:1030 - CMSIS Pack Vendor :STMicroelectronics HAL Drivers 0.0.0
2023-09-29 13:42:49,201 [INFO] ThirdParty:1030 - CMSIS Pack Vendor :STMicroelectronics MBEDTLS 2.16.2
2023-09-29 13:42:49,201 [INFO] ThirdParty:1030 - CMSIS Pack Vendor :emotas I-CUBE-CANOPEN 1.3.0
2023-09-29 13:42:49,201 [INFO] ThirdParty:1030 - CMSIS Pack Vendor :STMicroelectronics X-CUBE-FREERTOS 1.1.0
2023-09-29 13:42:49,201 [INFO] ThirdParty:1030 - CMSIS Pack Vendor :STMicroelectronics X-CUBE-TOUCHGFX 4.22.0
2023-09-29 13:42:49,201 [INFO] ThirdParty:1030 - CMSIS Pack Vendor :STMicroelectronics X-CUBE-NFC7 1.0.1
2023-09-29 13:42:49,201 [INFO] ThirdParty:1030 - CMSIS Pack Vendor :STMicroelectronics MBEDTLS 2.14.1
2023-09-29 13:42:49,201 [INFO] ThirdParty:1030 - CMSIS Pack Vendor :STMicroelectronics X-CUBE-NFC6 3.0.0
2023-09-29 13:42:49,201 [INFO] ThirdParty:1030 - CMSIS Pack Vendor :STMicroelectronics X-CUBE-EEPRMA1 4.1.0
2023-09-29 13:42:49,201 [INFO] ThirdParty:1030 - CMSIS Pack Vendor :portGmbH I-Cube-SoM-uGOAL 1.1.0
2023-09-29 13:42:49,202 [INFO] ThirdParty:1030 - CMSIS Pack Vendor :STMicroelectronics X-CUBE-ALS 1.0.1
2023-09-29 13:42:49,202 [INFO] ThirdParty:1030 - CMSIS Pack Vendor :STMicroelectronics ThreadX 1.0.0
2023-09-29 13:42:49,202 [INFO] ThirdParty:1030 - CMSIS Pack Vendor :STMicroelectronics FP-SNS-SMARTAG2 1.2.0
2023-09-29 13:42:49,202 [INFO] ThirdParty:1030 - CMSIS Pack Vendor :STMicroelectronics X-CUBE-AZRTOS-WL 2.0.0
2023-09-29 13:42:49,202 [INFO] ThirdParty:1030 - CMSIS Pack Vendor :SEGGER I-CUBE-embOS 1.3.1
2023-09-29 13:42:49,202 [INFO] ThirdParty:1030 - CMSIS Pack Vendor :STMicroelectronics USB_DEVICE 1.0.0
2023-09-29 13:42:49,203 [INFO] ThirdParty:1030 - CMSIS Pack Vendor :STMicroelectronics X-CUBE-AI 8.1.0
2023-09-29 13:42:49,203 [INFO] ThirdParty:1030 - CMSIS Pack Vendor :STMicroelectronics X-CUBE-AZRTOS-L4 2.0.0
2023-09-29 13:42:49,203 [INFO] ThirdParty:1030 - CMSIS Pack Vendor :STMicroelectronics ThreadX 0.0.2
2023-09-29 13:42:49,203 [INFO] ThirdParty:1030 - CMSIS Pack Vendor :WES I-CUBE-Cesium 1.3.0
2023-09-29 13:42:49,203 [INFO] ThirdParty:1030 - CMSIS Pack Vendor :STMicroelectronics FP-ATR-ASTRA1 2.0.0
2023-09-29 13:42:49,203 [INFO] ThirdParty:1030 - CMSIS Pack Vendor :STMicroelectronics lwIP 2.1.2
2023-09-29 13:42:49,204 [INFO] ThirdParty:1030 - CMSIS Pack Vendor :STMicroelectronics X-CUBE-SFXS2LP1 4.0.0
2023-09-29 13:42:49,204 [INFO] ThirdParty:1030 - CMSIS Pack Vendor :STMicroelectronics X-CUBE-BLE2 3.3.0
2023-09-29 13:42:49,204 [INFO] ThirdParty:1030 - CMSIS Pack Vendor :STMicroelectronics PDM2PCM 3.2.0
2023-09-29 13:42:49,204 [INFO] ThirdParty:841 - exiting critical section [change project]
2023-09-29 13:42:49,619 [INFO] PinOutPanel:1499 - setPackage(No Configuration,No Configuration)
2023-09-29 13:42:49,621 [INFO] PinOutPanel:1499 - setPackage(STM32F103C8Tx,LQFP48)
2023-09-29 13:42:50,412 [INFO] UtilMem:75 - Before build in PCC Used Memory: 735969904 Bytes (1073741824)
2023-09-29 13:42:51,537 [INFO] UtilMem:75 - After build in PCC Used Memory: 823001712 Bytes (1073741824)
2023-09-29 13:42:51,571 [INFO] IPUIPlugin:80 - create IPUIPlugin
2023-09-29 13:42:51,572 [INFO] IPUIPlugin:80 - create IPUIPlugin
2023-09-29 13:42:51,572 [INFO] IPUIPlugin:80 - create IPUIPlugin
2023-09-29 13:42:51,572 [INFO] IPUIPlugin:80 - create IPUIPlugin
2023-09-29 13:42:51,572 [INFO] IPUIPlugin:80 - create IPUIPlugin
2023-09-29 13:42:51,572 [INFO] IPUIPlugin:80 - create IPUIPlugin
2023-09-29 13:42:51,573 [INFO] IPUIPlugin:80 - create IPUIPlugin
2023-09-29 13:42:51,573 [INFO] IPUIPlugin:80 - create IPUIPlugin
2023-09-29 13:42:51,573 [INFO] IPUIPlugin:80 - create IPUIPlugin
2023-09-29 13:42:51,573 [INFO] IPUIPlugin:80 - create IPUIPlugin
2023-09-29 13:42:51,573 [INFO] IPUIPlugin:80 - create IPUIPlugin
2023-09-29 13:42:51,574 [INFO] IPUIPlugin:80 - create IPUIPlugin
2023-09-29 13:42:51,574 [INFO] IPUIPlugin:80 - create IPUIPlugin
2023-09-29 13:42:51,574 [INFO] IPUIPlugin:80 - create IPUIPlugin
2023-09-29 13:42:51,574 [INFO] IPUIPlugin:80 - create IPUIPlugin
2023-09-29 13:42:51,575 [INFO] IPUIPlugin:80 - create IPUIPlugin
2023-09-29 13:42:51,575 [INFO] IPUIPlugin:80 - create IPUIPlugin
2023-09-29 13:42:51,575 [INFO] IPUIPlugin:80 - create IPUIPlugin
2023-09-29 13:42:51,576 [INFO] IPUIPlugin:80 - create IPUIPlugin
2023-09-29 13:42:51,576 [INFO] IPUIPlugin:80 - create IPUIPlugin
2023-09-29 13:42:51,576 [INFO] IPUIPlugin:80 - create IPUIPlugin
2023-09-29 13:42:51,577 [INFO] IPUIPlugin:80 - create IPUIPlugin
2023-09-29 13:42:51,577 [INFO] IPUIPlugin:80 - create IPUIPlugin
2023-09-29 13:42:51,577 [INFO] IPUIPlugin:80 - create IPUIPlugin
2023-09-29 13:42:51,578 [INFO] IPUIPlugin:80 - create IPUIPlugin
2023-09-29 13:42:51,578 [INFO] IPUIPlugin:80 - create IPUIPlugin
2023-09-29 13:42:51,578 [INFO] IPUIPlugin:80 - create IPUIPlugin
2023-09-29 13:42:51,860 [INFO] CADModel:165 - CPN selected for project levelSTM32F103C8T6
2023-09-29 13:42:51,860 [INFO] CADModel:114 - Register for checkConnection events
2023-09-29 13:42:51,922 [INFO] OpenFileManager:328 - Restore cursor
2023-09-29 13:42:56,127 [INFO] UtilMem:75 - End SaveConfig() Used Memory: 908296000 Bytes (1073741824)
2023-09-29 13:42:56,275 [INFO] UtilMem:75 - End SaveConfig() Used Memory: 543684160 Bytes (1073741824)
2023-09-29 13:42:56,997 [INFO] BlockDiagram:2759 - set Specific Code input for plugin: NVIC
2023-09-29 13:42:56,998 [INFO] BlockDiagram:2759 - set Specific Code input for plugin: RCC
2023-09-29 13:42:57,000 [INFO] CodeGenerator:799 - code generatio: config db path: C:\ST\STM32CubeIDE_1.12.0\STM32CubeIDE\plugins\com.st.stm32cube.common.mx_6.9.1.202307191849\\db\
2023-09-29 13:42:57,704 [INFO] CodeEngine:255 - oldGeneratedFile, D:\Pratice\Lab1\MXTmpFiles\license.tmp_save
2023-09-29 13:42:58,389 [INFO] CodeEngine:279 - Generated code: D:\Pratice\Lab1\MXTmpFiles\license.tmp
2023-09-29 13:42:58,433 [INFO] CodeEngine:255 - oldGeneratedFile, D:\Pratice\Lab1\Core\Src\stm32f1xx_it.c_save
2023-09-29 13:42:58,838 [INFO] CodeEngine:279 - Generated code: D:\Pratice\Lab1\Core\Src\stm32f1xx_it.c
2023-09-29 13:42:58,855 [INFO] CodeEngine:255 - oldGeneratedFile, D:\Pratice\Lab1\Core\Inc\stm32f1xx_it.h_save
2023-09-29 13:42:59,034 [INFO] CodeEngine:279 - Generated code: D:\Pratice\Lab1\Core\Inc\stm32f1xx_it.h
2023-09-29 13:42:59,224 [INFO] CodeEngine:255 - oldGeneratedFile, D:\Pratice\Lab1\Core\Src\stm32f1xx_hal_msp.c_save
2023-09-29 13:42:59,456 [INFO] CodeEngine:279 - Generated code: D:\Pratice\Lab1\Core\Src\stm32f1xx_hal_msp.c
2023-09-29 13:42:59,473 [INFO] CodeEngine:255 - oldGeneratedFile, D:\Pratice\Lab1\MXTmpFiles\system.tmp_save
2023-09-29 13:42:59,642 [INFO] CodeEngine:279 - Generated code: D:\Pratice\Lab1\MXTmpFiles\system.tmp
2023-09-29 13:42:59,663 [INFO] CodeEngine:311 - oldGeneratedFile, D:\Pratice\Lab1\Core\Inc\stm32f1xx_hal_conf.h_save
2023-09-29 13:42:59,885 [INFO] CodeEngine:335 - Generated code: D:\Pratice\Lab1\Core\Inc\stm32f1xx_hal_conf.h
2023-09-29 13:42:59,990 [INFO] CodeEngine:255 - oldGeneratedFile, D:\Pratice\Lab1\Core\Inc\main.h_save
2023-09-29 13:43:00,178 [INFO] CodeEngine:279 - Generated code: D:\Pratice\Lab1\Core\Inc\main.h
2023-09-29 13:43:00,191 [INFO] CodeEngine:255 - oldGeneratedFile, D:\Pratice\Lab1\Core\Src\main.c_save
2023-09-29 13:43:00,451 [INFO] CodeEngine:279 - Generated code: D:\Pratice\Lab1\Core\Src\main.c
2023-09-29 13:43:01,524 [INFO] ProjectBuilder:3064 - Time for Copy HAL[1] : 235mS.
2023-09-29 13:43:01,531 [INFO] ProjectBuilder:4404 - Project Generator version: 4.1.0
2023-09-29 13:43:02,038 [INFO] ConfigFileManager:1457 - The Die is : DIE410
2023-09-29 13:43:02,068 [INFO] ApiDbMcu:507 - Load IP Config File for FATFS
2023-09-29 13:43:02,174 [INFO] ApiDbMcu:507 - Load IP Config File for FREERTOS
2023-09-29 13:43:02,232 [INFO] ApiDbMcu:507 - Load IP Config File for USB_DEVICE
2023-09-29 13:43:04,012 [INFO] LogOutputStream:77 - [STDOUT_REDIRECT] 
2023-09-29 13:43:11,015 [INFO] ProjectBuilder:4626 - Time for Generating toolchain IDE Files: 9483mS.
2023-09-29 13:43:11,016 [INFO] ProjectBuilder:2935 - Time for Copy CMSIS : 1mS.
2023-09-29 13:43:11,018 [INFO] ProjectBuilder:2935 - Time for Copy CMSIS : 0mS.
2023-09-29 13:43:12,179 [INFO] McuFinderGlobals:76 - Set McuFinderConnectedMode to true
2023-09-29 13:43:12,186 [INFO] ApiDb:448 - Save user favorites file C:\Users\win 10/.stm32cubeide/favorites.mcus.txt: 0 item(s)
2023-09-29 13:43:12,187 [INFO] ApiDb:452 - User favorites MCUs=[]
2023-09-29 13:44:08,298 [INFO] UtilMem:75 - End SaveConfig() Used Memory: 719930072 Bytes (1073741824)
2023-09-29 13:44:09,880 [INFO] UtilMem:75 - End SaveConfig() Used Memory: 736448424 Bytes (1073741824)
2023-09-29 13:44:13,126 [INFO] UtilMem:75 - End SaveConfig() Used Memory: 874873280 Bytes (1073741824)
2023-09-29 13:44:13,685 [INFO] BlockDiagram:2759 - set Specific Code input for plugin: NVIC
2023-09-29 13:44:13,685 [INFO] BlockDiagram:2759 - set Specific Code input for plugin: SYS
2023-09-29 13:44:13,686 [INFO] BlockDiagram:2759 - set Specific Code input for plugin: GPIO
2023-09-29 13:44:13,686 [INFO] BlockDiagram:2759 - set Specific Code input for plugin: RCC
2023-09-29 13:44:13,687 [INFO] CodeGenerator:799 - code generatio: config db path: C:\ST\STM32CubeIDE_1.12.0\STM32CubeIDE\plugins\com.st.stm32cube.common.mx_6.9.1.202307191849\\db\
2023-09-29 13:44:13,918 [INFO] CodeEngine:255 - oldGeneratedFile, D:\Pratice\Lab1\MXTmpFiles\license.tmp_save
2023-09-29 13:44:14,176 [INFO] CodeEngine:279 - Generated code: D:\Pratice\Lab1\MXTmpFiles\license.tmp
2023-09-29 13:44:14,215 [INFO] CodeEngine:255 - oldGeneratedFile, D:\Pratice\Lab1\MXTmpFiles\gpio.tmp_save
2023-09-29 13:44:14,499 [INFO] CodeEngine:279 - Generated code: D:\Pratice\Lab1\MXTmpFiles\gpio.tmp
2023-09-29 13:44:14,549 [INFO] CodeEngine:255 - oldGeneratedFile, D:\Pratice\Lab1\Core\Src\stm32f1xx_it.c_save
2023-09-29 13:44:14,915 [INFO] CodeEngine:279 - Generated code: D:\Pratice\Lab1\Core\Src\stm32f1xx_it.c
2023-09-29 13:44:14,942 [INFO] CodeEngine:255 - oldGeneratedFile, D:\Pratice\Lab1\Core\Inc\stm32f1xx_it.h_save
2023-09-29 13:44:15,143 [INFO] CodeEngine:279 - Generated code: D:\Pratice\Lab1\Core\Inc\stm32f1xx_it.h
2023-09-29 13:44:15,179 [INFO] CodeEngine:255 - oldGeneratedFile, D:\Pratice\Lab1\Core\Src\stm32f1xx_hal_msp.c_save
2023-09-29 13:44:15,452 [INFO] CodeEngine:279 - Generated code: D:\Pratice\Lab1\Core\Src\stm32f1xx_hal_msp.c
2023-09-29 13:44:15,460 [INFO] CodeEngine:255 - oldGeneratedFile, D:\Pratice\Lab1\MXTmpFiles\system.tmp_save
2023-09-29 13:44:15,593 [INFO] CodeEngine:279 - Generated code: D:\Pratice\Lab1\MXTmpFiles\system.tmp
2023-09-29 13:44:15,621 [INFO] CodeEngine:311 - oldGeneratedFile, D:\Pratice\Lab1\Core\Inc\stm32f1xx_hal_conf.h_save
2023-09-29 13:44:15,792 [INFO] CodeEngine:335 - Generated code: D:\Pratice\Lab1\Core\Inc\stm32f1xx_hal_conf.h
2023-09-29 13:44:15,871 [INFO] CodeEngine:255 - oldGeneratedFile, D:\Pratice\Lab1\Core\Inc\main.h_save
2023-09-29 13:44:16,070 [INFO] CodeEngine:279 - Generated code: D:\Pratice\Lab1\Core\Inc\main.h
2023-09-29 13:44:16,092 [INFO] CodeEngine:255 - oldGeneratedFile, D:\Pratice\Lab1\Core\Src\main.c_save
2023-09-29 13:44:16,336 [INFO] CodeEngine:279 - Generated code: D:\Pratice\Lab1\Core\Src\main.c
2023-09-29 13:44:17,359 [INFO] ProjectBuilder:3064 - Time for Copy HAL[1] : 265mS.
2023-09-29 13:44:17,363 [INFO] ProjectBuilder:4404 - Project Generator version: 4.1.0
2023-09-29 13:44:17,908 [INFO] ConfigFileManager:1457 - The Die is : DIE410
2023-09-29 13:44:22,945 [INFO] ProjectBuilder:4626 - Time for Generating toolchain IDE Files: 5582mS.
2023-09-29 13:44:22,946 [INFO] ProjectBuilder:2935 - Time for Copy CMSIS : 1mS.
2023-09-29 13:44:22,949 [INFO] ProjectBuilder:2935 - Time for Copy CMSIS : 0mS.
2023-09-29 13:45:41,553 [INFO] NvicIntPanel:101 - NVIC parent = com.st.microxplorer.plugins.ip.nvic.MultiNvicIntPanel[,0,0,453x193,layout=javax.swing.BoxLayout,alignmentX=0.0,alignmentY=0.0,border=,flags=9,maximumSize=,minimumSize=,preferredSize=]
2023-09-29 13:45:42,600 [INFO] NvicIntPanel:101 - NVIC parent = com.st.microxplorer.plugins.ip.nvic.MultiNvicIntPanel[,0,0,0x0,invalid,layout=javax.swing.BoxLayout,alignmentX=0.0,alignmentY=0.0,border=,flags=9,maximumSize=,minimumSize=,preferredSize=]
2023-09-29 13:45:46,530 [INFO] UtilMem:75 - End SaveConfig() Used Memory: 778902648 Bytes (1073741824)
2023-09-29 13:45:47,477 [INFO] UtilMem:75 - End SaveConfig() Used Memory: 576425432 Bytes (1073741824)
2023-09-29 13:45:48,896 [INFO] UtilMem:75 - End SaveConfig() Used Memory: 618894808 Bytes (1073741824)
2023-09-29 13:45:49,211 [INFO] BlockDiagram:2759 - set Specific Code input for plugin: NVIC
2023-09-29 13:45:49,211 [INFO] BlockDiagram:2759 - set Specific Code input for plugin: TIM1_8F1
2023-09-29 13:45:49,211 [INFO] BlockDiagram:2759 - set Specific Code input for plugin: SYS
2023-09-29 13:45:49,212 [INFO] BlockDiagram:2759 - set Specific Code input for plugin: GPIO
2023-09-29 13:45:49,212 [INFO] BlockDiagram:2759 - set Specific Code input for plugin: RCC
2023-09-29 13:45:49,213 [INFO] CodeGenerator:799 - code generatio: config db path: C:\ST\STM32CubeIDE_1.12.0\STM32CubeIDE\plugins\com.st.stm32cube.common.mx_6.9.1.202307191849\\db\
2023-09-29 13:45:49,343 [INFO] CodeEngine:255 - oldGeneratedFile, D:\Pratice\Lab1\MXTmpFiles\license.tmp_save
2023-09-29 13:45:49,457 [INFO] CodeEngine:279 - Generated code: D:\Pratice\Lab1\MXTmpFiles\license.tmp
2023-09-29 13:45:49,474 [INFO] CodeEngine:255 - oldGeneratedFile, D:\Pratice\Lab1\MXTmpFiles\gpio.tmp_save
2023-09-29 13:45:49,604 [INFO] CodeEngine:279 - Generated code: D:\Pratice\Lab1\MXTmpFiles\gpio.tmp
2023-09-29 13:45:49,793 [INFO] CodeEngine:255 - oldGeneratedFile, D:\Pratice\Lab1\Core\Src\stm32f1xx_it.c_save
2023-09-29 13:45:49,995 [INFO] CodeEngine:279 - Generated code: D:\Pratice\Lab1\Core\Src\stm32f1xx_it.c
2023-09-29 13:45:50,005 [INFO] CodeEngine:255 - oldGeneratedFile, D:\Pratice\Lab1\Core\Inc\stm32f1xx_it.h_save
2023-09-29 13:45:50,113 [INFO] CodeEngine:279 - Generated code: D:\Pratice\Lab1\Core\Inc\stm32f1xx_it.h
2023-09-29 13:45:50,133 [INFO] CodeEngine:255 - oldGeneratedFile, D:\Pratice\Lab1\Core\Src\stm32f1xx_hal_msp.c_save
2023-09-29 13:45:50,344 [INFO] CodeEngine:279 - Generated code: D:\Pratice\Lab1\Core\Src\stm32f1xx_hal_msp.c
2023-09-29 13:45:50,350 [INFO] CodeEngine:255 - oldGeneratedFile, D:\Pratice\Lab1\MXTmpFiles\system.tmp_save
2023-09-29 13:45:50,441 [INFO] CodeEngine:279 - Generated code: D:\Pratice\Lab1\MXTmpFiles\system.tmp
2023-09-29 13:45:50,465 [INFO] CodeEngine:311 - oldGeneratedFile, D:\Pratice\Lab1\Core\Inc\stm32f1xx_hal_conf.h_save
2023-09-29 13:45:50,593 [INFO] CodeEngine:335 - Generated code: D:\Pratice\Lab1\Core\Inc\stm32f1xx_hal_conf.h
2023-09-29 13:45:50,636 [WARN] IPConfigManager:3431 - IP not found : TIM
2023-09-29 13:45:50,637 [WARN] CodeGenerator:3760 - IP not found : null
2023-09-29 13:45:50,655 [INFO] CodeEngine:255 - oldGeneratedFile, D:\Pratice\Lab1\Core\Inc\main.h_save
2023-09-29 13:45:50,772 [INFO] CodeEngine:279 - Generated code: D:\Pratice\Lab1\Core\Inc\main.h
2023-09-29 13:45:50,790 [INFO] CodeEngine:255 - oldGeneratedFile, D:\Pratice\Lab1\Core\Src\main.c_save
2023-09-29 13:45:50,928 [INFO] CodeEngine:279 - Generated code: D:\Pratice\Lab1\Core\Src\main.c
2023-09-29 13:45:51,811 [INFO] ProjectBuilder:3064 - Time for Copy HAL[1] : 198mS.
2023-09-29 13:45:51,814 [INFO] ProjectBuilder:4404 - Project Generator version: 4.1.0
2023-09-29 13:45:52,231 [INFO] ConfigFileManager:1457 - The Die is : DIE410
2023-09-29 13:45:54,100 [INFO] ProjectBuilder:4626 - Time for Generating toolchain IDE Files: 2286mS.
2023-09-29 13:45:54,101 [INFO] ProjectBuilder:2935 - Time for Copy CMSIS : 0mS.
2023-09-29 13:45:54,104 [INFO] ProjectBuilder:2935 - Time for Copy CMSIS : 0mS.
2023-09-29 13:56:39,125 [INFO] NvicIntPanel:101 - NVIC parent = com.st.microxplorer.plugins.ip.nvic.MultiNvicIntPanel[,0,0,0x0,invalid,layout=javax.swing.BoxLayout,alignmentX=0.0,alignmentY=0.0,border=,flags=9,maximumSize=,minimumSize=,preferredSize=]
2023-09-29 13:56:44,936 [INFO] UtilMem:75 - End SaveConfig() Used Memory: 749391608 Bytes (1073741824)
2023-09-29 13:56:46,003 [INFO] UtilMem:75 - End SaveConfig() Used Memory: 554046920 Bytes (1073741824)
2023-09-29 13:56:47,588 [INFO] UtilMem:75 - End SaveConfig() Used Memory: 617352016 Bytes (1073741824)
2023-09-29 13:56:47,951 [INFO] BlockDiagram:2759 - set Specific Code input for plugin: NVIC
2023-09-29 13:56:47,952 [INFO] BlockDiagram:2759 - set Specific Code input for plugin: TIM1_8F1
2023-09-29 13:56:47,952 [INFO] BlockDiagram:2759 - set Specific Code input for plugin: SYS
2023-09-29 13:56:47,952 [INFO] BlockDiagram:2759 - set Specific Code input for plugin: GPIO
2023-09-29 13:56:47,953 [INFO] BlockDiagram:2759 - set Specific Code input for plugin: RCC
2023-09-29 13:56:47,953 [INFO] CodeGenerator:799 - code generatio: config db path: C:\ST\STM32CubeIDE_1.12.0\STM32CubeIDE\plugins\com.st.stm32cube.common.mx_6.9.1.202307191849\\db\
2023-09-29 13:56:48,142 [INFO] CodeEngine:255 - oldGeneratedFile, D:\Pratice\Lab1\MXTmpFiles\license.tmp_save
2023-09-29 13:56:48,274 [INFO] CodeEngine:279 - Generated code: D:\Pratice\Lab1\MXTmpFiles\license.tmp
2023-09-29 13:56:48,317 [INFO] CodeEngine:255 - oldGeneratedFile, D:\Pratice\Lab1\MXTmpFiles\gpio.tmp_save
2023-09-29 13:56:48,436 [INFO] CodeEngine:279 - Generated code: D:\Pratice\Lab1\MXTmpFiles\gpio.tmp
2023-09-29 13:56:48,619 [INFO] CodeEngine:255 - oldGeneratedFile, D:\Pratice\Lab1\Core\Src\stm32f1xx_it.c_save
2023-09-29 13:56:48,805 [INFO] CodeEngine:279 - Generated code: D:\Pratice\Lab1\Core\Src\stm32f1xx_it.c
2023-09-29 13:56:48,811 [INFO] CodeEngine:255 - oldGeneratedFile, D:\Pratice\Lab1\Core\Inc\stm32f1xx_it.h_save
2023-09-29 13:56:48,992 [INFO] CodeEngine:279 - Generated code: D:\Pratice\Lab1\Core\Inc\stm32f1xx_it.h
2023-09-29 13:56:49,020 [INFO] CodeEngine:255 - oldGeneratedFile, D:\Pratice\Lab1\Core\Src\stm32f1xx_hal_msp.c_save
2023-09-29 13:56:49,216 [INFO] CodeEngine:279 - Generated code: D:\Pratice\Lab1\Core\Src\stm32f1xx_hal_msp.c
2023-09-29 13:56:49,219 [INFO] CodeEngine:255 - oldGeneratedFile, D:\Pratice\Lab1\MXTmpFiles\system.tmp_save
2023-09-29 13:56:49,282 [INFO] CodeEngine:279 - Generated code: D:\Pratice\Lab1\MXTmpFiles\system.tmp
2023-09-29 13:56:49,304 [INFO] CodeEngine:311 - oldGeneratedFile, D:\Pratice\Lab1\Core\Inc\stm32f1xx_hal_conf.h_save
2023-09-29 13:56:49,451 [INFO] CodeEngine:335 - Generated code: D:\Pratice\Lab1\Core\Inc\stm32f1xx_hal_conf.h
2023-09-29 13:56:49,489 [WARN] IPConfigManager:3431 - IP not found : TIM
2023-09-29 13:56:49,491 [WARN] CodeGenerator:3760 - IP not found : null
2023-09-29 13:56:49,512 [INFO] CodeEngine:255 - oldGeneratedFile, D:\Pratice\Lab1\Core\Inc\main.h_save
2023-09-29 13:56:49,650 [INFO] CodeEngine:279 - Generated code: D:\Pratice\Lab1\Core\Inc\main.h
2023-09-29 13:56:49,666 [INFO] CodeEngine:255 - oldGeneratedFile, D:\Pratice\Lab1\Core\Src\main.c_save
2023-09-29 13:56:49,798 [INFO] CodeEngine:279 - Generated code: D:\Pratice\Lab1\Core\Src\main.c
2023-09-29 13:56:50,627 [INFO] ProjectBuilder:3064 - Time for Copy HAL[1] : 210mS.
2023-09-29 13:56:50,630 [INFO] ProjectBuilder:4404 - Project Generator version: 4.1.0
2023-09-29 13:56:50,852 [INFO] ConfigFileManager:1457 - The Die is : DIE410
2023-09-29 13:56:52,804 [INFO] ProjectBuilder:4626 - Time for Generating toolchain IDE Files: 2174mS.
2023-09-29 13:56:52,805 [INFO] ProjectBuilder:2935 - Time for Copy CMSIS : 1mS.
2023-09-29 13:56:52,807 [INFO] ProjectBuilder:2935 - Time for Copy CMSIS : 0mS.
2023-09-29 14:00:32,109 [INFO] NvicIntPanel:101 - NVIC parent = com.st.microxplorer.plugins.ip.nvic.MultiNvicIntPanel[,0,0,453x193,layout=javax.swing.BoxLayout,alignmentX=0.0,alignmentY=0.0,border=,flags=9,maximumSize=,minimumSize=,preferredSize=]
2023-09-29 14:00:32,983 [INFO] NvicIntPanel:101 - NVIC parent = com.st.microxplorer.plugins.ip.nvic.MultiNvicIntPanel[,0,0,0x0,invalid,layout=javax.swing.BoxLayout,alignmentX=0.0,alignmentY=0.0,border=,flags=9,maximumSize=,minimumSize=,preferredSize=]
2023-09-29 14:01:01,967 [INFO] UtilMem:75 - End SaveConfig() Used Memory: 596995192 Bytes (1073741824)
2023-09-29 14:01:07,543 [INFO] UtilMem:75 - End SaveConfig() Used Memory: 624648824 Bytes (1073741824)
2023-09-29 14:01:08,837 [INFO] UtilMem:75 - End SaveConfig() Used Memory: 667220992 Bytes (1073741824)
2023-09-29 14:01:09,194 [INFO] BlockDiagram:2759 - set Specific Code input for plugin: NVIC
2023-09-29 14:01:09,195 [INFO] BlockDiagram:2759 - set Specific Code input for plugin: USART
2023-09-29 14:01:09,195 [INFO] BlockDiagram:2759 - set Specific Code input for plugin: TIM1_8F1
2023-09-29 14:01:09,195 [INFO] BlockDiagram:2759 - set Specific Code input for plugin: SYS
2023-09-29 14:01:09,195 [INFO] BlockDiagram:2759 - set Specific Code input for plugin: GPIO
2023-09-29 14:01:09,196 [INFO] BlockDiagram:2759 - set Specific Code input for plugin: RCC
2023-09-29 14:01:09,197 [INFO] CodeGenerator:799 - code generatio: config db path: C:\ST\STM32CubeIDE_1.12.0\STM32CubeIDE\plugins\com.st.stm32cube.common.mx_6.9.1.202307191849\\db\
2023-09-29 14:01:09,345 [INFO] CodeEngine:255 - oldGeneratedFile, D:\Pratice\Lab1\MXTmpFiles\license.tmp_save
2023-09-29 14:01:09,487 [INFO] CodeEngine:279 - Generated code: D:\Pratice\Lab1\MXTmpFiles\license.tmp
2023-09-29 14:01:09,514 [INFO] CodeEngine:255 - oldGeneratedFile, D:\Pratice\Lab1\MXTmpFiles\gpio.tmp_save
2023-09-29 14:01:09,635 [INFO] CodeEngine:279 - Generated code: D:\Pratice\Lab1\MXTmpFiles\gpio.tmp
2023-09-29 14:01:09,791 [INFO] CodeEngine:255 - oldGeneratedFile, D:\Pratice\Lab1\Core\Src\stm32f1xx_it.c_save
2023-09-29 14:01:09,934 [INFO] CodeEngine:279 - Generated code: D:\Pratice\Lab1\Core\Src\stm32f1xx_it.c
2023-09-29 14:01:09,940 [INFO] CodeEngine:255 - oldGeneratedFile, D:\Pratice\Lab1\Core\Inc\stm32f1xx_it.h_save
2023-09-29 14:01:10,038 [INFO] CodeEngine:279 - Generated code: D:\Pratice\Lab1\Core\Inc\stm32f1xx_it.h
2023-09-29 14:01:10,057 [INFO] CodeEngine:255 - oldGeneratedFile, D:\Pratice\Lab1\Core\Src\stm32f1xx_hal_msp.c_save
2023-09-29 14:01:10,193 [INFO] CodeEngine:279 - Generated code: D:\Pratice\Lab1\Core\Src\stm32f1xx_hal_msp.c
2023-09-29 14:01:10,198 [INFO] CodeEngine:255 - oldGeneratedFile, D:\Pratice\Lab1\MXTmpFiles\system.tmp_save
2023-09-29 14:01:10,282 [INFO] CodeEngine:279 - Generated code: D:\Pratice\Lab1\MXTmpFiles\system.tmp
2023-09-29 14:01:10,307 [INFO] CodeEngine:311 - oldGeneratedFile, D:\Pratice\Lab1\Core\Inc\stm32f1xx_hal_conf.h_save
2023-09-29 14:01:10,422 [INFO] CodeEngine:335 - Generated code: D:\Pratice\Lab1\Core\Inc\stm32f1xx_hal_conf.h
2023-09-29 14:01:10,540 [WARN] IPConfigManager:3431 - IP not found : TIM
2023-09-29 14:01:10,542 [WARN] CodeGenerator:3760 - IP not found : null
2023-09-29 14:01:10,571 [INFO] CodeEngine:255 - oldGeneratedFile, D:\Pratice\Lab1\Core\Inc\main.h_save
2023-09-29 14:01:10,735 [INFO] CodeEngine:279 - Generated code: D:\Pratice\Lab1\Core\Inc\main.h
2023-09-29 14:01:10,752 [INFO] CodeEngine:255 - oldGeneratedFile, D:\Pratice\Lab1\Core\Src\main.c_save
2023-09-29 14:01:10,898 [INFO] CodeEngine:279 - Generated code: D:\Pratice\Lab1\Core\Src\main.c
2023-09-29 14:01:11,592 [INFO] ProjectBuilder:3064 - Time for Copy HAL[1] : 189mS.
2023-09-29 14:01:11,595 [INFO] ProjectBuilder:4404 - Project Generator version: 4.1.0
2023-09-29 14:01:11,952 [INFO] ConfigFileManager:1457 - The Die is : DIE410
2023-09-29 14:01:13,934 [INFO] ProjectBuilder:4626 - Time for Generating toolchain IDE Files: 2339mS.
2023-09-29 14:01:13,936 [INFO] ProjectBuilder:2935 - Time for Copy CMSIS : 0mS.
2023-09-29 14:01:13,938 [INFO] ProjectBuilder:2935 - Time for Copy CMSIS : 1mS.
2023-09-29 14:25:12,832 [INFO] Gpio:273 - dependency for GPIO [RCC, SYS, USART1]
2023-09-29 14:26:09,302 [INFO] Gpio:273 - dependency for GPIO [RCC, SYS, USART1]
2023-09-29 14:26:09,427 [INFO] Gpio:273 - dependency for GPIO [RCC, SYS, USART1]
2023-09-29 14:26:16,443 [INFO] Gpio:273 - dependency for GPIO [RCC, SYS, USART1]
2023-09-29 14:26:16,558 [INFO] Gpio:273 - dependency for GPIO [RCC, SYS, USART1]
2023-09-29 14:26:18,456 [INFO] Gpio:273 - dependency for GPIO [RCC, SYS, USART1]
2023-09-29 14:26:18,623 [INFO] Gpio:273 - dependency for GPIO [RCC, SYS, USART1]
2023-09-29 14:27:51,745 [INFO] UtilMem:75 - End SaveConfig() Used Memory: 686082888 Bytes (1073741824)
2023-09-29 14:27:53,020 [INFO] UtilMem:75 - End SaveConfig() Used Memory: 715533840 Bytes (1073741824)
2023-09-29 14:27:54,394 [INFO] UtilMem:75 - End SaveConfig() Used Memory: 794034448 Bytes (1073741824)
2023-09-29 14:27:54,767 [INFO] BlockDiagram:2759 - set Specific Code input for plugin: NVIC
2023-09-29 14:27:54,767 [INFO] BlockDiagram:2759 - set Specific Code input for plugin: USART
2023-09-29 14:27:54,768 [INFO] BlockDiagram:2759 - set Specific Code input for plugin: TIM1_8F1
2023-09-29 14:27:54,768 [INFO] BlockDiagram:2759 - set Specific Code input for plugin: SYS
2023-09-29 14:27:54,768 [INFO] BlockDiagram:2759 - set Specific Code input for plugin: GPIO
2023-09-29 14:27:54,768 [INFO] BlockDiagram:2759 - set Specific Code input for plugin: RCC
2023-09-29 14:27:54,769 [INFO] CodeGenerator:799 - code generatio: config db path: C:\ST\STM32CubeIDE_1.12.0\STM32CubeIDE\plugins\com.st.stm32cube.common.mx_6.9.1.202307191849\\db\
2023-09-29 14:27:54,912 [INFO] CodeEngine:255 - oldGeneratedFile, D:\Pratice\Lab1\MXTmpFiles\license.tmp_save
2023-09-29 14:27:55,033 [INFO] CodeEngine:279 - Generated code: D:\Pratice\Lab1\MXTmpFiles\license.tmp
2023-09-29 14:27:55,179 [INFO] CodeEngine:255 - oldGeneratedFile, D:\Pratice\Lab1\MXTmpFiles\gpio.tmp_save
2023-09-29 14:27:55,313 [INFO] CodeEngine:279 - Generated code: D:\Pratice\Lab1\MXTmpFiles\gpio.tmp
2023-09-29 14:27:55,467 [INFO] CodeEngine:255 - oldGeneratedFile, D:\Pratice\Lab1\Core\Src\stm32f1xx_it.c_save
2023-09-29 14:27:55,664 [INFO] CodeEngine:279 - Generated code: D:\Pratice\Lab1\Core\Src\stm32f1xx_it.c
2023-09-29 14:27:55,671 [INFO] CodeEngine:255 - oldGeneratedFile, D:\Pratice\Lab1\Core\Inc\stm32f1xx_it.h_save
2023-09-29 14:27:55,780 [INFO] CodeEngine:279 - Generated code: D:\Pratice\Lab1\Core\Inc\stm32f1xx_it.h
2023-09-29 14:27:55,808 [INFO] CodeEngine:255 - oldGeneratedFile, D:\Pratice\Lab1\Core\Src\stm32f1xx_hal_msp.c_save
2023-09-29 14:27:55,934 [INFO] CodeEngine:279 - Generated code: D:\Pratice\Lab1\Core\Src\stm32f1xx_hal_msp.c
2023-09-29 14:27:55,939 [INFO] CodeEngine:255 - oldGeneratedFile, D:\Pratice\Lab1\MXTmpFiles\system.tmp_save
2023-09-29 14:27:56,011 [INFO] CodeEngine:279 - Generated code: D:\Pratice\Lab1\MXTmpFiles\system.tmp
2023-09-29 14:27:56,033 [INFO] CodeEngine:311 - oldGeneratedFile, D:\Pratice\Lab1\Core\Inc\stm32f1xx_hal_conf.h_save
2023-09-29 14:27:56,145 [INFO] CodeEngine:335 - Generated code: D:\Pratice\Lab1\Core\Inc\stm32f1xx_hal_conf.h
2023-09-29 14:27:56,172 [WARN] IPConfigManager:3431 - IP not found : TIM
2023-09-29 14:27:56,173 [WARN] CodeGenerator:3760 - IP not found : null
2023-09-29 14:27:56,194 [INFO] CodeEngine:255 - oldGeneratedFile, D:\Pratice\Lab1\Core\Inc\main.h_save
2023-09-29 14:27:56,329 [INFO] CodeEngine:279 - Generated code: D:\Pratice\Lab1\Core\Inc\main.h
2023-09-29 14:27:56,343 [INFO] CodeEngine:255 - oldGeneratedFile, D:\Pratice\Lab1\Core\Src\main.c_save
2023-09-29 14:27:56,501 [INFO] CodeEngine:279 - Generated code: D:\Pratice\Lab1\Core\Src\main.c
2023-09-29 14:27:57,256 [INFO] ProjectBuilder:3064 - Time for Copy HAL[1] : 196mS.
2023-09-29 14:27:57,260 [INFO] ProjectBuilder:4404 - Project Generator version: 4.1.0
2023-09-29 14:27:57,471 [INFO] ConfigFileManager:1457 - The Die is : DIE410
2023-09-29 14:27:59,297 [INFO] ProjectBuilder:4626 - Time for Generating toolchain IDE Files: 2037mS.
2023-09-29 14:27:59,298 [INFO] ProjectBuilder:2935 - Time for Copy CMSIS : 0mS.
2023-09-29 14:27:59,300 [INFO] ProjectBuilder:2935 - Time for Copy CMSIS : 0mS.
2023-09-29 15:19:15,736 [INFO] Gpio:273 - dependency for GPIO [RCC, SYS, USART1]
2023-09-29 15:19:15,863 [INFO] NvicIntPanel:101 - NVIC parent = com.st.microxplorer.plugins.ip.nvic.MultiNvicIntPanel[,0,0,0x0,invalid,layout=javax.swing.BoxLayout,alignmentX=0.0,alignmentY=0.0,border=,flags=9,maximumSize=,minimumSize=,preferredSize=]
2023-09-29 15:19:22,895 [INFO] NvicIntPanel:101 - NVIC parent = com.st.microxplorer.plugins.ip.nvic.MultiNvicIntPanel[,0,0,0x0,invalid,layout=javax.swing.BoxLayout,alignmentX=0.0,alignmentY=0.0,border=,flags=9,maximumSize=,minimumSize=,preferredSize=]
2023-09-29 15:20:03,618 [INFO] MainUpdater:2868 - connection check result : 10
2023-09-29 15:20:03,771 [INFO] McuFinderGlobals:76 - Set McuFinderConnectedMode to true
2023-09-29 15:20:03,774 [INFO] MultiScanPanel:200 - Auto-refresh data requested => check proxy status ongoing
2023-09-29 15:20:03,776 [INFO] FinderPluginLoader:95 - Searching for filters in installed packs
2023-09-29 15:20:04,937 [INFO] LoadUrlFilesThread:185 - End of LoadServerUrlFiles without Thread
2023-09-29 15:20:04,937 [INFO] DetailPanel:341 - Set advertising image to C:/Users/win 10/STM32Cube/Repository/\en.prom-stm32h5-mcu-finder.jpg
2023-09-29 15:20:09,896 [INFO] ApiDb:581 - Connected to CubeFinder SQLite database (C:\Users\win 10\.stmcufinder\plugins\mcufinder\mcu\cube-finder-db.db)
2023-09-29 15:20:19,894 [ERROR] ServerAccessManage:1146 - Warning during Server Connection :  Unknown host www.st.com
2023-09-29 15:20:19,895 [ERROR] ServerAccessManage:651 - Unknown host server name. : DS5319.pdf.
2023-09-29 15:20:22,039 [INFO] LoadUrlFilesThread:156 - End of LoadUrlFiles Thread
2023-09-29 15:20:22,053 [INFO] McuAction:140 - Datasheet
2023-09-29 15:20:38,026 [INFO] MultiScanPanel:200 - Auto-refresh data requested => check proxy status ongoing
2023-09-29 15:20:38,343 [INFO] LoadUrlFilesThread:185 - End of LoadServerUrlFiles without Thread
2023-09-29 15:20:38,344 [INFO] DetailPanel:341 - Set advertising image to C:/Users/win 10/STM32Cube/Repository/\en.prom-stm32h5-mcu-finder.jpg
2023-09-29 15:20:38,367 [INFO] DbBoards:634 - Loading board mini-images...
2023-09-29 15:20:41,181 [INFO] DbBoards:657 - Loaded 190 board mini-images
2023-09-29 15:21:11,794 [INFO] McuFinderGlobals:76 - Set McuFinderConnectedMode to true
2023-09-29 15:21:11,799 [INFO] ApiDb:448 - Save user favorites file C:\Users\win 10/.stm32cubeide/favorites.mcus.txt: 0 item(s)
2023-09-29 15:21:11,799 [INFO] ApiDb:452 - User favorites MCUs=[]
2023-09-29 15:21:11,802 [INFO] ApiDb:448 - Save user favorites file C:\Users\win 10/.stm32cubeide/favorites.boards.txt: 0 item(s)
2023-09-29 15:21:11,802 [INFO] ApiDb:452 - User favorites Boards=[]
2023-09-29 15:34:10,966 [INFO] UtilMem:75 - End SaveConfig() Used Memory: 705376176 Bytes (1073741824)
2023-09-29 15:34:12,362 [INFO] UtilMem:75 - End SaveConfig() Used Memory: 556183336 Bytes (1073741824)
2023-09-29 15:34:13,924 [INFO] UtilMem:75 - End SaveConfig() Used Memory: 627051888 Bytes (1073741824)
2023-09-29 15:34:14,279 [INFO] BlockDiagram:2759 - set Specific Code input for plugin: NVIC
2023-09-29 15:34:14,280 [INFO] BlockDiagram:2759 - set Specific Code input for plugin: USART
2023-09-29 15:34:14,280 [INFO] BlockDiagram:2759 - set Specific Code input for plugin: TIM1_8F1
2023-09-29 15:34:14,280 [INFO] BlockDiagram:2759 - set Specific Code input for plugin: SYS
2023-09-29 15:34:14,280 [INFO] BlockDiagram:2759 - set Specific Code input for plugin: GPIO
2023-09-29 15:34:14,280 [INFO] BlockDiagram:2759 - set Specific Code input for plugin: RCC
2023-09-29 15:34:14,282 [INFO] CodeGenerator:799 - code generatio: config db path: C:\ST\STM32CubeIDE_1.12.0\STM32CubeIDE\plugins\com.st.stm32cube.common.mx_6.9.1.202307191849\\db\
2023-09-29 15:34:14,418 [INFO] CodeEngine:255 - oldGeneratedFile, D:\Pratice\Lab1\MXTmpFiles\license.tmp_save
2023-09-29 15:34:14,556 [INFO] CodeEngine:279 - Generated code: D:\Pratice\Lab1\MXTmpFiles\license.tmp
2023-09-29 15:34:14,588 [INFO] CodeEngine:255 - oldGeneratedFile, D:\Pratice\Lab1\MXTmpFiles\gpio.tmp_save
2023-09-29 15:34:14,766 [INFO] CodeEngine:279 - Generated code: D:\Pratice\Lab1\MXTmpFiles\gpio.tmp
2023-09-29 15:34:14,952 [INFO] CodeEngine:255 - oldGeneratedFile, D:\Pratice\Lab1\Core\Src\stm32f1xx_it.c_save
2023-09-29 15:34:15,428 [INFO] CodeEngine:279 - Generated code: D:\Pratice\Lab1\Core\Src\stm32f1xx_it.c
2023-09-29 15:34:15,446 [INFO] CodeEngine:255 - oldGeneratedFile, D:\Pratice\Lab1\Core\Inc\stm32f1xx_it.h_save
2023-09-29 15:34:15,518 [INFO] CodeEngine:279 - Generated code: D:\Pratice\Lab1\Core\Inc\stm32f1xx_it.h
2023-09-29 15:34:15,559 [INFO] CodeEngine:255 - oldGeneratedFile, D:\Pratice\Lab1\Core\Src\stm32f1xx_hal_msp.c_save
2023-09-29 15:34:15,735 [INFO] CodeEngine:279 - Generated code: D:\Pratice\Lab1\Core\Src\stm32f1xx_hal_msp.c
2023-09-29 15:34:15,740 [INFO] CodeEngine:255 - oldGeneratedFile, D:\Pratice\Lab1\MXTmpFiles\system.tmp_save
2023-09-29 15:34:15,853 [INFO] CodeEngine:279 - Generated code: D:\Pratice\Lab1\MXTmpFiles\system.tmp
2023-09-29 15:34:15,877 [INFO] CodeEngine:311 - oldGeneratedFile, D:\Pratice\Lab1\Core\Inc\stm32f1xx_hal_conf.h_save
2023-09-29 15:34:16,011 [INFO] CodeEngine:335 - Generated code: D:\Pratice\Lab1\Core\Inc\stm32f1xx_hal_conf.h
2023-09-29 15:34:16,041 [WARN] IPConfigManager:3431 - IP not found : TIM
2023-09-29 15:34:16,042 [WARN] CodeGenerator:3760 - IP not found : null
2023-09-29 15:34:16,060 [INFO] CodeEngine:255 - oldGeneratedFile, D:\Pratice\Lab1\Core\Inc\main.h_save
2023-09-29 15:34:16,166 [INFO] CodeEngine:279 - Generated code: D:\Pratice\Lab1\Core\Inc\main.h
2023-09-29 15:34:16,182 [INFO] CodeEngine:255 - oldGeneratedFile, D:\Pratice\Lab1\Core\Src\main.c_save
2023-09-29 15:34:16,307 [INFO] CodeEngine:279 - Generated code: D:\Pratice\Lab1\Core\Src\main.c
2023-09-29 15:34:17,072 [INFO] ProjectBuilder:3064 - Time for Copy HAL[1] : 261mS.
2023-09-29 15:34:17,076 [INFO] ProjectBuilder:4404 - Project Generator version: 4.1.0
2023-09-29 15:34:17,337 [INFO] ConfigFileManager:1457 - The Die is : DIE410
2023-09-29 15:34:19,253 [INFO] ProjectBuilder:4626 - Time for Generating toolchain IDE Files: 2177mS.
2023-09-29 15:34:19,254 [INFO] ProjectBuilder:2935 - Time for Copy CMSIS : 1mS.
2023-09-29 15:34:19,256 [INFO] ProjectBuilder:2935 - Time for Copy CMSIS : 0mS.
2023-09-29 15:36:19,374 [INFO] NvicIntPanel:101 - NVIC parent = com.st.microxplorer.plugins.ip.nvic.MultiNvicIntPanel[,0,0,0x0,invalid,layout=javax.swing.BoxLayout,alignmentX=0.0,alignmentY=0.0,border=,flags=9,maximumSize=,minimumSize=,preferredSize=]
2023-09-29 15:38:47,322 [INFO] UtilMem:75 - End SaveConfig() Used Memory: 850884664 Bytes (1073741824)
2023-09-29 15:38:48,365 [INFO] UtilMem:75 - End SaveConfig() Used Memory: 870281272 Bytes (1073741824)
2023-09-29 15:38:48,601 [INFO] UtilMem:75 - End SaveConfig() Used Memory: 618611232 Bytes (1073741824)
2023-09-29 15:38:48,880 [INFO] BlockDiagram:2759 - set Specific Code input for plugin: NVIC
2023-09-29 15:38:48,880 [INFO] BlockDiagram:2759 - set Specific Code input for plugin: USART
2023-09-29 15:38:48,880 [INFO] BlockDiagram:2759 - set Specific Code input for plugin: TIM1_8F1
2023-09-29 15:38:48,880 [INFO] BlockDiagram:2759 - set Specific Code input for plugin: SYS
2023-09-29 15:38:48,880 [INFO] BlockDiagram:2759 - set Specific Code input for plugin: GPIO
2023-09-29 15:38:48,881 [INFO] BlockDiagram:2759 - set Specific Code input for plugin: RCC
2023-09-29 15:38:48,881 [INFO] CodeGenerator:799 - code generatio: config db path: C:\ST\STM32CubeIDE_1.12.0\STM32CubeIDE\plugins\com.st.stm32cube.common.mx_6.9.1.202307191849\\db\
2023-09-29 15:38:49,073 [INFO] CodeEngine:255 - oldGeneratedFile, D:\Pratice\Lab1\MXTmpFiles\license.tmp_save
2023-09-29 15:38:49,212 [INFO] CodeEngine:279 - Generated code: D:\Pratice\Lab1\MXTmpFiles\license.tmp
2023-09-29 15:38:49,240 [INFO] CodeEngine:255 - oldGeneratedFile, D:\Pratice\Lab1\MXTmpFiles\gpio.tmp_save
2023-09-29 15:38:49,392 [INFO] CodeEngine:279 - Generated code: D:\Pratice\Lab1\MXTmpFiles\gpio.tmp
2023-09-29 15:38:49,585 [INFO] CodeEngine:255 - oldGeneratedFile, D:\Pratice\Lab1\Core\Src\stm32f1xx_it.c_save
2023-09-29 15:38:49,691 [INFO] CodeEngine:279 - Generated code: D:\Pratice\Lab1\Core\Src\stm32f1xx_it.c
2023-09-29 15:38:49,697 [INFO] CodeEngine:255 - oldGeneratedFile, D:\Pratice\Lab1\Core\Inc\stm32f1xx_it.h_save
2023-09-29 15:38:49,768 [INFO] CodeEngine:279 - Generated code: D:\Pratice\Lab1\Core\Inc\stm32f1xx_it.h
2023-09-29 15:38:49,794 [INFO] CodeEngine:255 - oldGeneratedFile, D:\Pratice\Lab1\Core\Src\stm32f1xx_hal_msp.c_save
2023-09-29 15:38:49,905 [INFO] CodeEngine:279 - Generated code: D:\Pratice\Lab1\Core\Src\stm32f1xx_hal_msp.c
2023-09-29 15:38:49,909 [INFO] CodeEngine:255 - oldGeneratedFile, D:\Pratice\Lab1\MXTmpFiles\system.tmp_save
2023-09-29 15:38:49,988 [INFO] CodeEngine:279 - Generated code: D:\Pratice\Lab1\MXTmpFiles\system.tmp
2023-09-29 15:38:50,006 [INFO] CodeEngine:311 - oldGeneratedFile, D:\Pratice\Lab1\Core\Inc\stm32f1xx_hal_conf.h_save
2023-09-29 15:38:50,122 [INFO] CodeEngine:335 - Generated code: D:\Pratice\Lab1\Core\Inc\stm32f1xx_hal_conf.h
2023-09-29 15:38:50,147 [WARN] IPConfigManager:3431 - IP not found : TIM
2023-09-29 15:38:50,148 [WARN] CodeGenerator:3760 - IP not found : null
2023-09-29 15:38:50,163 [INFO] CodeEngine:255 - oldGeneratedFile, D:\Pratice\Lab1\Core\Inc\main.h_save
2023-09-29 15:38:50,255 [INFO] CodeEngine:279 - Generated code: D:\Pratice\Lab1\Core\Inc\main.h
2023-09-29 15:38:50,267 [INFO] CodeEngine:255 - oldGeneratedFile, D:\Pratice\Lab1\Core\Src\main.c_save
2023-09-29 15:38:50,449 [INFO] CodeEngine:279 - Generated code: D:\Pratice\Lab1\Core\Src\main.c
2023-09-29 15:38:51,038 [INFO] ProjectBuilder:3064 - Time for Copy HAL[1] : 153mS.
2023-09-29 15:38:51,041 [INFO] ProjectBuilder:4404 - Project Generator version: 4.1.0
2023-09-29 15:38:51,371 [INFO] ConfigFileManager:1457 - The Die is : DIE410
2023-09-29 15:38:52,897 [INFO] ProjectBuilder:4626 - Time for Generating toolchain IDE Files: 1856mS.
2023-09-29 15:38:52,898 [INFO] ProjectBuilder:2935 - Time for Copy CMSIS : 0mS.
2023-09-29 15:38:52,901 [INFO] ProjectBuilder:2935 - Time for Copy CMSIS : 0mS.
2023-09-29 15:53:14,703 [ERROR] LogOutputStream:75 - [STDERR_REDIRECT] 
